{"/root/color.io/backend/src/middleware/auth.ts": {"path":"/root/color.io/backend/src/middleware/auth.ts","statementMap":{"0":{"start":{"line":6,"column":0},"end":{"line":6,"column":7}},"1":{"start":{"line":52,"column":0},"end":{"line":52,"column":7}},"2":{"start":{"line":3,"column":0},"end":{"line":3,"column":56}},"3":{"start":{"line":4,"column":0},"end":{"line":4,"column":45}},"4":{"start":{"line":11,"column":2},"end":{"line":48,"column":3}},"5":{"start":{"line":12,"column":23},"end":{"line":12,"column":48}},"6":{"start":{"line":13,"column":18},"end":{"line":13,"column":43}},"7":{"start":{"line":15,"column":4},"end":{"line":17,"column":5}},"8":{"start":{"line":16,"column":6},"end":{"line":16,"column":73}},"9":{"start":{"line":19,"column":4},"end":{"line":21,"column":5}},"10":{"start":{"line":20,"column":6},"end":{"line":20,"column":60}},"11":{"start":{"line":24,"column":38},"end":{"line":24,"column":77}},"12":{"start":{"line":26,"column":4},"end":{"line":28,"column":5}},"13":{"start":{"line":27,"column":6},"end":{"line":27,"column":75}},"14":{"start":{"line":31,"column":4},"end":{"line":34,"column":6}},"15":{"start":{"line":36,"column":4},"end":{"line":36,"column":11}},"16":{"start":{"line":38,"column":4},"end":{"line":43,"column":5}},"17":{"start":{"line":39,"column":6},"end":{"line":42,"column":9}},"18":{"start":{"line":44,"column":4},"end":{"line":47,"column":7}},"19":{"start":{"line":57,"column":2},"end":{"line":75,"column":3}},"20":{"start":{"line":58,"column":23},"end":{"line":58,"column":48}},"21":{"start":{"line":59,"column":18},"end":{"line":59,"column":43}},"22":{"start":{"line":61,"column":4},"end":{"line":69,"column":5}},"23":{"start":{"line":62,"column":33},"end":{"line":62,"column":72}},"24":{"start":{"line":63,"column":6},"end":{"line":68,"column":7}},"25":{"start":{"line":64,"column":8},"end":{"line":67,"column":10}},"26":{"start":{"line":71,"column":4},"end":{"line":71,"column":11}},"27":{"start":{"line":74,"column":4},"end":{"line":74,"column":11}}},"fnMap":{"0":{"name":"authenticateToken","decl":{"start":{"line":6,"column":22},"end":{"line":6,"column":39}},"loc":{"start":{"line":9,"column":20},"end":{"line":49,"column":1}}},"1":{"name":"optionalAuth","decl":{"start":{"line":52,"column":22},"end":{"line":52,"column":34}},"loc":{"start":{"line":55,"column":20},"end":{"line":76,"column":1}}}},"branchMap":{"0":{"loc":{"start":{"line":15,"column":4},"end":{"line":17,"column":5}},"type":"if","locations":[{"start":{"line":15,"column":4},"end":{"line":17,"column":5}}]},"1":{"loc":{"start":{"line":19,"column":4},"end":{"line":21,"column":5}},"type":"if","locations":[{"start":{"line":19,"column":4},"end":{"line":21,"column":5}}]},"2":{"loc":{"start":{"line":26,"column":4},"end":{"line":28,"column":5}},"type":"if","locations":[{"start":{"line":26,"column":4},"end":{"line":28,"column":5}}]},"3":{"loc":{"start":{"line":26,"column":8},"end":{"line":26,"column":22}},"type":"binary-expr","locations":[{"start":{"line":26,"column":8},"end":{"line":26,"column":13}},{"start":{"line":26,"column":17},"end":{"line":26,"column":22}}]},"4":{"loc":{"start":{"line":33,"column":13},"end":{"line":33,"column":29}},"type":"binary-expr","locations":[{"start":{"line":33,"column":13},"end":{"line":33,"column":23}},{"start":{"line":33,"column":27},"end":{"line":33,"column":29}}]},"5":{"loc":{"start":{"line":38,"column":4},"end":{"line":43,"column":5}},"type":"if","locations":[{"start":{"line":38,"column":4},"end":{"line":43,"column":5}}]},"6":{"loc":{"start":{"line":61,"column":4},"end":{"line":69,"column":5}},"type":"if","locations":[{"start":{"line":61,"column":4},"end":{"line":69,"column":5}}]},"7":{"loc":{"start":{"line":61,"column":8},"end":{"line":61,"column":30}},"type":"binary-expr","locations":[{"start":{"line":61,"column":8},"end":{"line":61,"column":13}},{"start":{"line":61,"column":17},"end":{"line":61,"column":30}}]},"8":{"loc":{"start":{"line":63,"column":6},"end":{"line":68,"column":7}},"type":"if","locations":[{"start":{"line":63,"column":6},"end":{"line":68,"column":7}}]},"9":{"loc":{"start":{"line":66,"column":17},"end":{"line":66,"column":33}},"type":"binary-expr","locations":[{"start":{"line":66,"column":17},"end":{"line":66,"column":27}},{"start":{"line":66,"column":31},"end":{"line":66,"column":33}}]}},"s":{"0":1,"1":1,"2":1,"3":1,"4":6,"5":6,"6":6,"7":6,"8":2,"9":4,"10":0,"11":4,"12":3,"13":1,"14":2,"15":2,"16":4,"17":3,"18":1,"19":5,"20":5,"21":5,"22":5,"23":4,"24":3,"25":2,"26":4,"27":1},"f":{"0":6,"1":5},"b":{"0":[2],"1":[0],"2":[1],"3":[3,2],"4":[2,1],"5":[3],"6":[4],"7":[5,4],"8":[2],"9":[2,1]}}
,"/root/color.io/backend/src/middleware/errorHandler.ts": {"path":"/root/color.io/backend/src/middleware/errorHandler.ts","statementMap":{"0":{"start":{"line":15,"column":0},"end":{"line":15,"column":16}},"1":{"start":{"line":8,"column":4},"end":{"line":8,"column":19}},"2":{"start":{"line":9,"column":4},"end":{"line":9,"column":33}},"3":{"start":{"line":10,"column":4},"end":{"line":10,"column":21}},"4":{"start":{"line":11,"column":4},"end":{"line":11,"column":52}},"5":{"start":{"line":3,"column":0},"end":{"line":3,"column":13}},"6":{"start":{"line":21,"column":20},"end":{"line":21,"column":46}},"7":{"start":{"line":22,"column":23},"end":{"line":22,"column":60}},"8":{"start":{"line":25,"column":2},"end":{"line":31,"column":6}},"9":{"start":{"line":33,"column":2},"end":{"line":39,"column":3}},"10":{"start":{"line":34,"column":4},"end":{"line":38,"column":7}},"11":{"start":{"line":42,"column":2},"end":{"line":48,"column":3}},"12":{"start":{"line":43,"column":4},"end":{"line":47,"column":7}},"13":{"start":{"line":51,"column":2},"end":{"line":55,"column":5}}},"fnMap":{"0":{"name":"(anonymous_0)","decl":{"start":{"line":7,"column":2},"end":{"line":7,"column":14}},"loc":{"start":{"line":7,"column":64},"end":{"line":12,"column":3}}},"1":{"name":"errorHandler","decl":{"start":{"line":15,"column":16},"end":{"line":15,"column":28}},"loc":{"start":{"line":19,"column":21},"end":{"line":56,"column":1}}}},"branchMap":{"0":{"loc":{"start":{"line":21,"column":20},"end":{"line":21,"column":46}},"type":"binary-expr","locations":[{"start":{"line":21,"column":20},"end":{"line":21,"column":33}},{"start":{"line":21,"column":37},"end":{"line":21,"column":46}}]},"1":{"loc":{"start":{"line":28,"column":11},"end":{"line":28,"column":47}},"type":"cond-expr","locations":[{"start":{"line":28,"column":26},"end":{"line":28,"column":35}},{"start":{"line":28,"column":38},"end":{"line":28,"column":47}}]},"2":{"loc":{"start":{"line":33,"column":2},"end":{"line":39,"column":3}},"type":"if","locations":[{"start":{"line":33,"column":2},"end":{"line":39,"column":3}}]},"3":{"loc":{"start":{"line":42,"column":2},"end":{"line":48,"column":3}},"type":"if","locations":[{"start":{"line":42,"column":2},"end":{"line":48,"column":3}}]},"4":{"loc":{"start":{"line":45,"column":15},"end":{"line":45,"column":61}},"type":"cond-expr","locations":[{"start":{"line":45,"column":30},"end":{"line":45,"column":39}},{"start":{"line":45,"column":43},"end":{"line":45,"column":61}}]},"5":{"loc":{"start":{"line":52,"column":11},"end":{"line":52,"column":63}},"type":"cond-expr","locations":[{"start":{"line":52,"column":26},"end":{"line":52,"column":49}},{"start":{"line":52,"column":52},"end":{"line":52,"column":63}}]},"6":{"loc":{"start":{"line":54,"column":8},"end":{"line":54,"column":48}},"type":"cond-expr","locations":[{"start":{"line":54,"column":23},"end":{"line":54,"column":25}},{"start":{"line":54,"column":28},"end":{"line":54,"column":48}}]}},"s":{"0":3,"1":10,"2":10,"3":10,"4":10,"5":3,"6":6,"7":6,"8":6,"9":6,"10":3,"11":3,"12":1,"13":2},"f":{"0":10,"1":6},"b":{"0":[6,1],"1":[1,5],"2":[3],"3":[1],"4":[0,1],"5":[1,1],"6":[1,1]}}
,"/root/color.io/backend/src/middleware/requestLogger.ts": {"path":"/root/color.io/backend/src/middleware/requestLogger.ts","statementMap":{"0":{"start":{"line":13,"column":0},"end":{"line":13,"column":16}},"1":{"start":{"line":2,"column":0},"end":{"line":2,"column":28}},"2":{"start":{"line":15,"column":2},"end":{"line":15,"column":50}},"3":{"start":{"line":18,"column":2},"end":{"line":18,"column":47}},"4":{"start":{"line":20,"column":16},"end":{"line":20,"column":26}},"5":{"start":{"line":23,"column":2},"end":{"line":43,"column":5}},"6":{"start":{"line":24,"column":21},"end":{"line":24,"column":39}},"7":{"start":{"line":25,"column":20},"end":{"line":33,"column":6}},"8":{"start":{"line":36,"column":4},"end":{"line":42,"column":5}},"9":{"start":{"line":37,"column":6},"end":{"line":39,"column":7}},"10":{"start":{"line":38,"column":8},"end":{"line":38,"column":45}},"11":{"start":{"line":41,"column":6},"end":{"line":41,"column":116}},"12":{"start":{"line":45,"column":2},"end":{"line":45,"column":9}}},"fnMap":{"0":{"name":"requestLogger","decl":{"start":{"line":13,"column":16},"end":{"line":13,"column":29}},"loc":{"start":{"line":13,"column":77},"end":{"line":46,"column":1}}},"1":{"name":"(anonymous_2)","decl":{"start":{"line":23,"column":19},"end":{"line":23,"column":22}},"loc":{"start":{"line":23,"column":24},"end":{"line":43,"column":3}}}},"branchMap":{"0":{"loc":{"start":{"line":32,"column":10},"end":{"line":32,"column":44}},"type":"binary-expr","locations":[{"start":{"line":32,"column":10},"end":{"line":32,"column":16}},{"start":{"line":32,"column":20},"end":{"line":32,"column":44}}]},"1":{"loc":{"start":{"line":36,"column":4},"end":{"line":42,"column":5}},"type":"if","locations":[{"start":{"line":36,"column":4},"end":{"line":42,"column":5}},{"start":{"line":40,"column":11},"end":{"line":42,"column":5}}]},"2":{"loc":{"start":{"line":37,"column":6},"end":{"line":39,"column":7}},"type":"if","locations":[{"start":{"line":37,"column":6},"end":{"line":39,"column":7}}]},"3":{"loc":{"start":{"line":37,"column":10},"end":{"line":37,"column":50}},"type":"binary-expr","locations":[{"start":{"line":37,"column":10},"end":{"line":37,"column":31}},{"start":{"line":37,"column":35},"end":{"line":37,"column":50}}]}},"s":{"0":1,"1":1,"2":4,"3":4,"4":4,"5":4,"6":0,"7":0,"8":0,"9":0,"10":0,"11":0,"12":4},"f":{"0":4,"1":0},"b":{"0":[0,0],"1":[0,0],"2":[0],"3":[0,0]}}
,"/root/color.io/backend/src/routes/auth.ts": {"path":"/root/color.io/backend/src/routes/auth.ts","statementMap":{"0":{"start":{"line":1,"column":0},"end":{"line":1,"column":33}},"1":{"start":{"line":4,"column":13},"end":{"line":4,"column":35}},"2":{"start":{"line":13,"column":0},"end":{"line":27,"column":3}},"3":{"start":{"line":14,"column":2},"end":{"line":26,"column":3}},"4":{"start":{"line":15,"column":22},"end":{"line":15,"column":30}},"5":{"start":{"line":17,"column":4},"end":{"line":19,"column":5}},"6":{"start":{"line":18,"column":6},"end":{"line":18,"column":63}},"7":{"start":{"line":23,"column":4},"end":{"line":23,"column":30}},"8":{"start":{"line":25,"column":4},"end":{"line":25,"column":53}}},"fnMap":{"0":{"name":"(anonymous_0)","decl":{"start":{"line":13,"column":27},"end":{"line":13,"column":32}},"loc":{"start":{"line":13,"column":65},"end":{"line":27,"column":1}}}},"branchMap":{"0":{"loc":{"start":{"line":17,"column":4},"end":{"line":19,"column":5}},"type":"if","locations":[{"start":{"line":17,"column":4},"end":{"line":19,"column":5}}]}},"s":{"0":1,"1":1,"2":1,"3":5,"4":5,"5":5,"6":3,"7":2,"8":0},"f":{"0":5},"b":{"0":[3]}}
,"/root/color.io/backend/src/routes/colors.ts": {"path":"/root/color.io/backend/src/routes/colors.ts","statementMap":{"0":{"start":{"line":1,"column":0},"end":{"line":1,"column":33}},"1":{"start":{"line":3,"column":0},"end":{"line":3,"column":26}},"2":{"start":{"line":4,"column":0},"end":{"line":4,"column":24}},"3":{"start":{"line":5,"column":0},"end":{"line":5,"column":57}},"4":{"start":{"line":8,"column":13},"end":{"line":8,"column":37}},"5":{"start":{"line":12,"column":16},"end":{"line":12,"column":102}},"6":{"start":{"line":12,"column":31},"end":{"line":12,"column":102}},"7":{"start":{"line":13,"column":2},"end":{"line":13,"column":60}},"8":{"start":{"line":17,"column":2},"end":{"line":17,"column":11}},"9":{"start":{"line":18,"column":2},"end":{"line":18,"column":11}},"10":{"start":{"line":19,"column":2},"end":{"line":19,"column":11}},"11":{"start":{"line":21,"column":14},"end":{"line":21,"column":31}},"12":{"start":{"line":22,"column":14},"end":{"line":22,"column":31}},"13":{"start":{"line":23,"column":10},"end":{"line":23,"column":11}},"14":{"start":{"line":24,"column":10},"end":{"line":24,"column":11}},"15":{"start":{"line":25,"column":12},"end":{"line":25,"column":27}},"16":{"start":{"line":27,"column":2},"end":{"line":35,"column":3}},"17":{"start":{"line":28,"column":14},"end":{"line":28,"column":23}},"18":{"start":{"line":29,"column":4},"end":{"line":29,"column":56}},"19":{"start":{"line":30,"column":4},"end":{"line":34,"column":5}},"20":{"start":{"line":31,"column":14},"end":{"line":31,"column":54}},"21":{"start":{"line":31,"column":55},"end":{"line":31,"column":61}},"22":{"start":{"line":32,"column":14},"end":{"line":32,"column":40}},"23":{"start":{"line":32,"column":41},"end":{"line":32,"column":47}},"24":{"start":{"line":33,"column":14},"end":{"line":33,"column":40}},"25":{"start":{"line":33,"column":41},"end":{"line":33,"column":47}},"26":{"start":{"line":37,"column":2},"end":{"line":41,"column":4}},"27":{"start":{"line":46,"column":16},"end":{"line":46,"column":33}},"28":{"start":{"line":47,"column":13},"end":{"line":47,"column":24}},"29":{"start":{"line":48,"column":13},"end":{"line":48,"column":24}},"30":{"start":{"line":49,"column":13},"end":{"line":49,"column":24}},"31":{"start":{"line":51,"column":2},"end":{"line":55,"column":4}},"32":{"start":{"line":60,"column":2},"end":{"line":60,"column":37}},"33":{"start":{"line":60,"column":27},"end":{"line":60,"column":37}},"34":{"start":{"line":61,"column":2},"end":{"line":61,"column":40}},"35":{"start":{"line":61,"column":26},"end":{"line":61,"column":40}},"36":{"start":{"line":64,"column":27},"end":{"line":64,"column":29}},"37":{"start":{"line":65,"column":2},"end":{"line":65,"column":68}},"38":{"start":{"line":67,"column":2},"end":{"line":81,"column":3}},"39":{"start":{"line":67,"column":15},"end":{"line":67,"column":16}},"40":{"start":{"line":68,"column":22},"end":{"line":71,"column":6}},"41":{"start":{"line":69,"column":22},"end":{"line":69,"column":73}},"42":{"start":{"line":69,"column":55},"end":{"line":69,"column":71}},"43":{"start":{"line":70,"column":6},"end":{"line":70,"column":31}},"44":{"start":{"line":72,"column":16},"end":{"line":72,"column":52}},"45":{"start":{"line":72,"column":43},"end":{"line":72,"column":48}},"46":{"start":{"line":73,"column":17},"end":{"line":73,"column":36}},"47":{"start":{"line":74,"column":4},"end":{"line":80,"column":5}},"48":{"start":{"line":74,"column":17},"end":{"line":74,"column":18}},"49":{"start":{"line":75,"column":6},"end":{"line":75,"column":29}},"50":{"start":{"line":76,"column":6},"end":{"line":79,"column":7}},"51":{"start":{"line":77,"column":8},"end":{"line":77,"column":34}},"52":{"start":{"line":78,"column":8},"end":{"line":78,"column":14}},"53":{"start":{"line":84,"column":2},"end":{"line":111,"column":3}},"54":{"start":{"line":84,"column":18},"end":{"line":84,"column":19}},"55":{"start":{"line":86,"column":30},"end":{"line":86,"column":65}},"56":{"start":{"line":86,"column":62},"end":{"line":86,"column":64}},"57":{"start":{"line":88,"column":4},"end":{"line":99,"column":5}},"58":{"start":{"line":89,"column":20},"end":{"line":89,"column":28}},"59":{"start":{"line":90,"column":23},"end":{"line":90,"column":24}},"60":{"start":{"line":91,"column":6},"end":{"line":97,"column":7}},"61":{"start":{"line":91,"column":19},"end":{"line":91,"column":20}},"62":{"start":{"line":92,"column":21},"end":{"line":92,"column":48}},"63":{"start":{"line":93,"column":8},"end":{"line":96,"column":9}},"64":{"start":{"line":94,"column":10},"end":{"line":94,"column":25}},"65":{"start":{"line":95,"column":10},"end":{"line":95,"column":25}},"66":{"start":{"line":98,"column":6},"end":{"line":98,"column":39}},"67":{"start":{"line":102,"column":4},"end":{"line":110,"column":5}},"68":{"start":{"line":102,"column":17},"end":{"line":102,"column":18}},"69":{"start":{"line":103,"column":6},"end":{"line":109,"column":7}},"70":{"start":{"line":104,"column":8},"end":{"line":108,"column":10}},"71":{"start":{"line":105,"column":53},"end":{"line":105,"column":60}},"72":{"start":{"line":106,"column":53},"end":{"line":106,"column":60}},"73":{"start":{"line":107,"column":53},"end":{"line":107,"column":60}},"74":{"start":{"line":113,"column":2},"end":{"line":113,"column":19}},"75":{"start":{"line":118,"column":28},"end":{"line":118,"column":30}},"76":{"start":{"line":120,"column":2},"end":{"line":127,"column":3}},"77":{"start":{"line":121,"column":22},"end":{"line":122,"column":null}},"78":{"start":{"line":122,"column":20},"end":{"line":122,"column":63}},"79":{"start":{"line":124,"column":4},"end":{"line":126,"column":5}},"80":{"start":{"line":125,"column":6},"end":{"line":125,"column":27}},"81":{"start":{"line":129,"column":2},"end":{"line":129,"column":18}},"82":{"start":{"line":133,"column":22},"end":{"line":140,"column":2}},"83":{"start":{"line":138,"column":20},"end":{"line":138,"column":53}},"84":{"start":{"line":146,"column":0},"end":{"line":251,"column":3}},"85":{"start":{"line":147,"column":20},"end":{"line":147,"column":30}},"86":{"start":{"line":149,"column":2},"end":{"line":250,"column":3}},"87":{"start":{"line":150,"column":22},"end":{"line":150,"column":51}},"88":{"start":{"line":151,"column":59},"end":{"line":151,"column":68}},"89":{"start":{"line":154,"column":25},"end":{"line":154,"column":83}},"90":{"start":{"line":159,"column":4},"end":{"line":172,"column":5}},"91":{"start":{"line":161,"column":25},"end":{"line":161,"column":76}},"92":{"start":{"line":162,"column":6},"end":{"line":162,"column":54}},"93":{"start":{"line":163,"column":11},"end":{"line":172,"column":5}},"94":{"start":{"line":164,"column":23},"end":{"line":164,"column":44}},"95":{"start":{"line":165,"column":6},"end":{"line":167,"column":7}},"96":{"start":{"line":166,"column":8},"end":{"line":166,"column":57}},"97":{"start":{"line":168,"column":26},"end":{"line":168,"column":54}},"98":{"start":{"line":169,"column":6},"end":{"line":169,"column":45}},"99":{"start":{"line":171,"column":6},"end":{"line":171,"column":51}},"100":{"start":{"line":175,"column":18},"end":{"line":175,"column":36}},"101":{"start":{"line":176,"column":21},"end":{"line":176,"column":43}},"102":{"start":{"line":178,"column":4},"end":{"line":180,"column":5}},"103":{"start":{"line":179,"column":6},"end":{"line":179,"column":47}},"104":{"start":{"line":183,"column":25},"end":{"line":186,"column":44}},"105":{"start":{"line":189,"column":27},"end":{"line":189,"column":39}},"106":{"start":{"line":190,"column":26},"end":{"line":190,"column":28}},"107":{"start":{"line":192,"column":4},"end":{"line":198,"column":5}},"108":{"start":{"line":192,"column":17},"end":{"line":192,"column":18}},"109":{"start":{"line":193,"column":6},"end":{"line":197,"column":9}},"110":{"start":{"line":201,"column":21},"end":{"line":201,"column":65}},"111":{"start":{"line":204,"column":26},"end":{"line":211,"column":6}},"112":{"start":{"line":205,"column":18},"end":{"line":205,"column":47}},"113":{"start":{"line":206,"column":6},"end":{"line":210,"column":8}},"114":{"start":{"line":214,"column":4},"end":{"line":214,"column":41}},"115":{"start":{"line":217,"column":4},"end":{"line":222,"column":7}},"116":{"start":{"line":219,"column":21},"end":{"line":219,"column":72}},"117":{"start":{"line":220,"column":21},"end":{"line":220,"column":72}},"118":{"start":{"line":221,"column":6},"end":{"line":221,"column":29}},"119":{"start":{"line":225,"column":4},"end":{"line":225,"column":41}},"120":{"start":{"line":228,"column":26},"end":{"line":232,"column":17}},"121":{"start":{"line":229,"column":20},"end":{"line":229,"column":82}},"122":{"start":{"line":230,"column":24},"end":{"line":230,"column":83}},"123":{"start":{"line":231,"column":6},"end":{"line":231,"column":46}},"124":{"start":{"line":234,"column":27},"end":{"line":234,"column":49}},"125":{"start":{"line":236,"column":4},"end":{"line":242,"column":7}},"126":{"start":{"line":244,"column":4},"end":{"line":246,"column":5}},"127":{"start":{"line":245,"column":6},"end":{"line":245,"column":89}},"128":{"start":{"line":247,"column":4},"end":{"line":247,"column":47}},"129":{"start":{"line":247,"column":35},"end":{"line":247,"column":47}},"130":{"start":{"line":248,"column":4},"end":{"line":248,"column":52}},"131":{"start":{"line":249,"column":4},"end":{"line":249,"column":56}}},"fnMap":{"0":{"name":"rgbToHex","decl":{"start":{"line":11,"column":9},"end":{"line":11,"column":17}},"loc":{"start":{"line":11,"column":49},"end":{"line":14,"column":1}}},"1":{"name":"(anonymous_2)","decl":{"start":{"line":12,"column":16},"end":{"line":12,"column":17}},"loc":{"start":{"line":12,"column":31},"end":{"line":12,"column":102}}},"2":{"name":"rgbToHsl","decl":{"start":{"line":16,"column":9},"end":{"line":16,"column":17}},"loc":{"start":{"line":16,"column":49},"end":{"line":42,"column":1}}},"3":{"name":"deltaE","decl":{"start":{"line":44,"column":9},"end":{"line":44,"column":15}},"loc":{"start":{"line":44,"column":32},"end":{"line":56,"column":1}}},"4":{"name":"kMeansClustering","decl":{"start":{"line":59,"column":9},"end":{"line":59,"column":25}},"loc":{"start":{"line":59,"column":75},"end":{"line":114,"column":1}}},"5":{"name":"(anonymous_6)","decl":{"start":{"line":68,"column":33},"end":{"line":68,"column":34}},"loc":{"start":{"line":68,"column":43},"end":{"line":71,"column":5}}},"6":{"name":"(anonymous_7)","decl":{"start":{"line":69,"column":48},"end":{"line":69,"column":49}},"loc":{"start":{"line":69,"column":55},"end":{"line":69,"column":71}}},"7":{"name":"(anonymous_8)","decl":{"start":{"line":72,"column":33},"end":{"line":72,"column":34}},"loc":{"start":{"line":72,"column":43},"end":{"line":72,"column":48}}},"8":{"name":"(anonymous_9)","decl":{"start":{"line":86,"column":56},"end":{"line":86,"column":59}},"loc":{"start":{"line":86,"column":62},"end":{"line":86,"column":64}}},"9":{"name":"(anonymous_10)","decl":{"start":{"line":105,"column":43},"end":{"line":105,"column":44}},"loc":{"start":{"line":105,"column":53},"end":{"line":105,"column":60}}},"10":{"name":"(anonymous_11)","decl":{"start":{"line":106,"column":43},"end":{"line":106,"column":44}},"loc":{"start":{"line":106,"column":53},"end":{"line":106,"column":60}}},"11":{"name":"(anonymous_12)","decl":{"start":{"line":107,"column":43},"end":{"line":107,"column":44}},"loc":{"start":{"line":107,"column":53},"end":{"line":107,"column":60}}},"12":{"name":"filterSimilarColors","decl":{"start":{"line":117,"column":9},"end":{"line":117,"column":28}},"loc":{"start":{"line":117,"column":68},"end":{"line":130,"column":1}}},"13":{"name":"(anonymous_14)","decl":{"start":{"line":122,"column":6},"end":{"line":122,"column":7}},"loc":{"start":{"line":122,"column":20},"end":{"line":122,"column":63}}},"14":{"name":"(anonymous_15)","decl":{"start":{"line":138,"column":10},"end":{"line":138,"column":11}},"loc":{"start":{"line":138,"column":20},"end":{"line":138,"column":53}}},"15":{"name":"(anonymous_16)","decl":{"start":{"line":146,"column":30},"end":{"line":146,"column":35}},"loc":{"start":{"line":146,"column":68},"end":{"line":251,"column":1}}},"16":{"name":"(anonymous_17)","decl":{"start":{"line":204,"column":39},"end":{"line":204,"column":40}},"loc":{"start":{"line":204,"column":47},"end":{"line":211,"column":5}}},"17":{"name":"(anonymous_18)","decl":{"start":{"line":217,"column":16},"end":{"line":217,"column":17}},"loc":{"start":{"line":217,"column":25},"end":{"line":222,"column":5}}},"18":{"name":"(anonymous_19)","decl":{"start":{"line":228,"column":40},"end":{"line":228,"column":41}},"loc":{"start":{"line":228,"column":56},"end":{"line":232,"column":5}}}},"branchMap":{"0":{"loc":{"start":{"line":27,"column":2},"end":{"line":35,"column":3}},"type":"if","locations":[{"start":{"line":27,"column":2},"end":{"line":35,"column":3}}]},"1":{"loc":{"start":{"line":29,"column":8},"end":{"line":29,"column":55}},"type":"cond-expr","locations":[{"start":{"line":29,"column":18},"end":{"line":29,"column":37}},{"start":{"line":29,"column":40},"end":{"line":29,"column":55}}]},"2":{"loc":{"start":{"line":30,"column":4},"end":{"line":34,"column":5}},"type":"switch","locations":[{"start":{"line":31,"column":6},"end":{"line":31,"column":61}},{"start":{"line":32,"column":6},"end":{"line":32,"column":47}},{"start":{"line":33,"column":6},"end":{"line":33,"column":47}}]},"3":{"loc":{"start":{"line":31,"column":34},"end":{"line":31,"column":47}},"type":"cond-expr","locations":[{"start":{"line":31,"column":42},"end":{"line":31,"column":43}},{"start":{"line":31,"column":46},"end":{"line":31,"column":47}}]},"4":{"loc":{"start":{"line":59,"column":52},"end":{"line":59,"column":75}},"type":"default-arg","locations":[{"start":{"line":59,"column":73},"end":{"line":59,"column":75}}]},"5":{"loc":{"start":{"line":60,"column":2},"end":{"line":60,"column":37}},"type":"if","locations":[{"start":{"line":60,"column":2},"end":{"line":60,"column":37}}]},"6":{"loc":{"start":{"line":61,"column":2},"end":{"line":61,"column":40}},"type":"if","locations":[{"start":{"line":61,"column":2},"end":{"line":61,"column":40}}]},"7":{"loc":{"start":{"line":76,"column":6},"end":{"line":79,"column":7}},"type":"if","locations":[{"start":{"line":76,"column":6},"end":{"line":79,"column":7}}]},"8":{"loc":{"start":{"line":93,"column":8},"end":{"line":96,"column":9}},"type":"if","locations":[{"start":{"line":93,"column":8},"end":{"line":96,"column":9}}]},"9":{"loc":{"start":{"line":103,"column":6},"end":{"line":109,"column":7}},"type":"if","locations":[{"start":{"line":103,"column":6},"end":{"line":109,"column":7}}]},"10":{"loc":{"start":{"line":117,"column":46},"end":{"line":117,"column":68}},"type":"default-arg","locations":[{"start":{"line":117,"column":66},"end":{"line":117,"column":68}}]},"11":{"loc":{"start":{"line":124,"column":4},"end":{"line":126,"column":5}},"type":"if","locations":[{"start":{"line":124,"column":4},"end":{"line":126,"column":5}}]},"12":{"loc":{"start":{"line":138,"column":20},"end":{"line":138,"column":53}},"type":"binary-expr","locations":[{"start":{"line":138,"column":20},"end":{"line":138,"column":36}},{"start":{"line":138,"column":40},"end":{"line":138,"column":53}}]},"13":{"loc":{"start":{"line":154,"column":25},"end":{"line":154,"column":83}},"type":"cond-expr","locations":[{"start":{"line":154,"column":45},"end":{"line":154,"column":48}},{"start":{"line":154,"column":51},"end":{"line":154,"column":83}}]},"14":{"loc":{"start":{"line":154,"column":51},"end":{"line":154,"column":83}},"type":"cond-expr","locations":[{"start":{"line":154,"column":74},"end":{"line":154,"column":77}},{"start":{"line":154,"column":80},"end":{"line":154,"column":83}}]},"15":{"loc":{"start":{"line":159,"column":4},"end":{"line":172,"column":5}},"type":"if","locations":[{"start":{"line":159,"column":4},"end":{"line":172,"column":5}},{"start":{"line":163,"column":11},"end":{"line":172,"column":5}}]},"16":{"loc":{"start":{"line":163,"column":11},"end":{"line":172,"column":5}},"type":"if","locations":[{"start":{"line":163,"column":11},"end":{"line":172,"column":5}},{"start":{"line":170,"column":11},"end":{"line":172,"column":5}}]},"17":{"loc":{"start":{"line":165,"column":6},"end":{"line":167,"column":7}},"type":"if","locations":[{"start":{"line":165,"column":6},"end":{"line":167,"column":7}}]},"18":{"loc":{"start":{"line":178,"column":4},"end":{"line":180,"column":5}},"type":"if","locations":[{"start":{"line":178,"column":4},"end":{"line":180,"column":5}}]},"19":{"loc":{"start":{"line":178,"column":8},"end":{"line":178,"column":43}},"type":"binary-expr","locations":[{"start":{"line":178,"column":8},"end":{"line":178,"column":23}},{"start":{"line":178,"column":27},"end":{"line":178,"column":43}}]},"20":{"loc":{"start":{"line":229,"column":35},"end":{"line":229,"column":81}},"type":"cond-expr","locations":[{"start":{"line":229,"column":74},"end":{"line":229,"column":75}},{"start":{"line":229,"column":78},"end":{"line":229,"column":81}}]},"21":{"loc":{"start":{"line":229,"column":35},"end":{"line":229,"column":71}},"type":"binary-expr","locations":[{"start":{"line":229,"column":35},"end":{"line":229,"column":51}},{"start":{"line":229,"column":55},"end":{"line":229,"column":71}}]},"22":{"loc":{"start":{"line":230,"column":38},"end":{"line":230,"column":82}},"type":"cond-expr","locations":[{"start":{"line":230,"column":75},"end":{"line":230,"column":76}},{"start":{"line":230,"column":79},"end":{"line":230,"column":82}}]},"23":{"loc":{"start":{"line":230,"column":38},"end":{"line":230,"column":72}},"type":"binary-expr","locations":[{"start":{"line":230,"column":38},"end":{"line":230,"column":53}},{"start":{"line":230,"column":57},"end":{"line":230,"column":72}}]},"24":{"loc":{"start":{"line":231,"column":13},"end":{"line":231,"column":45}},"type":"cond-expr","locations":[{"start":{"line":231,"column":33},"end":{"line":231,"column":38}},{"start":{"line":231,"column":41},"end":{"line":231,"column":45}}]},"25":{"loc":{"start":{"line":244,"column":4},"end":{"line":246,"column":5}},"type":"if","locations":[{"start":{"line":244,"column":4},"end":{"line":246,"column":5}}]},"26":{"loc":{"start":{"line":247,"column":4},"end":{"line":247,"column":47}},"type":"if","locations":[{"start":{"line":247,"column":4},"end":{"line":247,"column":47}}]}},"s":{"0":0,"1":0,"2":0,"3":0,"4":0,"5":0,"6":0,"7":0,"8":0,"9":0,"10":0,"11":0,"12":0,"13":0,"14":0,"15":0,"16":0,"17":0,"18":0,"19":0,"20":0,"21":0,"22":0,"23":0,"24":0,"25":0,"26":0,"27":0,"28":0,"29":0,"30":0,"31":0,"32":0,"33":0,"34":0,"35":0,"36":0,"37":0,"38":0,"39":0,"40":0,"41":0,"42":0,"43":0,"44":0,"45":0,"46":0,"47":0,"48":0,"49":0,"50":0,"51":0,"52":0,"53":0,"54":0,"55":0,"56":0,"57":0,"58":0,"59":0,"60":0,"61":0,"62":0,"63":0,"64":0,"65":0,"66":0,"67":0,"68":0,"69":0,"70":0,"71":0,"72":0,"73":0,"74":0,"75":0,"76":0,"77":0,"78":0,"79":0,"80":0,"81":0,"82":0,"83":0,"84":0,"85":0,"86":0,"87":0,"88":0,"89":0,"90":0,"91":0,"92":0,"93":0,"94":0,"95":0,"96":0,"97":0,"98":0,"99":0,"100":0,"101":0,"102":0,"103":0,"104":0,"105":0,"106":0,"107":0,"108":0,"109":0,"110":0,"111":0,"112":0,"113":0,"114":0,"115":0,"116":0,"117":0,"118":0,"119":0,"120":0,"121":0,"122":0,"123":0,"124":0,"125":0,"126":0,"127":0,"128":0,"129":0,"130":0,"131":0},"f":{"0":0,"1":0,"2":0,"3":0,"4":0,"5":0,"6":0,"7":0,"8":0,"9":0,"10":0,"11":0,"12":0,"13":0,"14":0,"15":0,"16":0,"17":0,"18":0},"b":{"0":[0],"1":[0,0],"2":[0,0,0],"3":[0,0],"4":[0],"5":[0],"6":[0],"7":[0],"8":[0],"9":[0],"10":[0],"11":[0],"12":[0,0],"13":[0,0],"14":[0,0],"15":[0,0],"16":[0,0],"17":[0],"18":[0],"19":[0,0],"20":[0,0],"21":[0,0],"22":[0,0],"23":[0,0],"24":[0,0],"25":[0],"26":[0]}}
,"/root/color.io/backend/src/routes/feed.ts": {"path":"/root/color.io/backend/src/routes/feed.ts","statementMap":{"0":{"start":{"line":1,"column":0},"end":{"line":1,"column":33}},"1":{"start":{"line":4,"column":0},"end":{"line":4,"column":72}},"2":{"start":{"line":5,"column":0},"end":{"line":5,"column":56}},"3":{"start":{"line":6,"column":0},"end":{"line":6,"column":57}},"4":{"start":{"line":8,"column":13},"end":{"line":8,"column":35}},"5":{"start":{"line":15,"column":0},"end":{"line":119,"column":3}},"6":{"start":{"line":16,"column":2},"end":{"line":118,"column":3}},"7":{"start":{"line":17,"column":4},"end":{"line":19,"column":5}},"8":{"start":{"line":18,"column":6},"end":{"line":18,"column":46}},"9":{"start":{"line":21,"column":56},"end":{"line":21,"column":65}},"10":{"start":{"line":22,"column":21},"end":{"line":22,"column":66}},"11":{"start":{"line":24,"column":16},"end":{"line":35,"column":26}},"12":{"start":{"line":38,"column":4},"end":{"line":40,"column":5}},"13":{"start":{"line":39,"column":6},"end":{"line":39,"column":45}},"14":{"start":{"line":43,"column":4},"end":{"line":70,"column":5}},"15":{"start":{"line":46,"column":8},"end":{"line":46,"column":65}},"16":{"start":{"line":47,"column":8},"end":{"line":47,"column":14}},"17":{"start":{"line":49,"column":8},"end":{"line":49,"column":64}},"18":{"start":{"line":50,"column":8},"end":{"line":50,"column":14}},"19":{"start":{"line":52,"column":8},"end":{"line":54,"column":9}},"20":{"start":{"line":53,"column":10},"end":{"line":53,"column":80}},"21":{"start":{"line":56,"column":36},"end":{"line":59,"column":41}},"22":{"start":{"line":61,"column":28},"end":{"line":61,"column":71}},"23":{"start":{"line":61,"column":50},"end":{"line":61,"column":64}},"24":{"start":{"line":62,"column":8},"end":{"line":64,"column":9}},"25":{"start":{"line":63,"column":10},"end":{"line":63,"column":56}},"26":{"start":{"line":65,"column":8},"end":{"line":65,"column":49}},"27":{"start":{"line":66,"column":8},"end":{"line":66,"column":64}},"28":{"start":{"line":67,"column":8},"end":{"line":67,"column":14}},"29":{"start":{"line":69,"column":8},"end":{"line":69,"column":64}},"30":{"start":{"line":72,"column":28},"end":{"line":72,"column":39}},"31":{"start":{"line":74,"column":4},"end":{"line":74,"column":54}},"32":{"start":{"line":74,"column":15},"end":{"line":74,"column":54}},"33":{"start":{"line":77,"column":20},"end":{"line":77,"column":42}},"34":{"start":{"line":78,"column":21},"end":{"line":78,"column":61}},"35":{"start":{"line":81,"column":36},"end":{"line":81,"column":38}},"36":{"start":{"line":82,"column":4},"end":{"line":89,"column":5}},"37":{"start":{"line":83,"column":30},"end":{"line":87,"column":57}},"38":{"start":{"line":87,"column":51},"end":{"line":87,"column":55}},"39":{"start":{"line":88,"column":6},"end":{"line":88,"column":62}},"40":{"start":{"line":88,"column":42},"end":{"line":88,"column":54}},"41":{"start":{"line":92,"column":23},"end":{"line":92,"column":53}},"42":{"start":{"line":92,"column":48},"end":{"line":92,"column":52}},"43":{"start":{"line":93,"column":36},"end":{"line":96,"column":35}},"44":{"start":{"line":98,"column":28},"end":{"line":101,"column":10}},"45":{"start":{"line":99,"column":6},"end":{"line":99,"column":55}},"46":{"start":{"line":100,"column":6},"end":{"line":100,"column":17}},"47":{"start":{"line":104,"column":29},"end":{"line":108,"column":7}},"48":{"start":{"line":104,"column":61},"end":{"line":108,"column":6}},"49":{"start":{"line":110,"column":4},"end":{"line":114,"column":7}},"50":{"start":{"line":116,"column":4},"end":{"line":116,"column":47}},"51":{"start":{"line":116,"column":35},"end":{"line":116,"column":47}},"52":{"start":{"line":117,"column":4},"end":{"line":117,"column":52}},"53":{"start":{"line":125,"column":0},"end":{"line":182,"column":3}},"54":{"start":{"line":126,"column":2},"end":{"line":181,"column":3}},"55":{"start":{"line":127,"column":4},"end":{"line":129,"column":5}},"56":{"start":{"line":128,"column":6},"end":{"line":128,"column":46}},"57":{"start":{"line":131,"column":37},"end":{"line":131,"column":46}},"58":{"start":{"line":132,"column":21},"end":{"line":132,"column":66}},"59":{"start":{"line":134,"column":4},"end":{"line":136,"column":5}},"60":{"start":{"line":135,"column":6},"end":{"line":135,"column":62}},"61":{"start":{"line":138,"column":16},"end":{"line":149,"column":22}},"62":{"start":{"line":152,"column":4},"end":{"line":154,"column":5}},"63":{"start":{"line":153,"column":6},"end":{"line":153,"column":69}},"64":{"start":{"line":157,"column":4},"end":{"line":169,"column":5}},"65":{"start":{"line":159,"column":39},"end":{"line":162,"column":55}},"66":{"start":{"line":164,"column":25},"end":{"line":164,"column":71}},"67":{"start":{"line":164,"column":52},"end":{"line":164,"column":64}},"68":{"start":{"line":165,"column":6},"end":{"line":167,"column":7}},"69":{"start":{"line":166,"column":8},"end":{"line":166,"column":38}},"70":{"start":{"line":168,"column":6},"end":{"line":168,"column":41}},"71":{"start":{"line":171,"column":4},"end":{"line":171,"column":61}},"72":{"start":{"line":173,"column":28},"end":{"line":173,"column":39}},"73":{"start":{"line":175,"column":4},"end":{"line":175,"column":54}},"74":{"start":{"line":175,"column":15},"end":{"line":175,"column":54}},"75":{"start":{"line":177,"column":4},"end":{"line":177,"column":23}},"76":{"start":{"line":179,"column":4},"end":{"line":179,"column":47}},"77":{"start":{"line":179,"column":35},"end":{"line":179,"column":47}},"78":{"start":{"line":180,"column":4},"end":{"line":180,"column":48}}},"fnMap":{"0":{"name":"(anonymous_0)","decl":{"start":{"line":15,"column":34},"end":{"line":15,"column":39}},"loc":{"start":{"line":15,"column":85},"end":{"line":119,"column":1}}},"1":{"name":"(anonymous_1)","decl":{"start":{"line":61,"column":43},"end":{"line":61,"column":44}},"loc":{"start":{"line":61,"column":50},"end":{"line":61,"column":64}}},"2":{"name":"(anonymous_2)","decl":{"start":{"line":87,"column":39},"end":{"line":87,"column":40}},"loc":{"start":{"line":87,"column":51},"end":{"line":87,"column":55}}},"3":{"name":"(anonymous_3)","decl":{"start":{"line":88,"column":35},"end":{"line":88,"column":36}},"loc":{"start":{"line":88,"column":42},"end":{"line":88,"column":54}}},"4":{"name":"(anonymous_4)","decl":{"start":{"line":92,"column":36},"end":{"line":92,"column":37}},"loc":{"start":{"line":92,"column":48},"end":{"line":92,"column":52}}},"5":{"name":"(anonymous_5)","decl":{"start":{"line":98,"column":57},"end":{"line":98,"column":58}},"loc":{"start":{"line":98,"column":92},"end":{"line":101,"column":5}}},"6":{"name":"(anonymous_6)","decl":{"start":{"line":104,"column":42},"end":{"line":104,"column":43}},"loc":{"start":{"line":104,"column":61},"end":{"line":108,"column":6}}},"7":{"name":"(anonymous_7)","decl":{"start":{"line":125,"column":40},"end":{"line":125,"column":45}},"loc":{"start":{"line":125,"column":91},"end":{"line":182,"column":1}}},"8":{"name":"(anonymous_8)","decl":{"start":{"line":164,"column":45},"end":{"line":164,"column":46}},"loc":{"start":{"line":164,"column":52},"end":{"line":164,"column":64}}}},"branchMap":{"0":{"loc":{"start":{"line":17,"column":4},"end":{"line":19,"column":5}},"type":"if","locations":[{"start":{"line":17,"column":4},"end":{"line":19,"column":5}}]},"1":{"loc":{"start":{"line":21,"column":12},"end":{"line":21,"column":29}},"type":"default-arg","locations":[{"start":{"line":21,"column":19},"end":{"line":21,"column":29}}]},"2":{"loc":{"start":{"line":21,"column":39},"end":{"line":21,"column":51}},"type":"default-arg","locations":[{"start":{"line":21,"column":47},"end":{"line":21,"column":51}}]},"3":{"loc":{"start":{"line":22,"column":30},"end":{"line":22,"column":61}},"type":"binary-expr","locations":[{"start":{"line":22,"column":30},"end":{"line":22,"column":55}},{"start":{"line":22,"column":59},"end":{"line":22,"column":61}}]},"4":{"loc":{"start":{"line":38,"column":4},"end":{"line":40,"column":5}},"type":"if","locations":[{"start":{"line":38,"column":4},"end":{"line":40,"column":5}}]},"5":{"loc":{"start":{"line":43,"column":4},"end":{"line":70,"column":5}},"type":"switch","locations":[{"start":{"line":44,"column":6},"end":{"line":47,"column":14}},{"start":{"line":48,"column":6},"end":{"line":50,"column":14}},{"start":{"line":51,"column":6},"end":{"line":67,"column":14}},{"start":{"line":68,"column":6},"end":{"line":69,"column":64}}]},"6":{"loc":{"start":{"line":52,"column":8},"end":{"line":54,"column":9}},"type":"if","locations":[{"start":{"line":52,"column":8},"end":{"line":54,"column":9}}]},"7":{"loc":{"start":{"line":61,"column":28},"end":{"line":61,"column":71}},"type":"binary-expr","locations":[{"start":{"line":61,"column":28},"end":{"line":61,"column":65}},{"start":{"line":61,"column":69},"end":{"line":61,"column":71}}]},"8":{"loc":{"start":{"line":62,"column":8},"end":{"line":64,"column":9}},"type":"if","locations":[{"start":{"line":62,"column":8},"end":{"line":64,"column":9}}]},"9":{"loc":{"start":{"line":74,"column":4},"end":{"line":74,"column":54}},"type":"if","locations":[{"start":{"line":74,"column":4},"end":{"line":74,"column":54}}]},"10":{"loc":{"start":{"line":78,"column":21},"end":{"line":78,"column":61}},"type":"cond-expr","locations":[{"start":{"line":78,"column":31},"end":{"line":78,"column":54}},{"start":{"line":78,"column":57},"end":{"line":78,"column":61}}]},"11":{"loc":{"start":{"line":82,"column":4},"end":{"line":89,"column":5}},"type":"if","locations":[{"start":{"line":82,"column":4},"end":{"line":89,"column":5}}]},"12":{"loc":{"start":{"line":82,"column":8},"end":{"line":82,"column":39}},"type":"binary-expr","locations":[{"start":{"line":82,"column":8},"end":{"line":82,"column":16}},{"start":{"line":82,"column":20},"end":{"line":82,"column":39}}]},"13":{"loc":{"start":{"line":88,"column":24},"end":{"line":88,"column":61}},"type":"binary-expr","locations":[{"start":{"line":88,"column":24},"end":{"line":88,"column":55}},{"start":{"line":88,"column":59},"end":{"line":88,"column":61}}]},"14":{"loc":{"start":{"line":98,"column":29},"end":{"line":98,"column":48}},"type":"binary-expr","locations":[{"start":{"line":98,"column":29},"end":{"line":98,"column":42}},{"start":{"line":98,"column":46},"end":{"line":98,"column":48}}]},"15":{"loc":{"start":{"line":99,"column":27},"end":{"line":99,"column":49}},"type":"binary-expr","locations":[{"start":{"line":99,"column":27},"end":{"line":99,"column":44}},{"start":{"line":99,"column":48},"end":{"line":99,"column":49}}]},"16":{"loc":{"start":{"line":107,"column":22},"end":{"line":107,"column":54}},"type":"binary-expr","locations":[{"start":{"line":107,"column":22},"end":{"line":107,"column":49}},{"start":{"line":107,"column":53},"end":{"line":107,"column":54}}]},"17":{"loc":{"start":{"line":112,"column":14},"end":{"line":112,"column":83}},"type":"cond-expr","locations":[{"start":{"line":112,"column":36},"end":{"line":112,"column":76}},{"start":{"line":112,"column":79},"end":{"line":112,"column":83}}]},"18":{"loc":{"start":{"line":116,"column":4},"end":{"line":116,"column":47}},"type":"if","locations":[{"start":{"line":116,"column":4},"end":{"line":116,"column":47}}]},"19":{"loc":{"start":{"line":127,"column":4},"end":{"line":129,"column":5}},"type":"if","locations":[{"start":{"line":127,"column":4},"end":{"line":129,"column":5}}]},"20":{"loc":{"start":{"line":131,"column":20},"end":{"line":131,"column":32}},"type":"default-arg","locations":[{"start":{"line":131,"column":28},"end":{"line":131,"column":32}}]},"21":{"loc":{"start":{"line":132,"column":30},"end":{"line":132,"column":61}},"type":"binary-expr","locations":[{"start":{"line":132,"column":30},"end":{"line":132,"column":55}},{"start":{"line":132,"column":59},"end":{"line":132,"column":61}}]},"22":{"loc":{"start":{"line":134,"column":4},"end":{"line":136,"column":5}},"type":"if","locations":[{"start":{"line":134,"column":4},"end":{"line":136,"column":5}}]},"23":{"loc":{"start":{"line":134,"column":8},"end":{"line":134,"column":18}},"type":"binary-expr","locations":[{"start":{"line":134,"column":8},"end":{"line":134,"column":10}},{"start":{"line":134,"column":14},"end":{"line":134,"column":18}}]},"24":{"loc":{"start":{"line":152,"column":4},"end":{"line":154,"column":5}},"type":"if","locations":[{"start":{"line":152,"column":4},"end":{"line":154,"column":5}}]},"25":{"loc":{"start":{"line":157,"column":4},"end":{"line":169,"column":5}},"type":"if","locations":[{"start":{"line":157,"column":4},"end":{"line":169,"column":5}}]},"26":{"loc":{"start":{"line":164,"column":25},"end":{"line":164,"column":71}},"type":"binary-expr","locations":[{"start":{"line":164,"column":25},"end":{"line":164,"column":65}},{"start":{"line":164,"column":69},"end":{"line":164,"column":71}}]},"27":{"loc":{"start":{"line":165,"column":6},"end":{"line":167,"column":7}},"type":"if","locations":[{"start":{"line":165,"column":6},"end":{"line":167,"column":7}}]},"28":{"loc":{"start":{"line":175,"column":4},"end":{"line":175,"column":54}},"type":"if","locations":[{"start":{"line":175,"column":4},"end":{"line":175,"column":54}}]},"29":{"loc":{"start":{"line":179,"column":4},"end":{"line":179,"column":47}},"type":"if","locations":[{"start":{"line":179,"column":4},"end":{"line":179,"column":47}}]}},"s":{"0":0,"1":0,"2":0,"3":0,"4":0,"5":0,"6":0,"7":0,"8":0,"9":0,"10":0,"11":0,"12":0,"13":0,"14":0,"15":0,"16":0,"17":0,"18":0,"19":0,"20":0,"21":0,"22":0,"23":0,"24":0,"25":0,"26":0,"27":0,"28":0,"29":0,"30":0,"31":0,"32":0,"33":0,"34":0,"35":0,"36":0,"37":0,"38":0,"39":0,"40":0,"41":0,"42":0,"43":0,"44":0,"45":0,"46":0,"47":0,"48":0,"49":0,"50":0,"51":0,"52":0,"53":0,"54":0,"55":0,"56":0,"57":0,"58":0,"59":0,"60":0,"61":0,"62":0,"63":0,"64":0,"65":0,"66":0,"67":0,"68":0,"69":0,"70":0,"71":0,"72":0,"73":0,"74":0,"75":0,"76":0,"77":0,"78":0},"f":{"0":0,"1":0,"2":0,"3":0,"4":0,"5":0,"6":0,"7":0,"8":0},"b":{"0":[0],"1":[0],"2":[0],"3":[0,0],"4":[0],"5":[0,0,0,0],"6":[0],"7":[0,0],"8":[0],"9":[0],"10":[0,0],"11":[0],"12":[0,0],"13":[0,0],"14":[0,0],"15":[0,0],"16":[0,0],"17":[0,0],"18":[0],"19":[0],"20":[0],"21":[0,0],"22":[0],"23":[0,0],"24":[0],"25":[0],"26":[0,0],"27":[0],"28":[0],"29":[0]}}
,"/root/color.io/backend/src/routes/palettes.ts": {"path":"/root/color.io/backend/src/routes/palettes.ts","statementMap":{"0":{"start":{"line":1,"column":0},"end":{"line":1,"column":33}},"1":{"start":{"line":3,"column":0},"end":{"line":3,"column":24}},"2":{"start":{"line":5,"column":0},"end":{"line":5,"column":72}},"3":{"start":{"line":6,"column":0},"end":{"line":6,"column":56}},"4":{"start":{"line":7,"column":0},"end":{"line":7,"column":57}},"5":{"start":{"line":9,"column":13},"end":{"line":9,"column":39}},"6":{"start":{"line":12,"column":27},"end":{"line":22,"column":2}},"7":{"start":{"line":24,"column":28},"end":{"line":31,"column":2}},"8":{"start":{"line":33,"column":28},"end":{"line":33,"column":57}},"9":{"start":{"line":39,"column":0},"end":{"line":64,"column":3}},"10":{"start":{"line":40,"column":2},"end":{"line":63,"column":3}},"11":{"start":{"line":41,"column":4},"end":{"line":43,"column":5}},"12":{"start":{"line":42,"column":6},"end":{"line":42,"column":46}},"13":{"start":{"line":45,"column":28},"end":{"line":55,"column":48}},"14":{"start":{"line":57,"column":4},"end":{"line":57,"column":54}},"15":{"start":{"line":57,"column":15},"end":{"line":57,"column":54}},"16":{"start":{"line":59,"column":4},"end":{"line":59,"column":23}},"17":{"start":{"line":61,"column":4},"end":{"line":61,"column":47}},"18":{"start":{"line":61,"column":35},"end":{"line":61,"column":47}},"19":{"start":{"line":62,"column":4},"end":{"line":62,"column":56}},"20":{"start":{"line":70,"column":0},"end":{"line":103,"column":3}},"21":{"start":{"line":71,"column":2},"end":{"line":102,"column":3}},"22":{"start":{"line":72,"column":4},"end":{"line":74,"column":5}},"23":{"start":{"line":73,"column":6},"end":{"line":73,"column":46}},"24":{"start":{"line":76,"column":19},"end":{"line":76,"column":29}},"25":{"start":{"line":78,"column":28},"end":{"line":89,"column":15}},"26":{"start":{"line":91,"column":4},"end":{"line":91,"column":60}},"27":{"start":{"line":91,"column":15},"end":{"line":91,"column":60}},"28":{"start":{"line":94,"column":4},"end":{"line":96,"column":5}},"29":{"start":{"line":95,"column":6},"end":{"line":95,"column":47}},"30":{"start":{"line":98,"column":4},"end":{"line":98,"column":23}},"31":{"start":{"line":100,"column":4},"end":{"line":100,"column":47}},"32":{"start":{"line":100,"column":35},"end":{"line":100,"column":47}},"33":{"start":{"line":101,"column":4},"end":{"line":101,"column":55}},"34":{"start":{"line":109,"column":0},"end":{"line":190,"column":3}},"35":{"start":{"line":110,"column":2},"end":{"line":189,"column":3}},"36":{"start":{"line":111,"column":4},"end":{"line":113,"column":5}},"37":{"start":{"line":112,"column":6},"end":{"line":112,"column":46}},"38":{"start":{"line":115,"column":22},"end":{"line":115,"column":57}},"39":{"start":{"line":116,"column":45},"end":{"line":116,"column":54}},"40":{"start":{"line":119,"column":51},"end":{"line":126,"column":15}},"41":{"start":{"line":128,"column":4},"end":{"line":128,"column":68}},"42":{"start":{"line":128,"column":22},"end":{"line":128,"column":68}},"43":{"start":{"line":131,"column":32},"end":{"line":134,"column":7}},"44":{"start":{"line":131,"column":55},"end":{"line":134,"column":6}},"45":{"start":{"line":136,"column":35},"end":{"line":138,"column":34}},"46":{"start":{"line":140,"column":4},"end":{"line":140,"column":66}},"47":{"start":{"line":140,"column":21},"end":{"line":140,"column":66}},"48":{"start":{"line":143,"column":4},"end":{"line":167,"column":5}},"49":{"start":{"line":145,"column":6},"end":{"line":166,"column":7}},"50":{"start":{"line":146,"column":38},"end":{"line":150,"column":19}},"51":{"start":{"line":152,"column":22},"end":{"line":159,"column":13}},"52":{"start":{"line":153,"column":35},"end":{"line":157,"column":21}},"53":{"start":{"line":158,"column":10},"end":{"line":158,"column":28}},"54":{"start":{"line":161,"column":8},"end":{"line":165,"column":9}},"55":{"start":{"line":162,"column":10},"end":{"line":164,"column":63}},"56":{"start":{"line":170,"column":38},"end":{"line":180,"column":15}},"57":{"start":{"line":182,"column":4},"end":{"line":182,"column":52}},"58":{"start":{"line":184,"column":4},"end":{"line":186,"column":5}},"59":{"start":{"line":185,"column":6},"end":{"line":185,"column":89}},"60":{"start":{"line":187,"column":4},"end":{"line":187,"column":47}},"61":{"start":{"line":187,"column":35},"end":{"line":187,"column":47}},"62":{"start":{"line":188,"column":4},"end":{"line":188,"column":56}},"63":{"start":{"line":196,"column":0},"end":{"line":260,"column":3}},"64":{"start":{"line":197,"column":2},"end":{"line":259,"column":3}},"65":{"start":{"line":198,"column":4},"end":{"line":200,"column":5}},"66":{"start":{"line":199,"column":6},"end":{"line":199,"column":46}},"67":{"start":{"line":202,"column":19},"end":{"line":202,"column":29}},"68":{"start":{"line":203,"column":22},"end":{"line":203,"column":57}},"69":{"start":{"line":204,"column":45},"end":{"line":204,"column":54}},"70":{"start":{"line":207,"column":31},"end":{"line":211,"column":15}},"71":{"start":{"line":213,"column":4},"end":{"line":215,"column":5}},"72":{"start":{"line":214,"column":6},"end":{"line":214,"column":47}},"73":{"start":{"line":218,"column":4},"end":{"line":225,"column":5}},"74":{"start":{"line":219,"column":24},"end":{"line":222,"column":21}},"75":{"start":{"line":224,"column":6},"end":{"line":224,"column":56}},"76":{"start":{"line":224,"column":17},"end":{"line":224,"column":56}},"77":{"start":{"line":228,"column":4},"end":{"line":237,"column":5}},"78":{"start":{"line":229,"column":6},"end":{"line":229,"column":79}},"79":{"start":{"line":231,"column":34},"end":{"line":234,"column":9}},"80":{"start":{"line":231,"column":57},"end":{"line":234,"column":8}},"81":{"start":{"line":236,"column":6},"end":{"line":236,"column":77}},"82":{"start":{"line":240,"column":30},"end":{"line":250,"column":15}},"83":{"start":{"line":252,"column":4},"end":{"line":252,"column":32}},"84":{"start":{"line":254,"column":4},"end":{"line":256,"column":5}},"85":{"start":{"line":255,"column":6},"end":{"line":255,"column":89}},"86":{"start":{"line":257,"column":4},"end":{"line":257,"column":47}},"87":{"start":{"line":257,"column":35},"end":{"line":257,"column":47}},"88":{"start":{"line":258,"column":4},"end":{"line":258,"column":56}},"89":{"start":{"line":266,"column":0},"end":{"line":297,"column":3}},"90":{"start":{"line":267,"column":2},"end":{"line":296,"column":3}},"91":{"start":{"line":268,"column":4},"end":{"line":270,"column":5}},"92":{"start":{"line":269,"column":6},"end":{"line":269,"column":46}},"93":{"start":{"line":272,"column":19},"end":{"line":272,"column":29}},"94":{"start":{"line":275,"column":31},"end":{"line":279,"column":15}},"95":{"start":{"line":281,"column":4},"end":{"line":283,"column":5}},"96":{"start":{"line":282,"column":6},"end":{"line":282,"column":47}},"97":{"start":{"line":285,"column":22},"end":{"line":288,"column":19}},"98":{"start":{"line":290,"column":4},"end":{"line":290,"column":54}},"99":{"start":{"line":290,"column":15},"end":{"line":290,"column":54}},"100":{"start":{"line":292,"column":4},"end":{"line":292,"column":45}},"101":{"start":{"line":294,"column":4},"end":{"line":294,"column":47}},"102":{"start":{"line":294,"column":35},"end":{"line":294,"column":47}},"103":{"start":{"line":295,"column":4},"end":{"line":295,"column":56}},"104":{"start":{"line":303,"column":0},"end":{"line":327,"column":3}},"105":{"start":{"line":304,"column":2},"end":{"line":326,"column":3}},"106":{"start":{"line":305,"column":4},"end":{"line":307,"column":5}},"107":{"start":{"line":306,"column":6},"end":{"line":306,"column":46}},"108":{"start":{"line":309,"column":19},"end":{"line":309,"column":29}},"109":{"start":{"line":311,"column":22},"end":{"line":313,"column":55}},"110":{"start":{"line":315,"column":4},"end":{"line":320,"column":5}},"111":{"start":{"line":316,"column":6},"end":{"line":318,"column":7}},"112":{"start":{"line":317,"column":8},"end":{"line":317,"column":54}},"113":{"start":{"line":319,"column":6},"end":{"line":319,"column":45}},"114":{"start":{"line":322,"column":4},"end":{"line":322,"column":35}},"115":{"start":{"line":324,"column":4},"end":{"line":324,"column":47}},"116":{"start":{"line":324,"column":35},"end":{"line":324,"column":47}},"117":{"start":{"line":325,"column":4},"end":{"line":325,"column":54}},"118":{"start":{"line":333,"column":0},"end":{"line":352,"column":3}},"119":{"start":{"line":334,"column":2},"end":{"line":351,"column":3}},"120":{"start":{"line":335,"column":4},"end":{"line":337,"column":5}},"121":{"start":{"line":336,"column":6},"end":{"line":336,"column":46}},"122":{"start":{"line":339,"column":19},"end":{"line":339,"column":29}},"123":{"start":{"line":341,"column":4},"end":{"line":345,"column":28}},"124":{"start":{"line":347,"column":4},"end":{"line":347,"column":37}},"125":{"start":{"line":349,"column":4},"end":{"line":349,"column":47}},"126":{"start":{"line":349,"column":35},"end":{"line":349,"column":47}},"127":{"start":{"line":350,"column":4},"end":{"line":350,"column":56}},"128":{"start":{"line":358,"column":0},"end":{"line":382,"column":3}},"129":{"start":{"line":359,"column":2},"end":{"line":381,"column":3}},"130":{"start":{"line":360,"column":4},"end":{"line":362,"column":5}},"131":{"start":{"line":361,"column":6},"end":{"line":361,"column":46}},"132":{"start":{"line":364,"column":19},"end":{"line":364,"column":29}},"133":{"start":{"line":366,"column":28},"end":{"line":373,"column":48}},"134":{"start":{"line":375,"column":4},"end":{"line":375,"column":54}},"135":{"start":{"line":375,"column":15},"end":{"line":375,"column":54}},"136":{"start":{"line":377,"column":4},"end":{"line":377,"column":23}},"137":{"start":{"line":379,"column":4},"end":{"line":379,"column":47}},"138":{"start":{"line":379,"column":35},"end":{"line":379,"column":47}},"139":{"start":{"line":380,"column":4},"end":{"line":380,"column":56}},"140":{"start":{"line":388,"column":0},"end":{"line":421,"column":3}},"141":{"start":{"line":389,"column":2},"end":{"line":420,"column":3}},"142":{"start":{"line":390,"column":4},"end":{"line":392,"column":5}},"143":{"start":{"line":391,"column":6},"end":{"line":391,"column":46}},"144":{"start":{"line":394,"column":19},"end":{"line":394,"column":29}},"145":{"start":{"line":395,"column":24},"end":{"line":395,"column":32}},"146":{"start":{"line":397,"column":4},"end":{"line":399,"column":5}},"147":{"start":{"line":398,"column":6},"end":{"line":398,"column":57}},"148":{"start":{"line":401,"column":28},"end":{"line":412,"column":15}},"149":{"start":{"line":414,"column":4},"end":{"line":414,"column":54}},"150":{"start":{"line":414,"column":15},"end":{"line":414,"column":54}},"151":{"start":{"line":416,"column":4},"end":{"line":416,"column":35}},"152":{"start":{"line":418,"column":4},"end":{"line":418,"column":47}},"153":{"start":{"line":418,"column":35},"end":{"line":418,"column":47}},"154":{"start":{"line":419,"column":4},"end":{"line":419,"column":53}},"155":{"start":{"line":427,"column":0},"end":{"line":462,"column":3}},"156":{"start":{"line":428,"column":2},"end":{"line":461,"column":3}},"157":{"start":{"line":429,"column":4},"end":{"line":431,"column":5}},"158":{"start":{"line":430,"column":6},"end":{"line":430,"column":46}},"159":{"start":{"line":433,"column":26},"end":{"line":433,"column":36}},"160":{"start":{"line":436,"column":30},"end":{"line":440,"column":15}},"161":{"start":{"line":442,"column":4},"end":{"line":444,"column":5}},"162":{"start":{"line":443,"column":6},"end":{"line":443,"column":51}},"163":{"start":{"line":446,"column":4},"end":{"line":448,"column":5}},"164":{"start":{"line":447,"column":6},"end":{"line":447,"column":47}},"165":{"start":{"line":450,"column":22},"end":{"line":453,"column":26}},"166":{"start":{"line":455,"column":4},"end":{"line":455,"column":54}},"167":{"start":{"line":455,"column":15},"end":{"line":455,"column":54}},"168":{"start":{"line":457,"column":4},"end":{"line":457,"column":45}},"169":{"start":{"line":459,"column":4},"end":{"line":459,"column":47}},"170":{"start":{"line":459,"column":35},"end":{"line":459,"column":47}},"171":{"start":{"line":460,"column":4},"end":{"line":460,"column":56}}},"fnMap":{"0":{"name":"(anonymous_0)","decl":{"start":{"line":39,"column":43},"end":{"line":39,"column":48}},"loc":{"start":{"line":39,"column":94},"end":{"line":64,"column":1}}},"1":{"name":"(anonymous_1)","decl":{"start":{"line":70,"column":41},"end":{"line":70,"column":46}},"loc":{"start":{"line":70,"column":92},"end":{"line":103,"column":1}}},"2":{"name":"(anonymous_2)","decl":{"start":{"line":109,"column":44},"end":{"line":109,"column":49}},"loc":{"start":{"line":109,"column":95},"end":{"line":190,"column":1}}},"3":{"name":"(anonymous_3)","decl":{"start":{"line":131,"column":43},"end":{"line":131,"column":44}},"loc":{"start":{"line":131,"column":55},"end":{"line":134,"column":6}}},"4":{"name":"(anonymous_4)","decl":{"start":{"line":152,"column":49},"end":{"line":152,"column":54}},"loc":{"start":{"line":152,"column":60},"end":{"line":159,"column":9}}},"5":{"name":"(anonymous_5)","decl":{"start":{"line":196,"column":48},"end":{"line":196,"column":53}},"loc":{"start":{"line":196,"column":99},"end":{"line":260,"column":1}}},"6":{"name":"(anonymous_6)","decl":{"start":{"line":231,"column":45},"end":{"line":231,"column":46}},"loc":{"start":{"line":231,"column":57},"end":{"line":234,"column":8}}},"7":{"name":"(anonymous_7)","decl":{"start":{"line":266,"column":49},"end":{"line":266,"column":54}},"loc":{"start":{"line":266,"column":100},"end":{"line":297,"column":1}}},"8":{"name":"(anonymous_8)","decl":{"start":{"line":303,"column":52},"end":{"line":303,"column":57}},"loc":{"start":{"line":303,"column":103},"end":{"line":327,"column":1}}},"9":{"name":"(anonymous_9)","decl":{"start":{"line":333,"column":54},"end":{"line":333,"column":59}},"loc":{"start":{"line":333,"column":105},"end":{"line":352,"column":1}}},"10":{"name":"(anonymous_10)","decl":{"start":{"line":358,"column":36},"end":{"line":358,"column":41}},"loc":{"start":{"line":358,"column":87},"end":{"line":382,"column":1}}},"11":{"name":"(anonymous_11)","decl":{"start":{"line":388,"column":56},"end":{"line":388,"column":61}},"loc":{"start":{"line":388,"column":107},"end":{"line":421,"column":1}}},"12":{"name":"(anonymous_12)","decl":{"start":{"line":427,"column":69},"end":{"line":427,"column":74}},"loc":{"start":{"line":427,"column":120},"end":{"line":462,"column":1}}}},"branchMap":{"0":{"loc":{"start":{"line":41,"column":4},"end":{"line":43,"column":5}},"type":"if","locations":[{"start":{"line":41,"column":4},"end":{"line":43,"column":5}}]},"1":{"loc":{"start":{"line":41,"column":8},"end":{"line":41,"column":35}},"type":"binary-expr","locations":[{"start":{"line":41,"column":8},"end":{"line":41,"column":22}},{"start":{"line":41,"column":26},"end":{"line":41,"column":35}}]},"2":{"loc":{"start":{"line":57,"column":4},"end":{"line":57,"column":54}},"type":"if","locations":[{"start":{"line":57,"column":4},"end":{"line":57,"column":54}}]},"3":{"loc":{"start":{"line":61,"column":4},"end":{"line":61,"column":47}},"type":"if","locations":[{"start":{"line":61,"column":4},"end":{"line":61,"column":47}}]},"4":{"loc":{"start":{"line":72,"column":4},"end":{"line":74,"column":5}},"type":"if","locations":[{"start":{"line":72,"column":4},"end":{"line":74,"column":5}}]},"5":{"loc":{"start":{"line":91,"column":4},"end":{"line":91,"column":60}},"type":"if","locations":[{"start":{"line":91,"column":4},"end":{"line":91,"column":60}}]},"6":{"loc":{"start":{"line":94,"column":4},"end":{"line":96,"column":5}},"type":"if","locations":[{"start":{"line":94,"column":4},"end":{"line":96,"column":5}}]},"7":{"loc":{"start":{"line":94,"column":8},"end":{"line":94,"column":56}},"type":"binary-expr","locations":[{"start":{"line":94,"column":8},"end":{"line":94,"column":23}},{"start":{"line":94,"column":27},"end":{"line":94,"column":56}}]},"8":{"loc":{"start":{"line":100,"column":4},"end":{"line":100,"column":47}},"type":"if","locations":[{"start":{"line":100,"column":4},"end":{"line":100,"column":47}}]},"9":{"loc":{"start":{"line":111,"column":4},"end":{"line":113,"column":5}},"type":"if","locations":[{"start":{"line":111,"column":4},"end":{"line":113,"column":5}}]},"10":{"loc":{"start":{"line":111,"column":8},"end":{"line":111,"column":35}},"type":"binary-expr","locations":[{"start":{"line":111,"column":8},"end":{"line":111,"column":22}},{"start":{"line":111,"column":26},"end":{"line":111,"column":35}}]},"11":{"loc":{"start":{"line":128,"column":4},"end":{"line":128,"column":68}},"type":"if","locations":[{"start":{"line":128,"column":4},"end":{"line":128,"column":68}}]},"12":{"loc":{"start":{"line":140,"column":4},"end":{"line":140,"column":66}},"type":"if","locations":[{"start":{"line":140,"column":4},"end":{"line":140,"column":66}}]},"13":{"loc":{"start":{"line":143,"column":4},"end":{"line":167,"column":5}},"type":"if","locations":[{"start":{"line":143,"column":4},"end":{"line":167,"column":5}}]},"14":{"loc":{"start":{"line":143,"column":8},"end":{"line":143,"column":31}},"type":"binary-expr","locations":[{"start":{"line":143,"column":8},"end":{"line":143,"column":12}},{"start":{"line":143,"column":16},"end":{"line":143,"column":31}}]},"15":{"loc":{"start":{"line":152,"column":22},"end":{"line":159,"column":13}},"type":"binary-expr","locations":[{"start":{"line":152,"column":22},"end":{"line":152,"column":37}},{"start":{"line":152,"column":42},"end":{"line":159,"column":12}}]},"16":{"loc":{"start":{"line":161,"column":8},"end":{"line":165,"column":9}},"type":"if","locations":[{"start":{"line":161,"column":8},"end":{"line":165,"column":9}}]},"17":{"loc":{"start":{"line":184,"column":4},"end":{"line":186,"column":5}},"type":"if","locations":[{"start":{"line":184,"column":4},"end":{"line":186,"column":5}}]},"18":{"loc":{"start":{"line":187,"column":4},"end":{"line":187,"column":47}},"type":"if","locations":[{"start":{"line":187,"column":4},"end":{"line":187,"column":47}}]},"19":{"loc":{"start":{"line":198,"column":4},"end":{"line":200,"column":5}},"type":"if","locations":[{"start":{"line":198,"column":4},"end":{"line":200,"column":5}}]},"20":{"loc":{"start":{"line":198,"column":8},"end":{"line":198,"column":35}},"type":"binary-expr","locations":[{"start":{"line":198,"column":8},"end":{"line":198,"column":22}},{"start":{"line":198,"column":26},"end":{"line":198,"column":35}}]},"21":{"loc":{"start":{"line":213,"column":4},"end":{"line":215,"column":5}},"type":"if","locations":[{"start":{"line":213,"column":4},"end":{"line":215,"column":5}}]},"22":{"loc":{"start":{"line":213,"column":8},"end":{"line":213,"column":53}},"type":"binary-expr","locations":[{"start":{"line":213,"column":8},"end":{"line":213,"column":17}},{"start":{"line":213,"column":21},"end":{"line":213,"column":53}}]},"23":{"loc":{"start":{"line":218,"column":4},"end":{"line":225,"column":5}},"type":"if","locations":[{"start":{"line":218,"column":4},"end":{"line":225,"column":5}}]},"24":{"loc":{"start":{"line":224,"column":6},"end":{"line":224,"column":56}},"type":"if","locations":[{"start":{"line":224,"column":6},"end":{"line":224,"column":56}}]},"25":{"loc":{"start":{"line":228,"column":4},"end":{"line":237,"column":5}},"type":"if","locations":[{"start":{"line":228,"column":4},"end":{"line":237,"column":5}}]},"26":{"loc":{"start":{"line":254,"column":4},"end":{"line":256,"column":5}},"type":"if","locations":[{"start":{"line":254,"column":4},"end":{"line":256,"column":5}}]},"27":{"loc":{"start":{"line":257,"column":4},"end":{"line":257,"column":47}},"type":"if","locations":[{"start":{"line":257,"column":4},"end":{"line":257,"column":47}}]},"28":{"loc":{"start":{"line":268,"column":4},"end":{"line":270,"column":5}},"type":"if","locations":[{"start":{"line":268,"column":4},"end":{"line":270,"column":5}}]},"29":{"loc":{"start":{"line":268,"column":8},"end":{"line":268,"column":35}},"type":"binary-expr","locations":[{"start":{"line":268,"column":8},"end":{"line":268,"column":22}},{"start":{"line":268,"column":26},"end":{"line":268,"column":35}}]},"30":{"loc":{"start":{"line":281,"column":4},"end":{"line":283,"column":5}},"type":"if","locations":[{"start":{"line":281,"column":4},"end":{"line":283,"column":5}}]},"31":{"loc":{"start":{"line":281,"column":8},"end":{"line":281,"column":53}},"type":"binary-expr","locations":[{"start":{"line":281,"column":8},"end":{"line":281,"column":17}},{"start":{"line":281,"column":21},"end":{"line":281,"column":53}}]},"32":{"loc":{"start":{"line":290,"column":4},"end":{"line":290,"column":54}},"type":"if","locations":[{"start":{"line":290,"column":4},"end":{"line":290,"column":54}}]},"33":{"loc":{"start":{"line":294,"column":4},"end":{"line":294,"column":47}},"type":"if","locations":[{"start":{"line":294,"column":4},"end":{"line":294,"column":47}}]},"34":{"loc":{"start":{"line":305,"column":4},"end":{"line":307,"column":5}},"type":"if","locations":[{"start":{"line":305,"column":4},"end":{"line":307,"column":5}}]},"35":{"loc":{"start":{"line":305,"column":8},"end":{"line":305,"column":35}},"type":"binary-expr","locations":[{"start":{"line":305,"column":8},"end":{"line":305,"column":22}},{"start":{"line":305,"column":26},"end":{"line":305,"column":35}}]},"36":{"loc":{"start":{"line":315,"column":4},"end":{"line":320,"column":5}},"type":"if","locations":[{"start":{"line":315,"column":4},"end":{"line":320,"column":5}}]},"37":{"loc":{"start":{"line":316,"column":6},"end":{"line":318,"column":7}},"type":"if","locations":[{"start":{"line":316,"column":6},"end":{"line":318,"column":7}}]},"38":{"loc":{"start":{"line":324,"column":4},"end":{"line":324,"column":47}},"type":"if","locations":[{"start":{"line":324,"column":4},"end":{"line":324,"column":47}}]},"39":{"loc":{"start":{"line":335,"column":4},"end":{"line":337,"column":5}},"type":"if","locations":[{"start":{"line":335,"column":4},"end":{"line":337,"column":5}}]},"40":{"loc":{"start":{"line":335,"column":8},"end":{"line":335,"column":35}},"type":"binary-expr","locations":[{"start":{"line":335,"column":8},"end":{"line":335,"column":22}},{"start":{"line":335,"column":26},"end":{"line":335,"column":35}}]},"41":{"loc":{"start":{"line":349,"column":4},"end":{"line":349,"column":47}},"type":"if","locations":[{"start":{"line":349,"column":4},"end":{"line":349,"column":47}}]},"42":{"loc":{"start":{"line":360,"column":4},"end":{"line":362,"column":5}},"type":"if","locations":[{"start":{"line":360,"column":4},"end":{"line":362,"column":5}}]},"43":{"loc":{"start":{"line":375,"column":4},"end":{"line":375,"column":54}},"type":"if","locations":[{"start":{"line":375,"column":4},"end":{"line":375,"column":54}}]},"44":{"loc":{"start":{"line":379,"column":4},"end":{"line":379,"column":47}},"type":"if","locations":[{"start":{"line":379,"column":4},"end":{"line":379,"column":47}}]},"45":{"loc":{"start":{"line":390,"column":4},"end":{"line":392,"column":5}},"type":"if","locations":[{"start":{"line":390,"column":4},"end":{"line":392,"column":5}}]},"46":{"loc":{"start":{"line":390,"column":8},"end":{"line":390,"column":35}},"type":"binary-expr","locations":[{"start":{"line":390,"column":8},"end":{"line":390,"column":22}},{"start":{"line":390,"column":26},"end":{"line":390,"column":35}}]},"47":{"loc":{"start":{"line":397,"column":4},"end":{"line":399,"column":5}},"type":"if","locations":[{"start":{"line":397,"column":4},"end":{"line":399,"column":5}}]},"48":{"loc":{"start":{"line":397,"column":8},"end":{"line":397,"column":71}},"type":"binary-expr","locations":[{"start":{"line":397,"column":8},"end":{"line":397,"column":16}},{"start":{"line":397,"column":20},"end":{"line":397,"column":47}},{"start":{"line":397,"column":51},"end":{"line":397,"column":71}}]},"49":{"loc":{"start":{"line":414,"column":4},"end":{"line":414,"column":54}},"type":"if","locations":[{"start":{"line":414,"column":4},"end":{"line":414,"column":54}}]},"50":{"loc":{"start":{"line":418,"column":4},"end":{"line":418,"column":47}},"type":"if","locations":[{"start":{"line":418,"column":4},"end":{"line":418,"column":47}}]},"51":{"loc":{"start":{"line":429,"column":4},"end":{"line":431,"column":5}},"type":"if","locations":[{"start":{"line":429,"column":4},"end":{"line":431,"column":5}}]},"52":{"loc":{"start":{"line":429,"column":8},"end":{"line":429,"column":35}},"type":"binary-expr","locations":[{"start":{"line":429,"column":8},"end":{"line":429,"column":22}},{"start":{"line":429,"column":26},"end":{"line":429,"column":35}}]},"53":{"loc":{"start":{"line":442,"column":4},"end":{"line":444,"column":5}},"type":"if","locations":[{"start":{"line":442,"column":4},"end":{"line":444,"column":5}}]},"54":{"loc":{"start":{"line":446,"column":4},"end":{"line":448,"column":5}},"type":"if","locations":[{"start":{"line":446,"column":4},"end":{"line":448,"column":5}}]},"55":{"loc":{"start":{"line":455,"column":4},"end":{"line":455,"column":54}},"type":"if","locations":[{"start":{"line":455,"column":4},"end":{"line":455,"column":54}}]},"56":{"loc":{"start":{"line":459,"column":4},"end":{"line":459,"column":47}},"type":"if","locations":[{"start":{"line":459,"column":4},"end":{"line":459,"column":47}}]}},"s":{"0":0,"1":0,"2":0,"3":0,"4":0,"5":0,"6":0,"7":0,"8":0,"9":0,"10":0,"11":0,"12":0,"13":0,"14":0,"15":0,"16":0,"17":0,"18":0,"19":0,"20":0,"21":0,"22":0,"23":0,"24":0,"25":0,"26":0,"27":0,"28":0,"29":0,"30":0,"31":0,"32":0,"33":0,"34":0,"35":0,"36":0,"37":0,"38":0,"39":0,"40":0,"41":0,"42":0,"43":0,"44":0,"45":0,"46":0,"47":0,"48":0,"49":0,"50":0,"51":0,"52":0,"53":0,"54":0,"55":0,"56":0,"57":0,"58":0,"59":0,"60":0,"61":0,"62":0,"63":0,"64":0,"65":0,"66":0,"67":0,"68":0,"69":0,"70":0,"71":0,"72":0,"73":0,"74":0,"75":0,"76":0,"77":0,"78":0,"79":0,"80":0,"81":0,"82":0,"83":0,"84":0,"85":0,"86":0,"87":0,"88":0,"89":0,"90":0,"91":0,"92":0,"93":0,"94":0,"95":0,"96":0,"97":0,"98":0,"99":0,"100":0,"101":0,"102":0,"103":0,"104":0,"105":0,"106":0,"107":0,"108":0,"109":0,"110":0,"111":0,"112":0,"113":0,"114":0,"115":0,"116":0,"117":0,"118":0,"119":0,"120":0,"121":0,"122":0,"123":0,"124":0,"125":0,"126":0,"127":0,"128":0,"129":0,"130":0,"131":0,"132":0,"133":0,"134":0,"135":0,"136":0,"137":0,"138":0,"139":0,"140":0,"141":0,"142":0,"143":0,"144":0,"145":0,"146":0,"147":0,"148":0,"149":0,"150":0,"151":0,"152":0,"153":0,"154":0,"155":0,"156":0,"157":0,"158":0,"159":0,"160":0,"161":0,"162":0,"163":0,"164":0,"165":0,"166":0,"167":0,"168":0,"169":0,"170":0,"171":0},"f":{"0":0,"1":0,"2":0,"3":0,"4":0,"5":0,"6":0,"7":0,"8":0,"9":0,"10":0,"11":0,"12":0},"b":{"0":[0],"1":[0,0],"2":[0],"3":[0],"4":[0],"5":[0],"6":[0],"7":[0,0],"8":[0],"9":[0],"10":[0,0],"11":[0],"12":[0],"13":[0],"14":[0,0],"15":[0,0],"16":[0],"17":[0],"18":[0],"19":[0],"20":[0,0],"21":[0],"22":[0,0],"23":[0],"24":[0],"25":[0],"26":[0],"27":[0],"28":[0],"29":[0,0],"30":[0],"31":[0,0],"32":[0],"33":[0],"34":[0],"35":[0,0],"36":[0],"37":[0],"38":[0],"39":[0],"40":[0,0],"41":[0],"42":[0],"43":[0],"44":[0],"45":[0],"46":[0,0],"47":[0],"48":[0,0,0],"49":[0],"50":[0],"51":[0],"52":[0,0],"53":[0],"54":[0],"55":[0],"56":[0]}}
,"/root/color.io/backend/src/routes/profiles.ts": {"path":"/root/color.io/backend/src/routes/profiles.ts","statementMap":{"0":{"start":{"line":1,"column":0},"end":{"line":1,"column":33}},"1":{"start":{"line":3,"column":0},"end":{"line":3,"column":24}},"2":{"start":{"line":5,"column":0},"end":{"line":5,"column":72}},"3":{"start":{"line":6,"column":0},"end":{"line":6,"column":56}},"4":{"start":{"line":7,"column":0},"end":{"line":7,"column":57}},"5":{"start":{"line":9,"column":13},"end":{"line":9,"column":39}},"6":{"start":{"line":11,"column":28},"end":{"line":15,"column":2}},"7":{"start":{"line":21,"column":0},"end":{"line":65,"column":3}},"8":{"start":{"line":22,"column":2},"end":{"line":64,"column":3}},"9":{"start":{"line":23,"column":4},"end":{"line":25,"column":5}},"10":{"start":{"line":24,"column":6},"end":{"line":24,"column":46}},"11":{"start":{"line":27,"column":28},"end":{"line":31,"column":15}},"12":{"start":{"line":33,"column":4},"end":{"line":33,"column":60}},"13":{"start":{"line":33,"column":15},"end":{"line":33,"column":60}},"14":{"start":{"line":36,"column":63},"end":{"line":49,"column":6}},"15":{"start":{"line":51,"column":4},"end":{"line":60,"column":7}},"16":{"start":{"line":62,"column":4},"end":{"line":62,"column":47}},"17":{"start":{"line":62,"column":35},"end":{"line":62,"column":47}},"18":{"start":{"line":63,"column":4},"end":{"line":63,"column":55}},"19":{"start":{"line":71,"column":0},"end":{"line":96,"column":3}},"20":{"start":{"line":72,"column":2},"end":{"line":95,"column":3}},"21":{"start":{"line":73,"column":4},"end":{"line":75,"column":5}},"22":{"start":{"line":74,"column":6},"end":{"line":74,"column":46}},"23":{"start":{"line":77,"column":22},"end":{"line":77,"column":57}},"24":{"start":{"line":79,"column":28},"end":{"line":84,"column":15}},"25":{"start":{"line":86,"column":4},"end":{"line":86,"column":54}},"26":{"start":{"line":86,"column":15},"end":{"line":86,"column":54}},"27":{"start":{"line":88,"column":4},"end":{"line":88,"column":23}},"28":{"start":{"line":90,"column":4},"end":{"line":92,"column":5}},"29":{"start":{"line":91,"column":6},"end":{"line":91,"column":89}},"30":{"start":{"line":93,"column":4},"end":{"line":93,"column":47}},"31":{"start":{"line":93,"column":35},"end":{"line":93,"column":47}},"32":{"start":{"line":94,"column":4},"end":{"line":94,"column":56}},"33":{"start":{"line":102,"column":0},"end":{"line":162,"column":3}},"34":{"start":{"line":103,"column":2},"end":{"line":161,"column":3}},"35":{"start":{"line":104,"column":4},"end":{"line":106,"column":5}},"36":{"start":{"line":105,"column":6},"end":{"line":105,"column":46}},"37":{"start":{"line":108,"column":25},"end":{"line":108,"column":35}},"38":{"start":{"line":110,"column":28},"end":{"line":114,"column":15}},"39":{"start":{"line":116,"column":4},"end":{"line":116,"column":57}},"40":{"start":{"line":116,"column":15},"end":{"line":116,"column":57}},"41":{"start":{"line":119,"column":63},"end":{"line":133,"column":6}},"42":{"start":{"line":136,"column":22},"end":{"line":136,"column":27}},"43":{"start":{"line":137,"column":4},"end":{"line":145,"column":5}},"44":{"start":{"line":138,"column":35},"end":{"line":143,"column":17}},"45":{"start":{"line":144,"column":6},"end":{"line":144,"column":33}},"46":{"start":{"line":147,"column":4},"end":{"line":157,"column":7}},"47":{"start":{"line":159,"column":4},"end":{"line":159,"column":47}},"48":{"start":{"line":159,"column":35},"end":{"line":159,"column":47}},"49":{"start":{"line":160,"column":4},"end":{"line":160,"column":55}},"50":{"start":{"line":168,"column":0},"end":{"line":196,"column":3}},"51":{"start":{"line":169,"column":2},"end":{"line":195,"column":3}},"52":{"start":{"line":170,"column":4},"end":{"line":172,"column":5}},"53":{"start":{"line":171,"column":6},"end":{"line":171,"column":46}},"54":{"start":{"line":174,"column":19},"end":{"line":174,"column":29}},"55":{"start":{"line":176,"column":4},"end":{"line":178,"column":5}},"56":{"start":{"line":177,"column":6},"end":{"line":177,"column":56}},"57":{"start":{"line":180,"column":22},"end":{"line":182,"column":61}},"58":{"start":{"line":184,"column":4},"end":{"line":189,"column":5}},"59":{"start":{"line":185,"column":6},"end":{"line":187,"column":7}},"60":{"start":{"line":186,"column":8},"end":{"line":186,"column":58}},"61":{"start":{"line":188,"column":6},"end":{"line":188,"column":45}},"62":{"start":{"line":191,"column":4},"end":{"line":191,"column":39}},"63":{"start":{"line":193,"column":4},"end":{"line":193,"column":47}},"64":{"start":{"line":193,"column":35},"end":{"line":193,"column":47}},"65":{"start":{"line":194,"column":4},"end":{"line":194,"column":53}},"66":{"start":{"line":202,"column":0},"end":{"line":221,"column":3}},"67":{"start":{"line":203,"column":2},"end":{"line":220,"column":3}},"68":{"start":{"line":204,"column":4},"end":{"line":206,"column":5}},"69":{"start":{"line":205,"column":6},"end":{"line":205,"column":46}},"70":{"start":{"line":208,"column":19},"end":{"line":208,"column":29}},"71":{"start":{"line":210,"column":4},"end":{"line":214,"column":30}},"72":{"start":{"line":216,"column":4},"end":{"line":216,"column":40}},"73":{"start":{"line":218,"column":4},"end":{"line":218,"column":47}},"74":{"start":{"line":218,"column":35},"end":{"line":218,"column":47}},"75":{"start":{"line":219,"column":4},"end":{"line":219,"column":55}},"76":{"start":{"line":227,"column":0},"end":{"line":251,"column":3}},"77":{"start":{"line":228,"column":2},"end":{"line":250,"column":3}},"78":{"start":{"line":229,"column":4},"end":{"line":231,"column":5}},"79":{"start":{"line":230,"column":6},"end":{"line":230,"column":46}},"80":{"start":{"line":233,"column":19},"end":{"line":233,"column":29}},"81":{"start":{"line":235,"column":28},"end":{"line":242,"column":29}},"82":{"start":{"line":244,"column":4},"end":{"line":244,"column":54}},"83":{"start":{"line":244,"column":15},"end":{"line":244,"column":54}},"84":{"start":{"line":246,"column":4},"end":{"line":246,"column":57}},"85":{"start":{"line":246,"column":42},"end":{"line":246,"column":52}},"86":{"start":{"line":248,"column":4},"end":{"line":248,"column":47}},"87":{"start":{"line":248,"column":35},"end":{"line":248,"column":47}},"88":{"start":{"line":249,"column":4},"end":{"line":249,"column":57}},"89":{"start":{"line":257,"column":0},"end":{"line":281,"column":3}},"90":{"start":{"line":258,"column":2},"end":{"line":280,"column":3}},"91":{"start":{"line":259,"column":4},"end":{"line":261,"column":5}},"92":{"start":{"line":260,"column":6},"end":{"line":260,"column":46}},"93":{"start":{"line":263,"column":19},"end":{"line":263,"column":29}},"94":{"start":{"line":265,"column":28},"end":{"line":272,"column":28}},"95":{"start":{"line":274,"column":4},"end":{"line":274,"column":54}},"96":{"start":{"line":274,"column":15},"end":{"line":274,"column":54}},"97":{"start":{"line":276,"column":4},"end":{"line":276,"column":57}},"98":{"start":{"line":276,"column":42},"end":{"line":276,"column":52}},"99":{"start":{"line":278,"column":4},"end":{"line":278,"column":47}},"100":{"start":{"line":278,"column":35},"end":{"line":278,"column":47}},"101":{"start":{"line":279,"column":4},"end":{"line":279,"column":57}}},"fnMap":{"0":{"name":"(anonymous_0)","decl":{"start":{"line":21,"column":45},"end":{"line":21,"column":50}},"loc":{"start":{"line":21,"column":96},"end":{"line":65,"column":1}}},"1":{"name":"(anonymous_1)","decl":{"start":{"line":71,"column":47},"end":{"line":71,"column":52}},"loc":{"start":{"line":71,"column":98},"end":{"line":96,"column":1}}},"2":{"name":"(anonymous_2)","decl":{"start":{"line":102,"column":47},"end":{"line":102,"column":52}},"loc":{"start":{"line":102,"column":98},"end":{"line":162,"column":1}}},"3":{"name":"(anonymous_3)","decl":{"start":{"line":168,"column":54},"end":{"line":168,"column":59}},"loc":{"start":{"line":168,"column":105},"end":{"line":196,"column":1}}},"4":{"name":"(anonymous_4)","decl":{"start":{"line":202,"column":56},"end":{"line":202,"column":61}},"loc":{"start":{"line":202,"column":107},"end":{"line":221,"column":1}}},"5":{"name":"(anonymous_5)","decl":{"s
[...]
n":31}},"loc":{"start":{"line":246,"column":42},"end":{"line":246,"column":52}}},"7":{"name":"(anonymous_7)","decl":{"start":{"line":257,"column":37},"end":{"line":257,"column":42}},"loc":{"start":{"line":257,"column":88},"end":{"line":281,"column":1}}},"8":{"name":"(anonymous_8)","decl":{"start":{"line":276,"column":30},"end":{"line":276,"column":31}},"loc":{"start":{"line":276,"column":42},"end":{"line":276,"column":52}}}},"branchMap":{"0":{"loc":{"start":{"line":23,"column":4},"end":{"line":25,"column":5}},"type":"if","locations":[{"start":{"line":23,"column":4},"end":{"line":25,"column":5}}]},"1":{"loc":{"start":{"line":23,"column":8},"end":{"line":23,"column":35}},"type":"binary-expr","locations":[{"start":{"line":23,"column":8},"end":{"line":23,"column":22}},{"start":{"line":23,"column":26},"end":{"line":23,"column":35}}]},"2":{"loc":{"start":{"line":33,"column":4},"end":{"line":33,"column":60}},"type":"if","locations":[{"start":{"line":33,"column":4},"end":{"line":33,"column":60}}]},"3":{"loc":{"start":{"line":55,"column":26},"end":{"line":55,"column":51}},"type":"binary-expr","locations":[{"start":{"line":55,"column":26},"end":{"line":55,"column":46}},{"start":{"line":55,"column":50},"end":{"line":55,"column":51}}]},"4":{"loc":{"start":{"line":56,"column":27},"end":{"line":56,"column":53}},"type":"binary-expr","locations":[{"start":{"line":56,"column":27},"end":{"line":56,"column":48}},{"start":{"line":56,"column":52},"end":{"line":56,"column":53}}]},"5":{"loc":{"start":{"line":57,"column":27},"end":{"line":57,"column":53}},"type":"binary-expr","locations":[{"start":{"line":57,"column":27},"end":{"line":57,"column":48}},{"start":{"line":57,"column":52},"end":{"line":57,"column":53}}]},"6":{"loc":{"start":{"line":62,"column":4},"end":{"line":62,"column":47}},"type":"if","locations":[{"start":{"line":62,"column":4},"end":{"line":62,"column":47}}]},"7":{"loc":{"start":{"line":73,"column":4},"end":{"line":75,"column":5}},"type":"if","locations":[{"start":{"line":73,"column":4},"end":{"line":75,"column":5}}]},"8":{"loc":{"start":{"line":73,"column":8},"end":{"line":73,"column":35}},"type":"binary-expr","locations":[{"start":{"line":73,"column":8},"end":{"line":73,"column":22}},{"start":{"line":73,"column":26},"end":{"line":73,"column":35}}]},"9":{"loc":{"start":{"line":86,"column":4},"end":{"line":86,"column":54}},"type":"if","locations":[{"start":{"line":86,"column":4},"end":{"line":86,"column":54}}]},"10":{"loc":{"start":{"line":90,"column":4},"end":{"line":92,"column":5}},"type":"if","locations":[{"start":{"line":90,"column":4},"end":{"line":92,"column":5}}]},"11":{"loc":{"start":{"line":93,"column":4},"end":{"line":93,"column":47}},"type":"if","locations":[{"start":{"line":93,"column":4},"end":{"line":93,"column":47}}]},"12":{"loc":{"start":{"line":104,"column":4},"end":{"line":106,"column":5}},"type":"if","locations":[{"start":{"line":104,"column":4},"end":{"line":106,"column":5}}]},"13":{"loc":{"start":{"line":116,"column":4},"end":{"line":116,"column":57}},"type":"if","locations":[{"start":{"line":116,"column":4},"end":{"line":116,"column":57}}]},"14":{"loc":{"start":{"line":137,"column":4},"end":{"line":145,"column":5}},"type":"if","locations":[{"start":{"line":137,"column":4},"end":{"line":145,"column":5}}]},"15":{"loc":{"start":{"line":151,"column":26},"end":{"line":151,"column":51}},"type":"binary-expr","locations":[{"start":{"line":151,"column":26},"end":{"line":151,"column":46}},{"start":{"line":151,"column":50},"end":{"line":151,"column":51}}]},"16":{"loc":{"start":{"line":152,"column":27},"end":{"line":152,"column":53}},"type":"binary-expr","locations":[{"start":{"line":152,"column":27},"end":{"line":152,"column":48}},{"start":{"line":152,"column":52},"end":{"line":152,"column":53}}]},"17":{"loc":{"start":{"line":153,"column":27},"end":{"line":153,"column":53}},"type":"binary-expr","locations":[{"start":{"line":153,"column":27},"end":{"line":153,"column":48}},{"start":{"line":153,"column":52},"end":{"line":153,"column":53}}]},"18":{"loc":{"start":{"line":159,"column":4},"end":{"line":159,"column":47}},"type":"if","locations":[{"start":{"line":159,"column":4},"end":{"line":159,"column":47}}]},"19":{"loc":{"start":{"line":170,"column":4},"end":{"line":172,"column":5}},"type":"if","locations":[{"start":{"line":170,"column":4},"end":{"line":172,"column":5}}]},"20":{"loc":{"start":{"line":170,"column":8},"end":{"line":170,"column":35}},"type":"binary-expr","locations":[{"start":{"line":170,"column":8},"end":{"line":170,"column":22}},{"start":{"line":170,"column":26},"end":{"line":170,"column":35}}]},"21":{"loc":{"start":{"line":176,"column":4},"end":{"line":178,"column":5}},"type":"if","locations":[{"start":{"line":176,"column":4},"end":{"line":178,"column":5}}]},"22":{"loc":{"start":{"line":184,"column":4},"end":{"line":189,"column":5}},"type":"if","locations":[{"start":{"line":184,"column":4},"end":{"line":189,"column":5}}]},"23":{"loc":{"start":{"line":185,"column":6},"end":{"line":187,"column":7}},"type":"if","locations":[{"start":{"line":185,"column":6},"end":{"line":187,"column":7}}]},"24":{"loc":{"start":{"line":193,"column":4},"end":{"line":193,"column":47}},"type":"if","locations":[{"start":{"line":193,"column":4},"end":{"line":193,"column":47}}]},"25":{"loc":{"start":{"line":204,"column":4},"end":{"line":206,"column":5}},"type":"if","locations":[{"start":{"line":204,"column":4},"end":{"line":206,"column":5}}]},"26":{"loc":{"start":{"line":204,"column":8},"end":{"line":204,"column":35}},"type":"binary-expr","locations":[{"start":{"line":204,"column":8},"end":{"line":204,"column":22}},{"start":{"line":204,"column":26},"end":{"line":204,"column":35}}]},"27":{"loc":{"start":{"line":218,"column":4},"end":{"line":218,"column":47}},"type":"if","locations":[{"start":{"line":218,"column":4},"end":{"line":218,"column":47}}]},"28":{"loc":{"start":{"line":229,"column":4},"end":{"line":231,"column":5}},"type":"if","locations":[{"start":{"line":229,"column":4},"end":{"line":231,"column":5}}]},"29":{"loc":{"start":{"line":244,"column":4},"end":{"line":244,"column":54}},"type":"if","locations":[{"start":{"line":244,"column":4},"end":{"line":244,"column":54}}]},"30":{"loc":{"start":{"line":248,"column":4},"end":{"line":248,"column":47}},"type":"if","locations":[{"start":{"line":248,"column":4},"end":{"line":248,"column":47}}]},"31":{"loc":{"start":{"line":259,"column":4},"end":{"line":261,"column":5}},"type":"if","locations":[{"start":{"line":259,"column":4},"end":{"line":261,"column":5}}]},"32":{"loc":{"start":{"line":274,"column":4},"end":{"line":274,"column":54}},"type":"if","locations":[{"start":{"line":274,"column":4},"end":{"line":274,"column":54}}]},"33":{"loc":{"start":{"line":278,"column":4},"end":{"line":278,"column":47}},"type":"if","locations":[{"start":{"line":278,"column":4},"end":{"line":278,"column":47}}]}},"s":{"0":0,"1":0,"2":0,"3":0,"4":0,"5":0,"6":0,"7":0,"8":0,"9":0,"10":0,"11":0,"12":0,"13":0,"14":0,"15":0,"16":0,"17":0,"18":0,"19":0,"20":0,"21":0,"22":0,"23":0,"24":0,"25":0,"26":0,"27":0,"28":0,"29":0,"30":0,"31":0,"32":0,"33":0,"34":0,"35":0,"36":0,"37":0,"38":0,"39":0,"40":0,"41":0,"42":0,"43":0,"44":0,"45":0,"46":0,"47":0,"48":0,"49":0,"50":0,"51":0,"52":0,"53":0,"54":0,"55":0,"56":0,"57":0,"58":0,"59":0,"60":0,"61":0,"62":0,"63":0,"64":0,"65":0,"66":0,"67":0,"68":0,"69":0,"70":0,"71":0,"72":0,"73":0,"74":0,"75":0,"76":0,"77":0,"78":0,"79":0,"80":0,"81":0,"82":0,"83":0,"84":0,"85":0,"86":0,"87":0,"88":0,"89":0,"90":0,"91":0,"92":0,"93":0,"94":0,"95":0,"96":0,"97":0,"98":0,"99":0,"100":0,"101":0},"f":{"0":0,"1":0,"2":0,"3":0,"4":0,"5":0,"6":0,"7":0,"8":0},"b":{"0":[0],"1":[0,0],"2":[0],"3":[0,0],"4":[0,0],"5":[0,0],"6":[0],"7":[0],"8":[0,0],"9":[0],"10":[0],"11":[0],"12":[0],"13":[0],"14":[0],"15":[0,0],"16":[0,0],"17":[0,0],"18":[0],"19":[0],"20":[0,0],"21":[0],"22":[0],"23":[0],"24":[0],"25":[0],"26":[0,0],"27":[0],"28":[0],"29":[0],"30":[0],"31":[0],"32":[0],"33":[0]}}
,"/root/color.io/backend/src/routes/tags.ts": {"path":"/root/color.io/backend/src/routes/tags.ts","statementMap":{"0":{"start":{"line":1,"column":0},"end":{"line":1,"column":33}},"1":{"start":{"line":3,"column":0},"end":{"line":3,"column":56}},"2":{"start":{"line":4,"column":0},"end":{"line":4,"column":57}},"3":{"start":{"line":6,"column":13},"end":{"line":6,"column":35}},"4":{"start":{"line":12,"column":0},"end":{"line":40,"column":3}},"5":{"start":{"line":13,"column":2},"end":{"line":39,"column":3}},"6":{"start":{"line":14,"column":4},"end":{"line":16,"column":5}},"7":{"start":{"line":15,"column":6},"end":{"line":15,"column":46}},"8":{"start":{"line":18,"column":39},"end":{"line":18,"column":48}},"9":{"start":{"line":19,"column":21},"end":{"line":19,"column":67}},"10":{"start":{"line":21,"column":16},"end":{"line":25,"column":22}},"11":{"start":{"line":27,"column":4},"end":{"line":29,"column":5}},"12":{"start":{"line":28,"column":6},"end":{"line":28,"column":45}},"13":{"start":{"line":31,"column":28},"end":{"line":31,"column":39}},"14":{"start":{"line":33,"column":4},"end":{"line":33,"column":54}},"15":{"start":{"line":33,"column":15},"end":{"line":33,"column":54}},"16":{"start":{"line":35,"column":4},"end":{"line":35,"column":23}},"17":{"start":{"line":37,"column":4},"end":{"line":37,"column":47}},"18":{"start":{"line":37,"column":35},"end":{"line":37,"column":47}},"19":{"start":{"line":38,"column":4},"end":{"line":38,"column":52}},"20":{"start":{"line":46,"column":0},"end":{"line":72,"column":3}},"21":{"start":{"line":47,"column":2},"end":{"line":71,"column":3}},"22":{"start":{"line":48,"column":4},"end":{"line":50,"column":5}},"23":{"start":{"line":49,"column":6},"end":{"line":49,"column":46}},"24":{"start":{"line":52,"column":18},"end":{"line":52,"column":27}},"25":{"start":{"line":54,"column":4},"end":{"line":56,"column":5}},"26":{"start":{"line":55,"column":6},"end":{"line":55,"column":55}},"27":{"start":{"line":58,"column":28},"end":{"line":63,"column":16}},"28":{"start":{"line":65,"column":4},"end":{"line":65,"column":54}},"29":{"start":{"line":65,"column":15},"end":{"line":65,"column":54}},"30":{"start":{"line":67,"column":4},"end":{"line":67,"column":23}},"31":{"start":{"line":69,"column":4},"end":{"line":69,"column":47}},"32":{"start":{"line":69,"column":35},"end":{"line":69,"column":47}},"33":{"start":{"line":70,"column":4},"end":{"line":70,"column":53}},"34":{"start":{"line":78,"column":0},"end":{"line":144,"column":3}},"35":{"start":{"line":79,"column":2},"end":{"line":143,"column":3}},"36":{"start":{"line":80,"column":4},"end":{"line":82,"column":5}},"37":{"start":{"line":81,"column":6},"end":{"line":81,"column":46}},"38":{"start":{"line":84,"column":21},"end":{"line":84,"column":31}},"39":{"start":{"line":85,"column":37},"end":{"line":85,"column":46}},"40":{"start":{"line":86,"column":21},"end":{"line":86,"column":66}},"41":{"start":{"line":89,"column":26},"end":{"line":93,"column":15}},"42":{"start":{"line":95,"column":4},"end":{"line":97,"column":5}},"43":{"start":{"line":96,"column":6},"end":{"line":96,"column":47}},"44":{"start":{"line":100,"column":34},"end":{"line":103,"column":27}},"45":{"start":{"line":105,"column":23},"end":{"line":105,"column":68}},"46":{"start":{"line":105,"column":48},"end":{"line":105,"column":61}},"47":{"start":{"line":107,"column":4},"end":{"line":109,"column":5}},"48":{"start":{"line":108,"column":6},"end":{"line":108,"column":52}},"49":{"start":{"line":112,"column":16},"end":{"line":122,"column":26}},"50":{"start":{"line":124,"column":4},"end":{"line":126,"column":5}},"51":{"start":{"line":125,"column":6},"end":{"line":125,"column":45}},"52":{"start":{"line":128,"column":28},"end":{"line":128,"column":39}},"53":{"start":{"line":130,"column":4},"end":{"line":130,"column":54}},"54":{"start":{"line":130,"column":15},"end":{"line":130,"column":54}},"55":{"start":{"line":132,"column":20},"end":{"line":132,"column":42}},"56":{"start":{"line":133,"column":21},"end":{"line":133,"column":61}},"57":{"start":{"line":135,"column":4},"end":{"line":139,"column":7}},"58":{"start":{"line":141,"column":4},"end":{"line":141,"column":47}},"59":{"start":{"line":141,"column":35},"end":{"line":141,"column":47}},"60":{"start":{"line":142,"column":4},"end":{"line":142,"column":63}}},"fnMap":{"0":{"name":"(anonymous_0)","decl":{"start":{"line":12,"column":20},"end":{"line":12,"column":25}},"loc":{"start":{"line":12,"column":58},"end":{"line":40,"column":1}}},"1":{"name":"(anonymous_1)","decl":{"start":{"line":46,"column":26},"end":{"line":46,"column":31}},"loc":{"start":{"line":46,"column":64},"end":{"line":72,"column":1}}},"2":{"name":"(anonymous_2)","decl":{"start":{"line":78,"column":34},"end":{"line":78,"column":39}},"loc":{"start":{"line":78,"column":72},"end":{"line":144,"column":1}}},"3":{"name":"(anonymous_3)","decl":{"start":{"line":105,"column":40},"end":{"line":105,"column":41}},"loc":{"start":{"line":105,"column":48},"end":{"line":105,"column":61}}}},"branchMap":{"0":{"loc":{"start":{"line":14,"column":4},"end":{"line":16,"column":5}},"type":"if","locations":[{"start":{"line":14,"column":4},"end":{"line":16,"column":5}}]},"1":{"loc":{"start":{"line":18,"column":22},"end":{"line":18,"column":34}},"type":"default-arg","locations":[{"start":{"line":18,"column":30},"end":{"line":18,"column":34}}]},"2":{"loc":{"start":{"line":19,"column":30},"end":{"line":19,"column":61}},"type":"binary-expr","locations":[{"start":{"line":19,"column":30},"end":{"line":19,"column":55}},{"start":{"line":19,"column":59},"end":{"line":19,"column":61}}]},"3":{"loc":{"start":{"line":27,"column":4},"end":{"line":29,"column":5}},"type":"if","locations":[{"start":{"line":27,"column":4},"end":{"line":29,"column":5}}]},"4":{"loc":{"start":{"line":33,"column":4},"end":{"line":33,"column":54}},"type":"if","locations":[{"start":{"line":33,"column":4},"end":{"line":33,"column":54}}]},"5":{"loc":{"start":{"line":37,"column":4},"end":{"line":37,"column":47}},"type":"if","locations":[{"start":{"line":37,"column":4},"end":{"line":37,"column":47}}]},"6":{"loc":{"start":{"line":48,"column":4},"end":{"line":50,"column":5}},"type":"if","locations":[{"start":{"line":48,"column":4},"end":{"line":50,"column":5}}]},"7":{"loc":{"start":{"line":54,"column":4},"end":{"line":56,"column":5}},"type":"if","locations":[{"start":{"line":54,"column":4},"end":{"line":56,"column":5}}]},"8":{"loc":{"start":{"line":54,"column":8},"end":{"line":54,"column":35}},"type":"binary-expr","locations":[{"start":{"line":54,"column":8},"end":{"line":54,"column":10}},{"start":{"line":54,"column":14},"end":{"line":54,"column":35}}]},"9":{"loc":{"start":{"line":65,"column":4},"end":{"line":65,"column":54}},"type":"if","locations":[{"start":{"line":65,"column":4},"end":{"line":65,"column":54}}]},"10":{"loc":{"start":{"line":69,"column":4},"end":{"line":69,"column":47}},"type":"if","locations":[{"start":{"line":69,"column":4},"end":{"line":69,"column":47}}]},"11":{"loc":{"start":{"line":80,"column":4},"end":{"line":82,"column":5}},"type":"if","locations":[{"start":{"line":80,"column":4},"end":{"line":82,"column":5}}]},"12":{"loc":{"start":{"line":85,"column":12},"end":{"line":85,"column":24}},"type":"default-arg","locations":[{"start":{"line":85,"column":20},"end":{"line":85,"column":24}}]},"13":{"loc":{"start":{"line":86,"column":30},"end":{"line":86,"column":61}},"type":"binary-expr","locations":[{"start":{"line":86,"column":30},"end":{"line":86,"column":55}},{"start":{"line":86,"column":59},"end":{"line":86,"column":61}}]},"14":{"loc":{"start":{"line":95,"column":4},"end":{"line":97,"column":5}},"type":"if","locations":[{"start":{"line":95,"column":4},"end":{"line":97,"column":5}}]},"15":{"loc":{"start":{"line":105,"column":23},"end":{"line":105,"column":68}},"type":"binary-expr","locations":[{"start":{"line":105,"column":23},"end":{"line":105,"column":62}},{"start":{"line":105,"column":66},"end":{"line":105,"column":68}}]},"16":{"loc":{"start":{"line":107,"column":4},"end":{"line":109,"column":5}},"type":"if","locations":[{"start":{"line":107,"column":4},"end":{"line":109,"column":5}}]},"17":{"loc":{"start":{"line":124,"column":4},"end":{"line":126,"column":5}},"type":"if","locations":[{"start":{"line":124,"column":4},"end":{"line":126,"column":5}}]},"18":{"loc":{"start":{"line":130,"column":4},"end":{"line":130,"column":54}},"type":"if","locations":[{"start":{"line":130,"column":4},"end":{"line":130,"column":54}}]},"19":{"loc":{"start":{"line":133,"column":21},"end":{"line":133,"column":61}},"type":"cond-expr","locations":[{"start":{"line":133,"column":31},"end":{"line":133,"column":54}},{"start":{"line":133,"column":57},"end":{"line":133,"column":61}}]},"20":{"loc":{"start":{"line":137,"column":14},"end":{"line":137,"column":83}},"type":"cond-expr","locations":[{"start":{"line":137,"column":36},"end":{"line":137,"column":76}},{"start":{"line":137,"column":79},"end":{"line":137,"column":83}}]},"21":{"loc":{"start":{"line":141,"column":4},"end":{"line":141,"column":47}},"type":"if","locations":[{"start":{"line":141,"column":4},"end":{"line":141,"column":47}}]}},"s":{"0":0,"1":0,"2":0,"3":0,"4":0,"5":0,"6":0,"7":0,"8":0,"9":0,"10":0,"11":0,"12":0,"13":0,"14":0,"15":0,"16":0,"17":0,"18":0,"19":0,"20":0,"21":0,"22":0,"23":0,"24":0,"25":0,"26":0,"27":0,"28":0,"29":0,"30":0,"31":0,"32":0,"33":0,"34":0,"35":0,"36":0,"37":0,"38":0,"39":0,"40":0,"41":0,"42":0,"43":0,"44":0,"45":0,"46":0,"47":0,"48":0,"49":0,"50":0,"51":0,"52":0,"53":0,"54":0,"55":0,"56":0,"57":0,"58":0,"59":0,"60":0},"f":{"0":0,"1":0,"2":0,"3":0},"b":{"0":[0],"1":[0],"2":[0,0],"3":[0],"4":[0],"5":[0],"6":[0],"7":[0],"8":[0,0],"9":[0],"10":[0],"11":[0],"12":[0],"13":[0,0],"14":[0],"15":[0,0],"16":[0],"17":[0],"18":[0],"19":[0,0],"20":[0,0],"21":[0]}}
,"/root/color.io/backend/src/services/supabase.ts": {"path":"/root/color.io/backend/src/services/supabase.ts","statementMap":{"0":{"start":{"line":27,"column":0},"end":{"line":27,"column":16}},"1":{"start":{"line":1,"column":0},"end":{"line":1,"column":53}},"2":{"start":{"line":3,"column":20},"end":{"line":3,"column":44}},"3":{"start":{"line":4,"column":27},"end":{"line":4,"column":59}},"4":{"start":{"line":5,"column":24},"end":{"line":5,"column":53}},"5":{"start":{"line":7,"column":0},"end":{"line":9,"column":1}},"6":{"start":{"line":8,"column":2},"end":{"line":8,"column":63}},"7":{"start":{"line":12,"column":13},"end":{"line":19,"column":9}},"8":{"start":{"line":22,"column":13},"end":{"line":24,"column":9}},"9":{"start":{"line":28,"column":2},"end":{"line":30,"column":3}},"10":{"start":{"line":29,"column":4},"end":{"line":29,"column":47}},"11":{"start":{"line":32,"column":2},"end":{"line":38,"column":5}}},"fnMap":{"0":{"name":"createUserClient","decl":{"start":{"line":27,"column":16},"end":{"line":27,"column":32}},"loc":{"start":{"line":27,"column":44},"end":{"line":39,"column":1}}}},"branchMap":{"0":{"loc":{"start":{"line":7,"column":0},"end":{"line":9,"column":1}},"type":"if","locations":[{"start":{"line":7,"column":0},"end":{"line":9,"column":1}}]},"1":{"loc":{"start":{"line":12,"column":29},"end":{"line":19,"column":8}},"type":"cond-expr","locations":[{"start":{"line":13,"column":4},"end":{"line":18,"column":6}},{"start":{"line":19,"column":4},"end":{"line":19,"column":8}}]},"2":{"loc":{"start":{"line":22,"column":24},"end":{"line":24,"column":8}},"type":"cond-expr","locations":[{"start":{"line":23,"column":4},"end":{"line":23,"column":46}},{"start":{"line":24,"column":4},"end":{"line":24,"column":8}}]},"3":{"loc":{"start":{"line":28,"column":2},"end":{"line":30,"column":3}},"type":"if","locations":[{"start":{"line":28,"column":2},"end":{"line":30,"column":3}}]},"4":{"loc":{"start":{"line":28,"column":6},"end":{"line":28,"column":38}},"type":"binary-expr","locations":[{"start":{"line":28,"column":6},"end":{"line":28,"column":18}},{"start":{"line":28,"column":22},"end":{"line":28,"column":38}}]}},"s":{"0":0,"1":0,"2":0,"3":0,"4":0,"5":0,"6":0,"7":0,"8":0,"9":0,"10":0,"11":0},"f":{"0":0},"b":{"0":[0],"1":[0,0],"2":[0,0],"3":[0],"4":[0,0]}}
}
