TN:
SF:src/middleware/auth.ts
FN:6,authenticateToken
FN:52,optionalAuth
FNF:2
FNH:2
FNDA:6,authenticateToken
FNDA:5,optionalAuth
DA:3,1
DA:4,1
DA:6,1
DA:11,6
DA:12,6
DA:13,6
DA:15,6
DA:16,2
DA:19,4
DA:20,0
DA:24,4
DA:26,3
DA:27,1
DA:31,2
DA:36,2
DA:38,4
DA:39,3
DA:44,1
DA:52,1
DA:57,5
DA:58,5
DA:59,5
DA:61,5
DA:62,4
DA:63,3
DA:64,2
DA:71,4
DA:74,1
LF:28
LH:27
BRDA:15,0,0,2
BRDA:19,1,0,0
BRDA:26,2,0,1
BRDA:26,3,0,3
BRDA:26,3,1,2
BRDA:33,4,0,2
BRDA:33,4,1,1
BRDA:38,5,0,3
BRDA:61,6,0,4
BRDA:61,7,0,5
BRDA:61,7,1,4
BRDA:63,8,0,2
BRDA:66,9,0,2
BRDA:66,9,1,1
BRF:14
BRH:13
end_of_record
TN:
SF:src/middleware/errorHandler.ts
FN:7,(anonymous_0)
FN:15,errorHandler
FNF:2
FNH:2
FNDA:10,(anonymous_0)
FNDA:6,errorHandler
DA:3,3
DA:8,10
DA:9,10
DA:10,10
DA:11,10
DA:15,3
DA:21,6
DA:22,6
DA:25,6
DA:33,6
DA:34,3
DA:42,3
DA:43,1
DA:51,2
LF:14
LH:14
BRDA:21,0,0,6
BRDA:21,0,1,1
BRDA:28,1,0,1
BRDA:28,1,1,5
BRDA:33,2,0,3
BRDA:42,3,0,1
BRDA:45,4,0,0
BRDA:45,4,1,1
BRDA:52,5,0,1
BRDA:52,5,1,1
BRDA:54,6,0,1
BRDA:54,6,1,1
BRF:12
BRH:11
end_of_record
TN:
SF:src/middleware/requestLogger.ts
FN:13,requestLogger
FN:23,(anonymous_2)
FNF:2
FNH:1
FNDA:4,requestLogger
FNDA:0,(anonymous_2)
DA:2,1
DA:13,1
DA:15,4
DA:18,4
DA:20,4
DA:23,4
DA:24,0
DA:25,0
DA:36,0
DA:37,0
DA:38,0
DA:41,0
DA:45,4
LF:13
LH:7
BRDA:32,0,0,0
BRDA:32,0,1,0
BRDA:36,1,0,0
BRDA:36,1,1,0
BRDA:37,2,0,0
BRDA:37,3,0,0
BRDA:37,3,1,0
BRF:7
BRH:0
end_of_record
TN:
SF:src/routes/auth.ts
FN:13,(anonymous_0)
FNF:1
FNH:1
FNDA:5,(anonymous_0)
DA:1,1
DA:4,1
DA:13,1
DA:14,5
DA:15,5
DA:17,5
DA:18,3
DA:23,2
DA:25,0
LF:9
LH:8
BRDA:17,0,0,3
BRF:1
BRH:1
end_of_record
TN:
SF:src/routes/colors.ts
FN:11,rgbToHex
FN:12,(anonymous_2)
FN:16,rgbToHsl
FN:44,deltaE
FN:59,kMeansClustering
FN:68,(anonymous_6)
FN:69,(anonymous_7)
FN:72,(anonymous_8)
FN:86,(anonymous_9)
FN:105,(anonymous_10)
FN:106,(anonymous_11)
FN:107,(anonymous_12)
FN:117,filterSimilarColors
FN:122,(anonymous_14)
FN:138,(anonymous_15)
FN:146,(anonymous_16)
FN:204,(anonymous_17)
FN:217,(anonymous_18)
FN:228,(anonymous_19)
FNF:19
FNH:0
FNDA:0,rgbToHex
FNDA:0,(anonymous_2)
FNDA:0,rgbToHsl
FNDA:0,deltaE
FNDA:0,kMeansClustering
FNDA:0,(anonymous_6)
FNDA:0,(anonymous_7)
FNDA:0,(anonymous_8)
FNDA:0,(anonymous_9)
FNDA:0,(anonymous_10)
FNDA:0,(anonymous_11)
FNDA:0,(anonymous_12)
FNDA:0,filterSimilarColors
FNDA:0,(anonymous_14)
FNDA:0,(anonymous_15)
FNDA:0,(anonymous_16)
FNDA:0,(anonymous_17)
FNDA:0,(anonymous_18)
FNDA:0,(anonymous_19)
DA:1,0
DA:3,0
DA:4,0
DA:5,0
DA:8,0
DA:12,0
DA:13,0
DA:17,0
DA:18,0
DA:19,0
DA:21,0
DA:22,0
DA:23,0
DA:24,0
DA:25,0
DA:27,0
DA:28,0
DA:29,0
DA:30,0
DA:31,0
DA:32,0
DA:33,0
DA:37,0
DA:46,0
DA:47,0
DA:48,0
DA:49,0
DA:51,0
DA:60,0
DA:61,0
DA:64,0
DA:65,0
DA:67,0
DA:68,0
DA:69,0
DA:70,0
DA:72,0
DA:73,0
DA:74,0
DA:75,0
DA:76,0
DA:77,0
DA:78,0
DA:84,0
DA:86,0
DA:88,0
DA:89,0
DA:90,0
DA:91,0
DA:92,0
DA:93,0
DA:94,0
DA:95,0
DA:98,0
DA:102,0
DA:103,0
DA:104,0
DA:105,0
DA:106,0
DA:107,0
DA:113,0
DA:118,0
DA:120,0
DA:121,0
DA:122,0
DA:124,0
DA:125,0
DA:129,0
DA:133,0
DA:138,0
DA:146,0
DA:147,0
DA:149,0
DA:150,0
DA:151,0
DA:154,0
DA:159,0
DA:161,0
DA:162,0
DA:163,0
DA:164,0
DA:165,0
DA:166,0
DA:168,0
DA:169,0
DA:171,0
DA:175,0
DA:176,0
DA:178,0
DA:179,0
DA:183,0
DA:189,0
DA:190,0
DA:192,0
DA:193,0
DA:201,0
DA:204,0
DA:205,0
DA:206,0
DA:214,0
DA:217,0
DA:219,0
DA:220,0
DA:221,0
DA:225,0
DA:228,0
DA:229,0
DA:230,0
DA:231,0
DA:234,0
DA:236,0
DA:244,0
DA:245,0
DA:247,0
DA:248,0
DA:249,0
LF:116
LH:0
BRDA:27,0,0,0
BRDA:29,1,0,0
BRDA:29,1,1,0
BRDA:30,2,0,0
BRDA:30,2,1,0
BRDA:30,2,2,0
BRDA:31,3,0,0
BRDA:31,3,1,0
BRDA:59,4,0,0
BRDA:60,5,0,0
BRDA:61,6,0,0
BRDA:76,7,0,0
BRDA:93,8,0,0
BRDA:103,9,0,0
BRDA:117,10,0,0
BRDA:124,11,0,0
BRDA:138,12,0,0
BRDA:138,12,1,0
BRDA:154,13,0,0
BRDA:154,13,1,0
BRDA:154,14,0,0
BRDA:154,14,1,0
BRDA:159,15,0,0
BRDA:159,15,1,0
BRDA:163,16,0,0
BRDA:163,16,1,0
BRDA:165,17,0,0
BRDA:178,18,0,0
BRDA:178,19,0,0
BRDA:178,19,1,0
BRDA:229,20,0,0
BRDA:229,20,1,0
BRDA:229,21,0,0
BRDA:229,21,1,0
BRDA:230,22,0,0
BRDA:230,22,1,0
BRDA:230,23,0,0
BRDA:230,23,1,0
BRDA:231,24,0,0
BRDA:231,24,1,0
BRDA:244,25,0,0
BRDA:247,26,0,0
BRF:42
BRH:0
end_of_record
TN:
SF:src/routes/feed.ts
FN:15,(anonymous_0)
FN:61,(anonymous_1)
FN:87,(anonymous_2)
FN:88,(anonymous_3)
FN:92,(anonymous_4)
FN:98,(anonymous_5)
FN:104,(anonymous_6)
FN:125,(anonymous_7)
FN:164,(anonymous_8)
FNF:9
FNH:0
FNDA:0,(anonymous_0)
FNDA:0,(anonymous_1)
FNDA:0,(anonymous_2)
FNDA:0,(anonymous_3)
FNDA:0,(anonymous_4)
FNDA:0,(anonymous_5)
FNDA:0,(anonymous_6)
FNDA:0,(anonymous_7)
FNDA:0,(anonymous_8)
DA:1,0
DA:4,0
DA:5,0
DA:6,0
DA:8,0
DA:15,0
DA:16,0
DA:17,0
DA:18,0
DA:21,0
DA:22,0
DA:24,0
DA:38,0
DA:39,0
DA:43,0
DA:46,0
DA:47,0
DA:49,0
DA:50,0
DA:52,0
DA:53,0
DA:56,0
DA:61,0
DA:62,0
DA:63,0
DA:65,0
DA:66,0
DA:67,0
DA:69,0
DA:72,0
DA:74,0
DA:77,0
DA:78,0
DA:81,0
DA:82,0
DA:83,0
DA:87,0
DA:88,0
DA:92,0
DA:93,0
DA:98,0
DA:99,0
DA:100,0
DA:104,0
DA:110,0
DA:116,0
DA:117,0
DA:125,0
DA:126,0
DA:127,0
DA:128,0
DA:131,0
DA:132,0
DA:134,0
DA:135,0
DA:138,0
DA:152,0
DA:153,0
DA:157,0
DA:159,0
DA:164,0
DA:165,0
DA:166,0
DA:168,0
DA:171,0
DA:173,0
DA:175,0
DA:177,0
DA:179,0
DA:180,0
LF:70
LH:0
BRDA:17,0,0,0
BRDA:21,1,0,0
BRDA:21,2,0,0
BRDA:22,3,0,0
BRDA:22,3,1,0
BRDA:38,4,0,0
BRDA:43,5,0,0
BRDA:43,5,1,0
BRDA:43,5,2,0
BRDA:43,5,3,0
BRDA:52,6,0,0
BRDA:61,7,0,0
BRDA:61,7,1,0
BRDA:62,8,0,0
BRDA:74,9,0,0
BRDA:78,10,0,0
BRDA:78,10,1,0
BRDA:82,11,0,0
BRDA:82,12,0,0
BRDA:82,12,1,0
BRDA:88,13,0,0
BRDA:88,13,1,0
BRDA:98,14,0,0
BRDA:98,14,1,0
BRDA:99,15,0,0
BRDA:99,15,1,0
BRDA:107,16,0,0
BRDA:107,16,1,0
BRDA:112,17,0,0
BRDA:112,17,1,0
BRDA:116,18,0,0
BRDA:127,19,0,0
BRDA:131,20,0,0
BRDA:132,21,0,0
BRDA:132,21,1,0
BRDA:134,22,0,0
BRDA:134,23,0,0
BRDA:134,23,1,0
BRDA:152,24,0,0
BRDA:157,25,0,0
BRDA:164,26,0,0
BRDA:164,26,1,0
BRDA:165,27,0,0
BRDA:175,28,0,0
BRDA:179,29,0,0
BRF:45
BRH:0
end_of_record
TN:
SF:src/routes/palettes.ts
FN:39,(anonymous_0)
FN:70,(anonymous_1)
FN:109,(anonymous_2)
FN:131,(anonymous_3)
FN:152,(anonymous_4)
FN:196,(anonymous_5)
FN:231,(anonymous_6)
FN:266,(anonymous_7)
FN:303,(anonymous_8)
FN:333,(anonymous_9)
FN:358,(anonymous_10)
FN:388,(anonymous_11)
FN:427,(anonymous_12)
FNF:13
FNH:0
FNDA:0,(anonymous_0)
FNDA:0,(anonymous_1)
FNDA:0,(anonymous_2)
FNDA:0,(anonymous_3)
FNDA:0,(anonymous_4)
FNDA:0,(anonymous_5)
FNDA:0,(anonymous_6)
FNDA:0,(anonymous_7)
FNDA:0,(anonymous_8)
FNDA:0,(anonymous_9)
FNDA:0,(anonymous_10)
FNDA:0,(anonymous_11)
FNDA:0,(anonymous_12)
DA:1,0
DA:3,0
DA:5,0
DA:6,0
DA:7,0
DA:9,0
DA:12,0
DA:24,0
DA:33,0
DA:39,0
DA:40,0
DA:41,0
DA:42,0
DA:45,0
DA:57,0
DA:59,0
DA:61,0
DA:62,0
DA:70,0
DA:71,0
DA:72,0
DA:73,0
DA:76,0
DA:78,0
DA:91,0
DA:94,0
DA:95,0
DA:98,0
DA:100,0
DA:101,0
DA:109,0
DA:110,0
DA:111,0
DA:112,0
DA:115,0
DA:116,0
DA:119,0
DA:128,0
DA:131,0
DA:136,0
DA:140,0
DA:143,0
DA:145,0
DA:146,0
DA:152,0
DA:153,0
DA:158,0
DA:161,0
DA:162,0
DA:170,0
DA:182,0
DA:184,0
DA:185,0
DA:187,0
DA:188,0
DA:196,0
DA:197,0
DA:198,0
DA:199,0
DA:202,0
DA:203,0
DA:204,0
DA:207,0
DA:213,0
DA:214,0
DA:218,0
DA:219,0
DA:224,0
DA:228,0
DA:229,0
DA:231,0
DA:236,0
DA:240,0
DA:252,0
DA:254,0
DA:255,0
DA:257,0
DA:258,0
DA:266,0
DA:267,0
DA:268,0
DA:269,0
DA:272,0
DA:275,0
DA:281,0
DA:282,0
DA:285,0
DA:290,0
DA:292,0
DA:294,0
DA:295,0
DA:303,0
DA:304,0
DA:305,0
DA:306,0
DA:309,0
DA:311,0
DA:315,0
DA:316,0
DA:317,0
DA:319,0
DA:322,0
DA:324,0
DA:325,0
DA:333,0
DA:334,0
DA:335,0
DA:336,0
DA:339,0
DA:341,0
DA:347,0
DA:349,0
DA:350,0
DA:358,0
DA:359,0
DA:360,0
DA:361,0
DA:364,0
DA:366,0
DA:375,0
DA:377,0
DA:379,0
DA:380,0
DA:388,0
DA:389,0
DA:390,0
DA:391,0
DA:394,0
DA:395,0
DA:397,0
DA:398,0
DA:401,0
DA:414,0
DA:416,0
DA:418,0
DA:419,0
DA:427,0
DA:428,0
DA:429,0
DA:430,0
DA:433,0
DA:436,0
DA:442,0
DA:443,0
DA:446,0
DA:447,0
DA:450,0
DA:455,0
DA:457,0
DA:459,0
DA:460,0
LF:151
LH:0
BRDA:41,0,0,0
BRDA:41,1,0,0
BRDA:41,1,1,0
BRDA:57,2,0,0
BRDA:61,3,0,0
BRDA:72,4,0,0
BRDA:91,5,0,0
BRDA:94,6,0,0
BRDA:94,7,0,0
BRDA:94,7,1,0
BRDA:100,8,0,0
BRDA:111,9,0,0
BRDA:111,10,0,0
BRDA:111,10,1,0
BRDA:128,11,0,0
BRDA:140,12,0,0
BRDA:143,13,0,0
BRDA:143,14,0,0
BRDA:143,14,1,0
BRDA:152,15,0,0
BRDA:152,15,1,0
BRDA:161,16,0,0
BRDA:184,17,0,0
BRDA:187,18,0,0
BRDA:198,19,0,0
BRDA:198,20,0,0
BRDA:198,20,1,0
BRDA:213,21,0,0
BRDA:213,22,0,0
BRDA:213,22,1,0
BRDA:218,23,0,0
BRDA:224,24,0,0
BRDA:228,25,0,0
BRDA:254,26,0,0
BRDA:257,27,0,0
BRDA:268,28,0,0
BRDA:268,29,0,0
BRDA:268,29,1,0
BRDA:281,30,0,0
BRDA:281,31,0,0
BRDA:281,31,1,0
BRDA:290,32,0,0
BRDA:294,33,0,0
BRDA:305,34,0,0
BRDA:305,35,0,0
BRDA:305,35,1,0
BRDA:315,36,0,0
BRDA:316,37,0,0
BRDA:324,38,0,0
BRDA:335,39,0,0
BRDA:335,40,0,0
BRDA:335,40,1,0
BRDA:349,41,0,0
BRDA:360,42,0,0
BRDA:375,43,0,0
BRDA:379,44,0,0
BRDA:390,45,0,0
BRDA:390,46,0,0
BRDA:390,46,1,0
BRDA:397,47,0,0
BRDA:397,48,0,0
BRDA:397,48,1,0
BRDA:397,48,2,0
BRDA:414,49,0,0
BRDA:418,50,0,0
BRDA:429,51,0,0
BRDA:429,52,0,0
BRDA:429,52,1,0
BRDA:442,53,0,0
BRDA:446,54,0,0
BRDA:455,55,0,0
BRDA:459,56,0,0
BRF:72
BRH:0
end_of_record
TN:
SF:src/routes/profiles.ts
FN:21,(anonymous_0)
FN:71,(anonymous_1)
FN:102,(anonymous_2)
FN:168,(anonymous_3)
FN:202,(anonymous_4)
FN:227,(anonymous_5)
FN:246,(anonymous_6)
FN:257,(anonymous_7)
FN:276,(anonymous_8)
FNF:9
FNH:0
FNDA:0,(anonymous_0)
FNDA:0,(anonymous_1)
FNDA:0,(anonymous_2)
FNDA:0,(anonymous_3)
FNDA:0,(anonymous_4)
FNDA:0,(anonymous_5)
FNDA:0,(anonymous_6)
FNDA:0,(anonymous_7)
FNDA:0,(anonymous_8)
DA:1,0
DA:3,0
DA:5,0
DA:6,0
DA:7,0
DA:9,0
DA:11,0
DA:21,0
DA:22,0
DA:23,0
DA:24,0
DA:27,0
DA:33,0
DA:36,0
DA:51,0
DA:62,0
DA:63,0
DA:71,0
DA:72,0
DA:73,0
DA:74,0
DA:77,0
DA:79,0
DA:86,0
DA:88,0
DA:90,0
DA:91,0
DA:93,0
DA:94,0
DA:102,0
DA:103,0
DA:104,0
DA:105,0
DA:108,0
DA:110,0
DA:116,0
DA:119,0
DA:136,0
DA:137,0
DA:138,0
DA:144,0
DA:147,0
DA:159,0
DA:160,0
DA:168,0
DA:169,0
DA:170,0
DA:171,0
DA:174,0
DA:176,0
DA:177,0
DA:180,0
DA:184,0
DA:185,0
DA:186,0
DA:188,0
DA:191,0
DA:193,0
DA:194,0
DA:202,0
DA:203,0
DA:204,0
DA:205,0
DA:208,0
DA:210,0
DA:216,0
DA:218,0
DA:219,0
DA:227,0
DA:228,0
DA:229,0
DA:230,0
DA:233,0
DA:235,0
DA:244,0
DA:246,0
DA:248,0
DA:249,0
DA:257,0
DA:258,0
DA:259,0
DA:260,0
DA:263,0
DA:265,0
DA:274,0
DA:276,0
DA:278,0
DA:279,0
LF:88
LH:0
BRDA:23,0,0,0
BRDA:23,1,0,0
BRDA:23,1,1,0
BRDA:33,2,0,0
BRDA:55,3,0,0
BRDA:55,3,1,0
BRDA:56,4,0,0
BRDA:56,4,1,0
BRDA:57,5,0,0
BRDA:57,5,1,0
BRDA:62,6,0,0
BRDA:73,7,0,0
BRDA:73,8,0,0
BRDA:73,8,1,0
BRDA:86,9,0,0
BRDA:90,10,0,0
BRDA:93,11,0,0
BRDA:104,12,0,0
BRDA:116,13,0,0
BRDA:137,14,0,0
BRDA:151,15,0,0
BRDA:151,15,1,0
BRDA:152,16,0,0
BRDA:152,16,1,0
BRDA:153,17,0,0
BRDA:153,17,1,0
BRDA:159,18,0,0
BRDA:170,19,0,0
BRDA:170,20,0,0
BRDA:170,20,1,0
BRDA:176,21,0,0
BRDA:184,22,0,0
BRDA:185,23,0,0
BRDA:193,24,0,0
BRDA:204,25,0,0
BRDA:204,26,0,0
BRDA:204,26,1,0
BRDA:218,27,0,0
BRDA:229,28,0,0
BRDA:244,29,0,0
BRDA:248,30,0,0
BRDA:259,31,0,0
BRDA:274,32,0,0
BRDA:278,33,0,0
BRF:44
BRH:0
end_of_record
TN:
SF:src/routes/tags.ts
FN:12,(anonymous_0)
FN:46,(anonymous_1)
FN:78,(anonymous_2)
FN:105,(anonymous_3)
FNF:4
FNH:0
FNDA:0,(anonymous_0)
FNDA:0,(anonymous_1)
FNDA:0,(anonymous_2)
FNDA:0,(anonymous_3)
DA:1,0
DA:3,0
DA:4,0
DA:6,0
DA:12,0
DA:13,0
DA:14,0
DA:15,0
DA:18,0
DA:19,0
DA:21,0
DA:27,0
DA:28,0
DA:31,0
DA:33,0
DA:35,0
DA:37,0
DA:38,0
DA:46,0
DA:47,0
DA:48,0
DA:49,0
DA:52,0
DA:54,0
DA:55,0
DA:58,0
DA:65,0
DA:67,0
DA:69,0
DA:70,0
DA:78,0
DA:79,0
DA:80,0
DA:81,0
DA:84,0
DA:85,0
DA:86,0
DA:89,0
DA:95,0
DA:96,0
DA:100,0
DA:105,0
DA:107,0
DA:108,0
DA:112,0
DA:124,0
DA:125,0
DA:128,0
DA:130,0
DA:132,0
DA:133,0
DA:135,0
DA:141,0
DA:142,0
LF:54
LH:0
BRDA:14,0,0,0
BRDA:18,1,0,0
BRDA:19,2,0,0
BRDA:19,2,1,0
BRDA:27,3,0,0
BRDA:33,4,0,0
BRDA:37,5,0,0
BRDA:48,6,0,0
BRDA:54,7,0,0
BRDA:54,8,0,0
BRDA:54,8,1,0
BRDA:65,9,0,0
BRDA:69,10,0,0
BRDA:80,11,0,0
BRDA:85,12,0,0
BRDA:86,13,0,0
BRDA:86,13,1,0
BRDA:95,14,0,0
BRDA:105,15,0,0
BRDA:105,15,1,0
BRDA:107,16,0,0
BRDA:124,17,0,0
BRDA:130,18,0,0
BRDA:133,19,0,0
BRDA:133,19,1,0
BRDA:137,20,0,0
BRDA:137,20,1,0
BRDA:141,21,0,0
BRF:28
BRH:0
end_of_record
TN:
SF:src/services/supabase.ts
FN:27,createUserClient
FNF:1
FNH:0
FNDA:0,createUserClient
DA:1,0
DA:3,0
DA:4,0
DA:5,0
DA:7,0
DA:8,0
DA:12,0
DA:22,0
DA:27,0
DA:28,0
DA:29,0
DA:32,0
LF:12
LH:0
BRDA:7,0,0,0
BRDA:12,1,0,0
BRDA:12,1,1,0
BRDA:22,2,0,0
BRDA:22,2,1,0
BRDA:28,3,0,0
BRDA:28,4,0,0
BRDA:28,4,1,0
BRF:8
BRH:0
end_of_record
