{"/root/color.io/src/components/ColorSuggestions.tsx": {"path":"/root/color.io/src/components/ColorSuggestions.tsx","statementMap":{"0":{"start":{"line":25,"column":32},"end":{"line":25,"column":56}},"1":{"start":{"line":37,"column":40},"end":{"line":37,"column":73}},"2":{"start":{"line":38,"column":48},"end":{"line":38,"column":77}},"3":{"start":{"line":40,"column":2},"end":{"line":43,"column":18}},"4":{"start":{"line":41,"column":22},"end":{"line":41,"column":73}},"5":{"start":{"line":42,"column":4},"end":{"line":42,"column":30}},"6":{"start":{"line":45,"column":23},"end":{"line":52,"column":3}},"7":{"start":{"line":47,"column":6},"end":{"line":47,"column":39}},"8":{"start":{"line":48,"column":6},"end":{"line":48,"column":61}},"9":{"start":{"line":49,"column":6},"end":{"line":49,"column":39}},"10":{"start":{"line":54,"column":2},"end":{"line":93,"column":4}},"11":{"start":{"line":64,"column":10},"end":{"line":89,"column":26}},"12":{"start":{"line":69,"column":38},"end":{"line":73,"column":15}},"13":{"start":{"line":74,"column":29},"end":{"line":74,"column":50}},"14":{"start":{"line":78,"column":18},"end":{"line":81,"column":20}},"15":{"start":{"line":109,"column":40},"end":{"line":109,"column":83}},"16":{"start":{"line":111,"column":2},"end":{"line":118,"column":23}},"17":{"start":{"line":112,"column":4},"end":{"line":115,"column":5}},"18":{"start":{"line":113,"column":6},"end":{"line":113,"column":25}},"19":{"start":{"line":114,"column":6},"end":{"line":114,"column":13}},"20":{"start":{"line":116,"column":24},"end":{"line":116,"column":90}},"21":{"start":{"line":117,"column":4},"end":{"line":117,"column":32}},"22":{"start":{"line":120,"column":25},"end":{"line":126,"column":3}},"23":{"start":{"line":122,"column":6},"end":{"line":122,"column":62}},"24":{"start":{"line":123,"column":6},"end":{"line":123,"column":37}},"25":{"start":{"line":128,"column":26},"end":{"line":131,"column":8}},"26":{"start":{"line":129,"column":4},"end":{"line":129,"column":40}},"27":{"start":{"line":130,"column":4},"end":{"line":130,"column":72}},"28":{"start":{"line":133,"column":2},"end":{"line":135,"column":3}},"29":{"start":{"line":134,"column":4},"end":{"line":134,"column":16}},"30":{"start":{"line":137,"column":2},"end":{"line":182,"column":4}},"31":{"start":{"line":143,"column":28},"end":{"line":143,"column":80}},"32":{"start":{"line":144,"column":10},"end":{"line":178,"column":12}},"33":{"start":{"line":151,"column":40},"end":{"line":155,"column":17}},"34":{"start":{"line":156,"column":31},"end":{"line":156,"column":57}},"35":{"start":{"line":157,"column":35},"end":{"line":157,"column":72}},"36":{"start":{"line":198,"column":36},"end":{"line":198,"column":70}},"37":{"start":{"line":200,"column":2},"end":{"line":207,"column":15}},"38":{"start":{"line":201,"column":4},"end":{"line":204,"column":5}},"39":{"start":{"line":202,"column":6},"end":{"line":202,"column":23}},"40":{"start":{"line":203,"column":6},"end":{"line":203,"column":13}},"41":{"start":{"line":205,"column":24},"end":{"line":205,"column":73}},"42":{"start":{"line":206,"column":4},"end":{"line":206,"column":30}},"43":{"start":{"line":209,"column":29},"end":{"line":212,"column":8}},"44":{"start":{"line":210,"column":4},"end":{"line":210,"column":48}},"45":{"start":{"line":211,"column":4},"end":{"line":211,"column":72}},"46":{"start":{"line":214,"column":2},"end":{"line":216,"column":3}},"47":{"start":{"line":215,"column":4},"end":{"line":215,"column":16}},"48":{"start":{"line":218,"column":2},"end":{"line":252,"column":4}},"49":{"start":{"line":228,"column":10},"end":{"line":248,"column":26}},"50":{"start":{"line":233,"column":38},"end":{"line":236,"column":15}},"51":{"start":{"line":237,"column":29},"end":{"line":237,"column":57}},"52":{"start":{"line":238,"column":33},"end":{"line":238,"column":73}},"53":{"start":{"line":241,"column":50},"end":{"line":241,"column":61}},"54":{"start":{"line":268,"column":32},"end":{"line":268,"column":68}},"55":{"start":{"line":269,"column":36},"end":{"line":269,"column":51}},"56":{"start":{"line":271,"column":2},"end":{"line":300,"column":15}},"57":{"start":{"line":272,"column":4},"end":{"line":275,"column":5}},"58":{"start":{"line":273,"column":6},"end":{"line":273,"column":21}},"59":{"start":{"line":274,"column":6},"end":{"line":274,"column":13}},"60":{"start":{"line":277,"column":20},"end":{"line":277,"column":24}},"61":{"start":{"line":279,"column":25},"end":{"line":293,"column":5}},"62":{"start":{"line":280,"column":6},"end":{"line":280,"column":25}},"63":{"start":{"line":281,"column":6},"end":{"line":292,"column":7}},"64":{"start":{"line":282,"column":24},"end":{"line":282,"column":79}},"65":{"start":{"line":283,"column":8},"end":{"line":285,"column":9}},"66":{"start":{"line":284,"column":10},"end":{"line":284,"column":30}},"67":{"start":{"line":287,"column":8},"end":{"line":287,"column":65}},"68":{"start":{"line":289,"column":8},"end":{"line":291,"column":9}},"69":{"start":{"line":290,"column":10},"end":{"line":290,"column":30}},"70":{"start":{"line":295,"column":4},"end":{"line":295,"column":19}},"71":{"start":{"line":297,"column":4},"end":{"line":299,"column":6}},"72":{"start":{"line":298,"column":6},"end":{"line":298,"column":24}},"73":{"start":{"line":302,"column":2},"end":{"line":312,"column":3}},"74":{"start":{"line":303,"column":4},"end":{"line":311,"column":6}},"75":{"start":{"line":314,"column":2},"end":{"line":316,"column":3}},"76":{"start":{"line":315,"column":4},"end":{"line":315,"column":16}},"77":{"start":{"line":318,"column":2},"end":{"line":368,"column":4}},"78":{"start":{"line":328,"column":10},"end":{"line":364,"column":26}},"79":{"start":{"line":333,"column":38},"end":{"line":336,"column":15}},"80":{"start":{"line":337,"column":29},"end":{"line":337,"column":55}},"81":{"start":{"line":341,"column":18},"end":{"line":344,"column":20}},"82":{"start":{"line":399,"column":36},"end":{"line":404,"column":5}},"83":{"start":{"line":399,"column":55},"end":{"line":404,"column":3}},"84":{"start":{"line":406,"column":20},"end":{"line":406,"column":39}},"85":{"start":{"line":408,"column":2},"end":{"line":410,"column":3}},"86":{"start":{"line":409,"column":4},"end":{"line":409,"column":16}},"87":{"start":{"line":412,"column":2},"end":{"line":442,"column":4}},"88":{"start":{"line":449,"column":15},"end":{"line":643,"column":2}}},"fnMap":{"0":{"name":"ColorHarmonySection","decl":{"start":{"line":36,"column":16},"end":{"line":36,"column":35}},"loc":{"start":{"line":36,"column":93},"end":{"line":94,"column":1}},"line":36},"1":{"name":"(anonymous_1)","decl":{"start":{"line":40,"column":12},"end":{"line":40,"column":13}},"loc":{"start":{"line":40,"column":18},"end":{"line":43,"column":3}},"line":40},"2":{"name":"(anonymous_2)","decl":{"start":{"line":46,"column":4},"end":{"line":46,"column":5}},"loc":{"start":{"line":46,"column":36},"end":{"line":50,"column":5}},"line":46},"3":{"name":"(anonymous_3)","decl":{"start":{"line":63,"column":25},"end":{"line":63,"column":26}},"loc":{"start":{"line":64,"column":10},"end":{"line":89,"column":26}},"line":64},"4":{"name":"(anonymous_4)","decl":{"start":{"line":69,"column":21},"end":{"line":69,"column":22}},"loc":{"start":{"line":69,"column":38},"end":{"line":73,"column":15}},"line":69},"5":{"name":"(anonymous_5)","decl":{"start":{"line":74,"column":23},"end":{"line":74,"column":24}},"loc":{"start":{"line":74,"column":29},"end":{"line":74,"column":50}},"line":74},"6":{"name":"(anonymous_6)","decl":{"start":{"line":77,"column":36},"end":{"line":77,"column":37}},"loc":{"start":{"line":78,"column":18},"end":{"line":81,"column":20}},"line":78},"7":{"name":"PaletteCompletionSection","decl":{"start":{"line":105,"column":16},"end":{"line":105,"column":40}},"loc":{"start":{"line":108,"column":34},"end":{"line":183,"column":1}},"line":108},"8":{"name":"(anonymous_8)","decl":{"start":{"line":111,"column":12},"end":{"line":111,"column":13}},"loc":{"start":{"line":111,"column":18},"end":{"line":118,"column":3}},"line":111},"9":{"name":"(anonymous_9)","decl":{"start":{"line":121,"column":4},"end":{"line":121,"column":5}},"loc":{"start":{"line":121,"column":55},"end":{"line":124,"column":5}},"line":121},"10":{"name":"(anonymous_10)","decl":{"start":{"line":128,"column":38},"end":{"line":128,"column":39}},"loc":{"start":{"line":128,"column":61},"end":{"line":131,"column":3}},"line":128},"11":{"name":"(anonymous_11)","decl":{"start":{"line":142,"column":25},"end":{"line":142,"column":26}},"loc":{"start":{"line":142,"column":48},"end":{"line":179,"column":9}},"line":142},"12":{"name":"(anonymous_12)","decl":{"start":{"line":151,"column":23},"end":{"line":151,"column":24}},"loc":{"start":{"line":151,"column":40},"end":{"line":155,"column":17}},"line":151},"13":{"name":"(anonymous_13)","decl":{"start":{"line":156,"column":25},"end":{"line":156,"column":26}},"loc":{"start":{"line":156,"column":31},"end":{"line":156,"column":57}},"line":156},"14":{"name":"(anonymous_14)","decl":{"start":{"line":157,"column":29},"end":{"line":157,"column":30}},"loc":{"start":{"line":157,"column":35},"end":{"line":157,"column":72}},"line":157},"15":{"name":"GradientSuggestionsSection","decl":{"start":{"line":194,"column":16},"end":{"line":194,"column":42}},"loc":{"start":{"line":197,"column":36},"end":{"line":253,"column":1}},"line":197},"16":{"name":"(anonymous_16)","decl":{"start":{"line":200,"column":12},"end":{"line":200,"column":13}},"loc":{"start":{"line":200,"column":18},"end":{"line":207,"column":3}},"line":200},"17":{"name":"(anonymous_17)","decl":{"start":{"line":209,"column":41},"end":{"line":209,"column":42}},"loc":{"start":{"line":209,"column":72},"end":{"line":212,"column":3}},"line":209},"18":{"name":"(anonymous_18)","decl":{"start":{"line":227,"column":23},"end":{"line":227,"column":24}},"loc":{"start":{"line":228,"column":10},"end":{"line":248,"column":26}},"line":228},"19":{"name":"(anonymous_19)","decl":{"start":{"line":233,"column":21},"end":{"line":233,"column":22}},"loc":{"start":{"line":233,"column":38},"end":{"line":236,"column":15}},"line":233},"20":{"name":"(anonymous_20)","decl":{"start":{"line":237,"column":23},"end":{"line":237,"column":24}},"loc":{"start":{"line":237,"column":29},"end":{"line":237,"column":57}},"line":237},"21":{"name":"(anonymous_21)","decl":{"start":{"line":238,"column":27},"end":{"line":238,"column":28}},"loc":{"start":{"line":238,"column":33},"end":{"line":238,"column":73}},"line":238},"22":{"name":"(anonymous_22)","decl":{"start":{"line":241,"column":43},"end":{"line":241,"column":44}},"loc":{"start":{"line":241,"column":50},"end":{"line":241,"column":61}},"line":241},"23":{"name":"SimilarPalettesSection","decl":{"start":{"line":264,"column":16},"end":{"line":264,"column":38}},"loc":{"start":{"line":267,"column":32},"end":{"line":369,"column":1}},"line":267},"24":{"name":"(anonymous_24)","decl":{"start":{"line":271,"column":12},"end":{"line":271,"column":13}},"loc":{"start":{"line":271,"column":18},"end":{"line":300,"column":3}},"line":271},"25":{"name":"(anonymous_25)","decl":{"start":{"line":279,"column":25},"end":{"line":279,"column":26}},"loc":{"start":{"line":279,"column":37},"end":{"line":293,"column":5}},"line":279},"26":{"name":"(anonymous_26)","decl":{"start":{"line":297,"column":11},"end":{"line":297,"column":12}},"loc":{"start":{"line":297,"column":17},"end":{"line":299,"column":5}},"line":297},"27":{"name":"(anonymous_27)","decl":{"start":{"line":327,"column":21},"end":{"line":327,"column":22}},"loc":{"start":{"line":328,"column":10},"end":{"line":364,"column":26}},"line":328},"28":{"name":"(anonymous_28)","decl":{"start":{"line":333,"column":21},"end":{"line":333,"column":22}},"loc":{"start":{"line":333,"column":38},"end":{"line":336,"column":15}},"line":333},"29":{"name":"(anonymous_29)","decl":{"start":{"line":337,"column":23},"end":{"line":337,"column":24}},"loc":{"start":{"line":337,"column":29},"end":{"line":337,"column":55}},"line":337},"30":{"name":"(anonymous_30)","decl":{"start":{"line":340,"column":48},"end":{"line":340,"column":49}},"loc":{"start":{"line":341,"column":18},"end":{"line":344,"column":20}},"line":341},"31":{"name":"ColorSuggestions","decl":{"start":{"line":387,"column":16},"end":{"line":387,"column":32}},"loc":{"start":{"line":397,"column":26},"end":{"line":443,"column":1}},"line":397},"32":{"name":"(anonymous_32)","decl":{"start":{"line":399,"column":47},"end":{"line":399,"column":48}},"loc":{"start":{"line":399,"column":55},"end":{"line":404,"column":3}},"line":399}},"branchMap":{"0":{"loc":{"start":{"line":71,"column":16},"end":{"line":71,"column":78}},"type":"binary-expr","locations":[{"start":{"line":71,"column":16},"end":{"line":71,"column":48}},{"start":{"line":71,"column":52},"end":{"line":71,"column":78}}],"line":71},"1":{"loc":{"start":{"line":72,"column":16},"end":{"line":72,"column":52}},"type":"binary-expr","locations":[{"start":{"line":72,"column":16},"end":{"line":72,"column":23}},{"start":{"line":72,"column":27},"end":{"line":72,"column":52}}],"line":72},"2":{"loc":{"start":{"line":112,"column":4},"end":{"line":115,"column":5}},"type":"if","locations":[{"start":{"line":112,"column":4},"end":{"line":115,"column":5}},{"start":{},"end":{}}],"line":112},"3":{"loc":{"start":{"line":133,"column":2},"end":{"line":135,"column":3}},"type":"if","locations":[{"start":{"line":133,"column":2},"end":{"line":135,"column":3}},{"start":{},"end":{}}],"line":133},"4":{"loc":{"start":{"line":143,"column":28},"end":{"line":143,"column":80}},"type":"cond-expr","locations":[{"start":{"line":143,"column":65},"end":{"line":143,"column":71}},{"start":{"line":143,"column":74},"end":{"line":143,"column":80}}],"line":143},"5":{"loc":{"start":{"line":154,"column":18},"end":{"line":154,"column":57}},"type":"binary-expr","locations":[{"start":{"line":154,"column":18},"end":{"line":154,"column":25}},{"start":{"line":154,"column":29},"end":{"line":154,"column":57}}],"line":154},"6":{"loc":{"start":{"line":201,"column":4},"end":{"line":204,"column":5}},"type":"if","locations":[{"start":{"line":201,"column":4},"end":{"line":204,"column":5}},{"start":{},"end":{}}],"line":201},"7":{"loc":{"start":{"line":214,"column":2},"end":{"line":216,"column":3}},"type":"if","locations":[{"start":{"line":214,"column":2},"end":{"line":216,"column":3}},{"start":{},"end":{}}],"line":214},"8":{"loc":{"start":{"line":235,"column":16},"end":{"line":235,"column":53}},"type":"binary-expr","locations":[{"start":{"line":235,"column":16},"end":{"line":235,"column":23}},{"start":{"line":235,"column":27},"end":{"line":235,"column":53}}],"line":235},"9":{"loc":{"start":{"line":272,"column":4},"end":{"line":275,"column":5}},"type":"if","locations":[{"start":{"line":272,"column":4},"end":{"line":275,"column":5}},{"start":{},"end":{}}],"line":272},"10":{"loc":{"start":{"line":283,"column":8},"end":{"line":285,"column":9}},"type":"if","locations":[{"start":{"line":283,"column":8},"end":{"line":285,"column":9}},{"start":{},"end":{}}],"line":283},"11":{"loc":{"start":{"line":289,"column":8},"end":{"line":291,"column":9}},"type":"if","locations":[{"start":{"line":289,"column":8},"end":{"line":291,"column":9}},{"start":{},"end":{}}],"line":289},"12":{"loc":{"start":{"line":302,"column":2},"end":{"line":312,"column":3}},"type":"if","locations":[{"start":{"line":302,"column":2},"end":{"line":312,"column":3}},{"start":{},"end":{}}],"line":302},"13":{"loc":{"start":{"line":314,"column":2},"end":{"line":316,"column":3}},"type":"if","locations":[{"start":{"line":314,"column":2},"end":{"line":316,"column":3}},{"start":{},"end":{}}],"line":314},"14":{"loc":{"start":{"line":335,"column":16},"end":{"line":335,"column":52}},"type":"binary-expr","locations":[{"start":{"line":335,"column":16},"end":{"line":335,"column":23}},{"start":{"line":335,"column":27},"end":{"line":335,"column":52}}],"line":335},"15":{"loc":{"start":{"line":393,"column":2},"end":{"line":393,"column":22}},"type":"default-arg","locations":[{"start":{"line":393,"column":18},"end":{"line":393,"column":22}}],"line":393},"16":{"loc":{"start":{"line":394,"column":2},"end":{"line":394,"column":24}},"type":"default-arg","locations":[{"start":{"line":394,"column":20},"end":{"line":394,"column":24}}],"line":394},"17":{"loc":{"start":{"line":395,"column":2},"end":{"line":395,"column":22}},"type":"default-arg","locations":[{"start":{"line":395,"column":18},"end":{"line":395,"column":22}}],"line":395},"18":{"loc":{"start":{"line":396,"column":2},"end":{"line":396,"column":20}},"type":"default-arg","locations":[{"start":{"line":396,"column":16},"end":{"line":396,"column":20}}],"line":396},"19":{"loc":{"start":{"line":403,"column":10},"end":{"line":403,"column":42}},"type":"cond-expr","locations":[{"start":{"line":403,"column":24},"end":{"line":403,"column":30}},{"start":{"line":403,"column":33},"end":{"line":403,"column":42}}],"line":403},"20":{"loc":{"start":{"line":408,"column":2},"end":{"line":410,"column":3}},"type":"if","locations":[{"start":{"line":408,"column":2},"end":{"line":410,"column":3}},{"start":{},"end":{}}],"line":408},"21":{"loc":{"start":{"line":414,"column":7},"end":{"line":419,"column":7}},"type":"binary-expr","locations":[{"start":{"line":414,"column":7},"end":{"line":414,"column":20}},{"start":{"line":414,"column":24},"end":{"line":414,"column":33}},{"start":{"line":415,"column":8},"end":{"line":418,"column":10}}],"line":414},"22":{"loc":{"start":{"line":421,"column":7},"end":{"line":426,"column":7}},"type":"binary-expr","locations":[{"start":{"line":421,"column":7},"end":{"line":421,"column":22}},{"start":{"line":422,"column":8},"end":{"line":425,"column":10}}],"line":421},"23":{"loc":{"start":{"line":428,"column":7},"end":{"line":433,"column":7}},"type":"binary-expr","locations":[{"start":{"line":428,"column":7},"end":{"line":428,"column":20}},{"start":{"line":429,"column":8},"end":{"line":432,"column":10}}],"line":428},"24":{"loc":{"start":{"line":435,"column":7},"end":{"line":440,"column":7}},"type":"binary-expr","locations":[{"start":{"line":435,"column":7},"end":{"line":435,"column":18}},{"start":{"line":436,"column":8},"end":{"line":439,"column":10}}],"line":435}},"s":{"0":0,"1":0,"2":0,"3":0,"4":0,"5":0,"6":0,"7":0,"8":0,"9":0,"10":0,"11":0,"12":0,"13":0,"14":0,"15":0,"16":0,"17":0,"18":0,"19":0,"20":0,"21":0,"22":0,"23":0,"24":0,"25":0,"26":0,"27":0,"28":0,"29":0,"30":0,"31":0,"32":0,"33":0,"34":0,"35":0,"36":0,"37":0,"38":0,"39":0,"40":0,"41":0,"42":0,"43":0,"44":0,"45":0,"46":0,"47":0,"48":0,"49":0,"50":0,"51":0,"52":0,"53":0,"54":0,"55":0,"56":0,"57":0,"58":0,"59":0,"60":0,"61":0,"62":0,"63":0,"64":0,"65":0,"66":0,"67":0,"68":0,"69":0,"70":0,"71":0,"72":0,"73":0,"74":0,"75":0,"76":0,"77":0,"78":0,"79":0,"80":0,"81":0,"82":0,"83":0,"84":0,"85":0,"86":0,"87":0,"88":0},"f":{"0":0,"1":0,"2":0,"3":0,"4":0,"5":0,"6":0,"7":0,"8":0,"9":0,"10":0,"11":0,"12":0,"13":0,"14":0,"15":0,"16":0,"17":0,"18":0,"19":0,"20":0,"21":0,"22":0,"23":0,"24":0,"25":0,"26":0,"27":0,"28":0,"29":0,"30":0,"31":0,"32":0},"b":{"0":[0,0],"1":[0,0],"2":[0,0],"3":[0,0],"4":[0,0],"5":[0,0],"6":[0,0],"7":[0,0],"8":[0,0],"9":[0,0],"10":[0,0],"11":[0,0],"12":[0,0],"13":[0,0],"14":[0,0],"15":[0],"16":[0],"17":[0],"18":[0],"19":[0,0],"20":[0,0],"21":[0,0,0],"22":[0,0],"23":[0,0],"24":[0,0]}}
,"/root/color.io/src/components/ColorTrends.tsx": {"path":"/root/color.io/src/components/ColorTrends.tsx","statementMap":{"0":{"start":{"line":30,"column":32},"end":{"line":30,"column":56}},"1":{"start":{"line":42,"column":59},"end":{"line":46,"column":3}},"2":{"start":{"line":48,"column":2},"end":{"line":73,"column":4}},"3":{"start":{"line":51,"column":8},"end":{"line":70,"column":20}},"4":{"start":{"line":58,"column":12},"end":{"line":58,"column":37}},"5":{"start":{"line":59,"column":12},"end":{"line":59,"column":35}},"6":{"start":{"line":91,"column":20},"end":{"line":91,"column":67}},"7":{"start":{"line":93,"column":21},"end":{"line":96,"column":23}},"8":{"start":{"line":94,"column":4},"end":{"line":94,"column":52}},"9":{"start":{"line":95,"column":4},"end":{"line":95,"column":72}},"10":{"start":{"line":98,"column":2},"end":{"line":114,"column":3}},"11":{"start":{"line":99,"column":4},"end":{"line":113,"column":6}},"12":{"start":{"line":101,"column":32},"end":{"line":105,"column":9}},"13":{"start":{"line":106,"column":23},"end":{"line":106,"column":45}},"14":{"start":{"line":116,"column":2},"end":{"line":159,"column":4}},"15":{"start":{"line":118,"column":30},"end":{"line":122,"column":7}},"16":{"start":{"line":123,"column":21},"end":{"line":123,"column":43}},"17":{"start":{"line":177,"column":24},"end":{"line":177,"column":62}},"18":{"start":{"line":179,"column":2},"end":{"line":195,"column":4}},"19":{"start":{"line":182,"column":8},"end":{"line":192,"column":24}},"20":{"start":{"line":211,"column":2},"end":{"line":226,"column":4}},"21":{"start":{"line":218,"column":8},"end":{"line":223,"column":24}},"22":{"start":{"line":238,"column":23},"end":{"line":243,"column":3}},"23":{"start":{"line":245,"column":22},"end":{"line":250,"column":3}},"24":{"start":{"line":252,"column":2},"end":{"line":299,"column":4}},"25":{"start":{"line":288,"column":12},"end":{"line":294,"column":14}},"26":{"start":{"line":311,"column":30},"end":{"line":311,"column":61}},"27":{"start":{"line":312,"column":36},"end":{"line":312,"column":68}},"28":{"start":{"line":313,"column":42},"end":{"line":313,"column":78}},"29":{"start":{"line":314,"column":36},"end":{"line":314,"column":50}},"30":{"start":{"line":315,"column":42},"end":{"line":315,"column":57}},"31":{"start":{"line":317,"column":22},"end":{"line":340,"column":14}},"32":{"start":{"line":318,"column":4},"end":{"line":322,"column":5}},"33":{"start":{"line":319,"column":6},"end":{"line":319,"column":28}},"34":{"start":{"line":321,"column":6},"end":{"line":321,"column":25}},"35":{"start":{"line":324,"column":4},"end":{"line":339,"column":5}},"36":{"start":{"line":325,"column":33},"end":{"line":328,"column":8}},"37":{"start":{"line":330,"column":6},"end":{"line":330,"column":27}},"38":{"start":{"line":331,"column":6},"end":{"line":333,"column":7}},"39":{"start":{"line":332,"column":8},"end":{"line":332,"column":34}},"40":{"start":{"line":335,"column":6},"end":{"line":335,"column":53}},"41":{"start":{"line":337,"column":6},"end":{"line":337,"column":26}},"42":{"start":{"line":338,"column":6},"end":{"line":338,"column":29}},"43":{"start":{"line":342,"column":2},"end":{"line":344,"column":20}},"44":{"start":{"line":343,"column":4},"end":{"line":343,"column":18}},"45":{"start":{"line":346,"column":2},"end":{"line":353,"column":3}},"46":{"start":{"line":347,"column":4},"end":{"line":352,"column":6}},"47":{"start":{"line":355,"column":2},"end":{"line":423,"column":4}},"48":{"start":{"line":363,"column":27},"end":{"line":363,"column":44}},"49":{"start":{"line":431,"column":15},"end":{"line":431,"column":35}},"50":{"start":{"line":432,"column":2},"end":{"line":435,"column":5}},"51":{"start":{"line":439,"column":15},"end":{"line":439,"column":35}},"52":{"start":{"line":440,"column":2},"end":{"line":440,"column":61}},"53":{"start":{"line":444,"column":2},"end":{"line":444,"column":52}},"54":{"start":{"line":451,"column":15},"end":{"line":702,"column":2}}},"fnMap":{"0":{"name":"PeriodSelector","decl":{"start":{"line":41,"column":9},"end":{"line":41,"column":23}},"loc":{"start":{"line":41,"column":69},"end":{"line":74,"column":1}},"line":41},"1":{"name":"(anonymous_1)","decl":{"start":{"line":50,"column":19},"end":{"line":50,"column":20}},"loc":{"start":{"line":51,"column":8},"end":{"line":70,"column":20}},"line":51},"2":{"name":"(anonymous_2)","decl":{"start":{"line":57,"column":19},"end":{"line":57,"column":20}},"loc":{"start":{"line":57,"column":25},"end":{"line":60,"column":11}},"line":57},"3":{"name":"TrendingColorCard","decl":{"start":{"line":86,"column":9},"end":{"line":86,"column":26}},"loc":{"start":{"line":90,"column":27},"end":{"line":160,"column":1}},"line":90},"4":{"name":"(anonymous_4)","decl":{"start":{"line":93,"column":33},"end":{"line":93,"column":34}},"loc":{"start":{"line":93,"column":45},"end":{"line":96,"column":3}},"line":93},"5":{"name":"(anonymous_5)","decl":{"start":{"line":101,"column":15},"end":{"line":101,"column":16}},"loc":{"start":{"line":101,"column":32},"end":{"line":105,"column":9}},"line":101},"6":{"name":"(anonymous_6)","decl":{"start":{"line":106,"column":17},"end":{"line":106,"column":18}},"loc":{"start":{"line":106,"column":23},"end":{"line":106,"column":45}},"line":106},"7":{"name":"(anonymous_7)","decl":{"start":{"line":118,"column":13},"end":{"line":118,"column":14}},"loc":{"start":{"line":118,"column":30},"end":{"line":122,"column":7}},"line":118},"8":{"name":"(anonymous_8)","decl":{"start":{"line":123,"column":15},"end":{"line":123,"column":16}},"loc":{"start":{"line":123,"column":21},"end":{"line":123,"column":43}},"line":123},"9":{"name":"TrendingColorsGrid","decl":{"start":{"line":172,"column":16},"end":{"line":172,"column":34}},"loc":{"start":{"line":176,"column":28},"end":{"line":196,"column":1}},"line":176},"10":{"name":"(anonymous_10)","decl":{"start":{"line":181,"column":25},"end":{"line":181,"column":26}},"loc":{"start":{"line":182,"column":8},"end":{"line":192,"column":24}},"line":182},"11":{"name":"TopTrendingList","decl":{"start":{"line":207,"column":16},"end":{"line":207,"column":31}},"loc":{"start":{"line":210,"column":25},"end":{"line":227,"column":1}},"line":210},"12":{"name":"(anonymous_12)","decl":{"start":{"line":217,"column":31},"end":{"line":217,"column":32}},"loc":{"start":{"line":218,"column":8},"end":{"line":223,"column":24}},"line":218},"13":{"name":"SeasonalInsightsCard","decl":{"start":{"line":237,"column":9},"end":{"line":237,"column":29}},"loc":{"start":{"line":237,"column":71},"end":{"line":300,"column":1}},"line":237},"14":{"name":"(anonymous_14)","decl":{"start":{"line":287,"column":37},"end":{"line":287,"column":38}},"loc":{"start":{"line":288,"column":12},"end":{"line":294,"column":14}},"line":288},"15":{"name":"ColorTrends","decl":{"start":{"line":310,"column":16},"end":{"line":310,"column":27}},"loc":{"start":{"line":310,"column":65},"end":{"line":424,"column":1}},"line":310},"16":{"name":"(anonymous_16)","decl":{"start":{"line":317,"column":34},"end":{"line":317,"column":35}},"loc":{"start":{"line":317,"column":66},"end":{"line":340,"column":3}},"line":317},"17":{"name":"(anonymous_17)","decl":{"start":{"line":342,"column":12},"end":{"line":342,"column":13}},"loc":{"start":{"line":342,"column":18},"end":{"line":344,"column":3}},"line":342},"18":{"name":"(anonymous_18)","decl":{"start":{"line":363,"column":21},"end":{"line":363,"column":22}},"loc":{"start":{"line":363,"column":27},"end":{"line":363,"column":44}},"line":363},"19":{"name":"formatDate","decl":{"start":{"line":430,"column":9},"end":{"line":430,"column":19}},"loc":{"start":{"line":430,"column":48},"end":{"line":436,"column":1}},"line":430},"20":{"name":"getMonthName","decl":{"start":{"line":438,"column":9},"end":{"line":438,"column":21}},"loc":{"start":{"line":438,"column":50},"end":{"line":441,"column":1}},"line":438},"21":{"name":"capitalizeFirst","decl":{"start":{"line":443,"column":9},"end":{"line":443,"column":24}},"loc":{"start":{"line":443,"column":46},"end":{"line":445,"column":1}},"line":443}},"branchMap":{"0":{"loc":{"start":{"line":55,"column":12},"end":{"line":55,"column":66}},"type":"binary-expr","locations":[{"start":{"line":55,"column":12},"end":{"line":55,"column":37}},{"start":{"line":55,"column":41},"end":{"line":55,"column":66}}],"line":55},"1":{"loc":{"start":{"line":65,"column":14},"end":{"line":65,"column":72}},"type":"binary-expr","locations":[{"start":{"line":65,"column":14},"end":{"line":65,"column":39}},{"start":{"line":65,"column":43},"end":{"line":65,"column":72}}],"line":65},"2":{"loc":{"start":{"line":89,"column":2},"end":{"line":89,"column":17}},"type":"default-arg","locations":[{"start":{"line":89,"column":12},"end":{"line":89,"column":17}}],"line":89},"3":{"loc":{"start":{"line":91,"column":20},"end":{"line":91,"column":67}},"type":"cond-expr","locations":[{"start":{"line":91,"column":52},"end":{"line":91,"column":58}},{"start":{"line":91,"column":61},"end":{"line":91,"column":67}}],"line":91},"4":{"loc":{"start":{"line":98,"column":2},"end":{"line":114,"column":3}},"type":"if","locations":[{"start":{"line":98,"column":2},"end":{"line":114,"column":3}},{"start":{},"end":{}}],"line":98},"5":{"loc":{"start":{"line":104,"column":10},"end":{"line":104,"column":39}},"type":"binary-expr","locations":[{"start":{"line":104,"column":10},"end":{"line":104,"column":17}},{"start":{"line":104,"column":21},"end":{"line":104,"column":39}}],"line":104},"6":{"loc":{"start":{"line":121,"column":8},"end":{"line":121,"column":37}},"type":"binary-expr","locations":[{"start":{"line":121,"column":8},"end":{"line":121,"column":15}},{"start":{"line":121,"column":19},"end":{"line":121,"column":37}}],"line":121},"7":{"loc":{"start":{"line":135,"column":9},"end":{"line":139,"column":9}},"type":"binary-expr","locations":[{"start":{"line":135,"column":9},"end":{"line":135,"column":25}},{"start":{"line":136,"column":10},"end":{"line":138,"column":17}}],"line":135},"8":{"loc":{"start":{"line":144,"column":7},"end":{"line":157,"column":7}},"type":"binary-expr","locations":[{"start":{"line":144,"column":7},"end":{"line":144,"column":19}},{"start":{"line":144,"column":23},"end":{"line":144,"column":46}},{"start":{"line":145,"column":8},"end":{"line":156,"column":15}}],"line":144},"9":{"loc":{"start":{"line":148,"column":12},"end":{"line":148,"column":57}},"type":"binary-expr","locations":[{"start":{"line":148,"column":12},"end":{"line":148,"column":33}},{"start":{"line":148,"column":37},"end":{"line":148,"column":57}}],"line":148},"10":{"loc":{"start":{"line":149,"column":12},"end":{"line":149,"column":61}},"type":"binary-expr","locations":[{"start":{"line":149,"column":12},"end":{"line":149,"column":35}},{"start":{"line":149,"column":39},"end":{"line":149,"column":61}}],"line":149},"11":{"loc":{"start":{"line":150,"column":12},"end":{"line":150,"column":59}},"type":"binary-expr","locations":[{"start":{"line":150,"column":12},"end":{"line":150,"column":34}},{"start":{"line":150,"column":38},"end":{"line":150,"column":59}}],"line":150},"12":{"loc":{"start":{"line":154,"column":13},"end":{"line":154,"column":80}},"type":"cond-expr","locations":[{"start":{"line":154,"column":37},"end":{"line":154,"column":40}},{"start":{"line":154,"column":43},"end":{"line":154,"column":80}}],"line":154},"13":{"loc":{"start":{"line":154,"column":43},"end":{"line":154,"column":80}},"type":"cond-expr","locations":[{"start":{"line":154,"column":69},"end":{"line":154,"column":72}},{"start":{"line":154,"column":75},"end":{"line":154,"column":80}}],"line":154},"14":{"loc":{"start":{"line":175,"column":2},"end":{"line":175,"column":17}},"type":"default-arg","locations":[{"start":{"line":175,"column":12},"end":{"line":175,"column":17}}],"line":175},"15":{"loc":{"start":{"line":177,"column":24},"end":{"line":177,"column":62}},"type":"cond-expr","locations":[{"start":{"line":177,"column":34},"end":{"line":177,"column":40}},{"start":{"line":177,"column":43},"end":{"line":177,"column":62}}],"line":177},"16":{"loc":{"start":{"line":317,"column":41},"end":{"line":317,"column":61}},"type":"default-arg","locations":[{"start":{"line":317,"column":56},"end":{"line":317,"column":61}}],"line":317},"17":{"loc":{"start":{"line":318,"column":4},"end":{"line":322,"column":5}},"type":"if","locations":[{"start":{"line":318,"column":4},"end":{"line":322,"column":5}},{"start":{"line":320,"column":11},"end":{"line":322,"column":5}}],"line":318},"18":{"loc":{"start":{"line":327,"column":8},"end":{"line":327,"column":72}},"type":"cond-expr","locations":[{"start":{"line":327,"column":32},"end":{"line":327,"column":65}},{"start":{"line":327,"column":68},"end":{"line":327,"column":72}}],"line":327},"19":{"loc":{"start":{"line":331,"column":6},"end":{"line":333,"column":7}},"type":"if","locations":[{"start":{"line":331,"column":6},"end":{"line":333,"column":7}},{"start":{},"end":{}}],"line":331},"20":{"loc":{"start":{"line":346,"column":2},"end":{"line":353,"column":3}},"type":"if","locations":[{"start":{"line":346,"column":2},"end":{"line":353,"column":3}},{"start":{},"end":{}}],"line":346},"21":{"loc":{"start":{"line":346,"column":6},"end":{"line":346,"column":29}},"type":"binary-expr","locations":[{"start":{"line":346,"column":6},"end":{"line":346,"column":15}},{"start":{"line":346,"column":19},"end":{"line":346,"column":29}}],"line":346},"22":{"loc":{"start":{"line":372,"column":7},"end":{"line":380,"column":7}},"type":"binary-expr","locations":[{"start":{"line":372,"column":7},"end":{"line":372,"column":16}},{"start":{"line":373,"column":8},"end":{"line":379,"column":24}}],"line":372},"23":{"loc":{"start":{"line":375,"column":13},"end":{"line":375,"column":82}},"type":"binary-expr","locations":[{"start":{"line":375,"column":13},"end":{"line":375,"column":32}},{"start":{"line":375,"column":36},"end":{"line":375,"column":82}}],"line":375},"24":{"loc":{"start":{"line":376,"column":13},"end":{"line":376,"column":126}},"type":"binary-expr","locations":[{"start":{"line":376,"column":13},"end":{"line":376,"column":33}},{"start":{"line":376,"column":37},"end":{"line":376,"column":126}}],"line":376},"25":{"loc":{"start":{"line":377,"column":13},"end":{"line":377,"column":89}},"type":"binary-expr","locations":[{"start":{"line":377,"column":13},"end":{"line":377,"column":34}},{"start":{"line":377,"column":38},"end":{"line":377,"column":89}}],"line":377},"26":{"loc":{"start":{"line":377,"column":57},"end":{"line":377,"column":79}},"type":"binary-expr","locations":[{"start":{"line":377,"column":57},"end":{"line":377,"column":73}},{"start":{"line":377,"column":77},"end":{"line":377,"column":79}}],"line":377},"27":{"loc":{"start":{"line":383,"column":7},"end":{"line":387,"column":7}},"type":"binary-expr","locations":[{"start":{"line":383,"column":7},"end":{"line":383,"column":28}},{"start":{"line":383,"column":32},"end":{"line":383,"column":44}},{"start":{"line":384,"column":8},"end":{"line":386,"column":24}}],"line":383},"28":{"loc":{"start":{"line":390,"column":7},"end":{"line":421,"column":7}},"type":"cond-expr","locations":[{"start":{"line":391,"column":8},"end":{"line":411,"column":11}},{"start":{"line":413,"column":8},"end":{"line":420,"column":15}}],"line":390},"29":{"loc":{"start":{"line":390,"column":7},"end":{"line":390,"column":47}},"type":"binary-expr","locations":[{"start":{"line":390,"column":7},"end":{"line":390,"column":16}},{"start":{"line":390,"column":20},"end":{"line":390,"column":47}}],"line":390}},"s":{"0":0,"1":0,"2":0,"3":0,"4":0,"5":0,"6":0,"7":0,"8":0,"9":0,"10":0,"11":0,"12":0,"13":0,"14":0,"15":0,"16":0,"17":0,"18":0,"19":0,"20":0,"21":0,"22":0,"23":0,"24":0,"25":0,"26":0,"27":0,"28":0,"29":0,"30":0,"31":0,"32":0,"33":0,"34":0,"35":0,"36":0,"37":0,"38":0,"39":0,"40":0,"41":0,"42":0,"43":0,"44":0,"45":0,"46":0,"47":0,"48":0,"49":0,"50":0,"51":0,"52":0,"53":0,"54":0},"f":{"0":0,"1":0,"2":0,"3":0,"4":0,"5":0,"6":0,"7":0,"8":0,"9":0,"10":0,"11":0,"12":0,"13":0,"14":0,"15":0,"16":0,"17":0,"18":0,"19":0,"20":0,"21":0},"b":{"0":[0,0],"1":[0,0],"2":[0],"3":[0,0],"4":[0,0],"5":[0,0],"6":[0,0],"7":[0,0],"8":[0,0,0],"9":[0,0],"10":[0,0],"11":[0,0],"12":[0,0],"13":[0,0],"14":[0],"15":[0,0],"16":[0],"17":[0,0],"18":[0,0],"19":[0,0],"20":[0,0],"21":[0,0],"22":[0,0],"23":[0,0],"24":[0,0],"25":[0,0],"26":[0,0],"27":[0,0,0],"28":[0,0],"29":[0,0]}}
,"/root/color.io/src/components/Comments.tsx": {"path":"/root/color.io/src/components/Comments.tsx","statementMap":{"0":{"start":{"line":26,"column":17},"end":{"line":26,"column":28}},"1":{"start":{"line":27,"column":19},"end":{"line":27,"column":33}},"2":{"start":{"line":34,"column":6},"end":{"line":34,"column":25}},"3":{"start":{"line":36,"column":38},"end":{"line":36,"column":50}},"4":{"start":{"line":37,"column":42},"end":{"line":37,"column":57}},"5":{"start":{"line":39,"column":26},"end":{"line":39,"column":51}},"6":{"start":{"line":40,"column":20},"end":{"line":40,"column":57}},"7":{"start":{"line":42,"column":2},"end":{"line":44,"column":18}},"8":{"start":{"line":43,"column":4},"end":{"line":43,"column":29}},"9":{"start":{"line":46,"column":24},"end":{"line":59,"column":3}},"10":{"start":{"line":47,"column":17},"end":{"line":47,"column":37}},"11":{"start":{"line":48,"column":16},"end":{"line":48,"column":26}},"12":{"start":{"line":49,"column":19},"end":{"line":49,"column":49}},"13":{"start":{"line":50,"column":21},"end":{"line":50,"column":47}},"14":{"start":{"line":51,"column":22},"end":{"line":51,"column":50}},"15":{"start":{"line":52,"column":21},"end":{"line":52,"column":50}},"16":{"start":{"line":54,"column":4},"end":{"line":54,"column":35}},"17":{"start":{"line":54,"column":22},"end":{"line":54,"column":35}},"18":{"start":{"line":55,"column":4},"end":{"line":55,"column":49}},"19":{"start":{"line":55,"column":23},"end":{"line":55,"column":49}},"20":{"start":{"line":56,"column":4},"end":{"line":56,"column":51}},"21":{"start":{"line":56,"column":24},"end":{"line":56,"column":51}},"22":{"start":{"line":57,"column":4},"end":{"line":57,"column":48}},"23":{"start":{"line":57,"column":22},"end":{"line":57,"column":48}},"24":{"start":{"line":58,"column":4},"end":{"line":58,"column":37}},"25":{"start":{"line":61,"column":30},"end":{"line":82,"column":3}},"26":{"start":{"line":62,"column":4},"end":{"line":68,"column":5}},"27":{"start":{"line":63,"column":6},"end":{"line":66,"column":9}},"28":{"start":{"line":65,"column":42},"end":{"line":65,"column":70}},"29":{"start":{"line":67,"column":6},"end":{"line":67,"column":13}},"30":{"start":{"line":70,"column":20},"end":{"line":70,"column":37}},"31":{"start":{"line":71,"column":4},"end":{"line":71,"column":25}},"32":{"start":{"line":71,"column":18},"end":{"line":71,"column":25}},"33":{"start":{"line":73,"column":4},"end":{"line":73,"column":26}},"34":{"start":{"line":74,"column":4},"end":{"line":81,"column":5}},"35":{"start":{"line":75,"column":6},"end":{"line":75,"column":43}},"36":{"start":{"line":76,"column":6},"end":{"line":76,"column":24}},"37":{"start":{"line":78,"column":6},"end":{"line":78,"column":71}},"38":{"start":{"line":80,"column":6},"end":{"line":80,"column":29}},"39":{"start":{"line":84,"column":30},"end":{"line":102,"column":3}},"40":{"start":{"line":86,"column":6},"end":{"line":99,"column":9}},"41":{"start":{"line":92,"column":12},"end":{"line":96,"column":13}},"42":{"start":{"line":93,"column":14},"end":{"line":93,"column":56}},"43":{"start":{"line":95,"column":14},"end":{"line":95,"column":82}},"44":{"start":{"line":104,"column":26},"end":{"line":127,"column":3}},"45":{"start":{"line":106,"column":22},"end":{"line":106,"column":49}},"46":{"start":{"line":108,"column":115},"end":{"line":113,"column":7}},"47":{"start":{"line":111,"column":25},"end":{"line":111,"column":70}},"48":{"start":{"line":115,"column":6},"end":{"line":120,"column":7}},"49":{"start":{"line":116,"column":8},"end":{"line":119,"column":11}},"50":{"start":{"line":118,"column":25},"end":{"line":118,"column":56}},"51":{"start":{"line":122,"column":6},"end":{"line":122,"column":56}},"52":{"start":{"line":124,"column":6},"end":{"line":124,"column":57}},"53":{"start":{"line":129,"column":24},"end":{"line":174,"column":3}},"54":{"start":{"line":130,"column":20},"end":{"line":130,"column":44}},"55":{"start":{"line":132,"column":4},"end":{"line":173,"column":6}},"56":{"start":{"line":135,"column":27},"end":{"line":135,"column":48}},"57":{"start":{"line":140,"column":25},"end":{"line":140,"column":67}},"58":{"start":{"line":154,"column":38},"end":{"line":154,"column":80}},"59":{"start":{"line":165,"column":29},"end":{"line":165,"column":57}},"60":{"start":{"line":176,"column":22},"end":{"line":186,"column":3}},"61":{"start":{"line":177,"column":4},"end":{"line":177,"column":31}},"62":{"start":{"line":177,"column":19},"end":{"line":177,"column":31}},"63":{"start":{"line":179,"column":4},"end":{"line":185,"column":6}},"64":{"start":{"line":188,"column":2},"end":{"line":268,"column":4}},"65":{"start":{"line":213,"column":34},"end":{"line":213,"column":41}},"66":{"start":{"line":261,"column":27},"end":{"line":261,"column":55}},"67":{"start":{"line":271,"column":15},"end":{"line":454,"column":2}}},"fnMap":{"0":{"name":"Comments","decl":{"start":{"line":25,"column":16},"end":{"line":25,"column":24}},"loc":{"start":{"line":25,"column":64},"end":{"line":269,"column":1}},"line":25},"1":{"name":"(anonymous_1)","decl":{"start":{"line":42,"column":12},"end":{"line":42,"column":13}},"loc":{"start":{"line":42,"column":18},"end":{"line":44,"column":3}},"line":42},"2":{"name":"(anonymous_2)","decl":{"start":{"line":46,"column":24},"end":{"line":46,"column":25}},"loc":{"start":{"line":46,"column":48},"end":{"line":59,"column":3}},"line":46},"3":{"name":"(anonymous_3)","decl":{"start":{"line":61,"column":30},"end":{"line":61,"column":31}},"loc":{"start":{"line":61,"column":42},"end":{"line":82,"column":3}},"line":61},"4":{"name":"(anonymous_4)","decl":{"start":{"line":65,"column":36},"end":{"line":65,"column":37}},"loc":{"start":{"line":65,"column":42},"end":{"line":65,"column":70}},"line":65},"5":{"name":"(anonymous_5)","decl":{"start":{"line":85,"column":4},"end":{"line":85,"column":5}},"loc":{"start":{"line":85,"column":27},"end":{"line":100,"column":5}},"line":85},"6":{"name":"(anonymous_6)","decl":{"start":{"line":91,"column":19},"end":{"line":91,"column":20}},"loc":{"start":{"line":91,"column":31},"end":{"line":97,"column":11}},"line":91},"7":{"name":"(anonymous_7)","decl":{"start":{"line":105,"column":4},"end":{"line":105,"column":5}},"loc":{"start":{"line":105,"column":26},"end":{"line":125,"column":5}},"line":105},"8":{"name":"(anonymous_8)","decl":{"start":{"line":111,"column":19},"end":{"line":111,"column":20}},"loc":{"start":{"line":111,"column":25},"end":{"line":111,"column":70}},"line":111},"9":{"name":"(anonymous_9)","decl":{"start":{"line":118,"column":19},"end":{"line":118,"column":20}},"loc":{"start":{"line":118,"column":25},"end":{"line":118,"column":56}},"line":118},"10":{"name":"(anonymous_10)","decl":{"start":{"line":129,"column":24},"end":{"line":129,"column":25}},"loc":{"start":{"line":129,"column":57},"end":{"line":174,"column":3}},"line":129},"11":{"name":"(anonymous_11)","decl":{"start":{"line":135,"column":21},"end":{"line":135,"column":22}},"loc":{"start":{"line":135,"column":27},"end":{"line":135,"column":48}},"line":135},"12":{"name":"(anonymous_12)","decl":{"start":{"line":140,"column":19},"end":{"line":140,"column":20}},"loc":{"start":{"line":140,"column":25},"end":{"line":140,"column":67}},"line":140},"13":{"name":"(anonymous_13)","decl":{"start":{"line":154,"column":32},"end":{"line":154,"column":33}},"loc":{"start":{"line":154,"column":38},"end":{"line":154,"column":80}},"line":154},"14":{"name":"(anonymous_14)","decl":{"start":{"line":165,"column":23},"end":{"line":165,"column":24}},"loc":{"start":{"line":165,"column":29},"end":{"line":165,"column":57}},"line":165},"15":{"name":"(anonymous_15)","decl":{"start":{"line":176,"column":22},"end":{"line":176,"column":23}},"loc":{"start":{"line":176,"column":28},"end":{"line":186,"column":3}},"line":176},"16":{"name":"(anonymous_16)","decl":{"start":{"line":213,"column":24},"end":{"line":213,"column":25}},"loc":{"start":{"line":213,"column":34},"end":{"line":213,"column":41}},"line":213},"17":{"name":"(anonymous_17)","decl":{"start":{"line":261,"column":21},"end":{"line":261,"column":22}},"loc":{"start":{"line":261,"column":27},"end":{"line":261,"column":55}},"line":261}},"branchMap":{"0":{"loc":{"start":{"line":39,"column":26},"end":{"line":39,"column":51}},"type":"binary-expr","locations":[{"start":{"line":39,"column":26},"end":{"line":39,"column":45}},{"start":{"line":39,"column":49},"end":{"line":39,"column":51}}],"line":39},"1":{"loc":{"start":{"line":40,"column":20},"end":{"line":40,"column":57}},"type":"binary-expr","locations":[{"start":{"line":40,"column":20},"end":{"line":40,"column":48}},{"start":{"line":40,"column":52},"end":{"line":40,"column":57}}],"line":40},"2":{"loc":{"start":{"line":54,"column":4},"end":{"line":54,"column":35}},"type":"if","locations":[{"start":{"line":54,"column":4},"end":{"line":54,"column":35}},{"start":{},"end":{}}],"line":54},"3":{"loc":{"start":{"line":55,"column":4},"end":{"line":55,"column":49}},"type":"if","locations":[{"start":{"line":55,"column":4},"end":{"line":55,"column":49}},{"start":{},"end":{}}],"line":55},"4":{"loc":{"start":{"line":56,"column":4},"end":{"line":56,"column":51}},"type":"if","locations":[{"start":{"line":56,"column":4},"end":{"line":56,"column":51}},{"start":{},"end":{}}],"line":56},"5":{"loc":{"start":{"line":57,"column":4},"end":{"line":57,"column":48}},"type":"if","locations":[{"start":{"line":57,"column":4},"end":{"line":57,"column":48}},{"start":{},"end":{}}],"line":57},"6":{"loc":{"start":{"line":62,"column":4},"end":{"line":68,"column":5}},"type":"if","locations":[{"start":{"line":62,"column":4},"end":{"line":68,"column":5}},{"start":{},"end":{}}],"line":62},"7":{"loc":{"start":{"line":71,"column":4},"end":{"line":71,"column":25}},"type":"if","locations":[{"start":{"line":71,"column":4},"end":{"line":71,"column":25}},{"start":{},"end":{}}],"line":71},"8":{"loc":{"start":{"line":115,"column":6},"end":{"line":120,"column":7}},"type":"if","locations":[{"start":{"line":115,"column":6},"end":{"line":120,"column":7}},{"start":{},"end":{}}],"line":115},"9":{"loc":{"start":{"line":142,"column":11},"end":{"line":150,"column":11}},"type":"cond-expr","locations":[{"start":{"line":143,"column":12},"end":{"line":143,"column":81}},{"start":{"line":145,"column":12},"end":{"line":149,"column":19}}],"line":142},"10":{"loc":{"start":{"line":147,"column":18},"end":{"line":147,"column":61}},"type":"binary-expr","locations":[{"start":{"line":147,"column":18},"end":{"line":147,"column":39}},{"start":{"line":147,"column":43},"end":{"line":147,"column":61}}],"line":147},"11":{"loc":{"start":{"line":156,"column":17},"end":{"line":156,"column":60}},"type":"binary-expr","locations":[{"start":{"line":156,"column":17},"end":{"line":156,"column":38}},{"start":{"line":156,"column":42},"end":{"line":156,"column":60}}],"line":156},"12":{"loc":{"start":{"line":162,"column":11},"end":{"line":170,"column":11}},"type":"binary-expr","locations":[{"start":{"line":162,"column":11},"end":{"line":162,"column":18}},{"start":{"line":163,"column":12},"end":{"line":169,"column":24}}],"line":162},"13":{"loc":{"start":{"line":177,"column":4},"end":{"line":177,"column":31}},"type":"if","locations":[{"start":{"line":177,"column":4},"end":{"line":177,"column":31}},{"start":{},"end":{}}],"line":177},"14":{"loc":{"start":{"line":191,"column":16},"end":{"line":191,"column":61}},"type":"cond-expr","locations":[{"start":{"line":191,"column":40},"end":{"line":191,"column":49}},{"start":{"line":191,"column":52},"end":{"line":191,"column":61}}],"line":191},"15":{"loc":{"start":{"line":196,"column":20},"end":{"line":196,"column":79}},"type":"binary-expr","locations":[{"start":{"line":196,"column":20},"end":{"line":196,"column":46}},{"start":{"line":196,"column":50},"end":{"line":196,"column":79}}],"line":196},"16":{"loc":{"start":{"line":198,"column":9},"end":{"line":202,"column":9}},"type":"binary-expr","locations":[{"start":{"line":198,"column":9},"end":{"line":198,"column":16}},{"start":{"line":199,"column":10},"end":{"line":201,"column":22}}],"line":198},"17":{"loc":{"start":{"line":205,"column":7},"end":{"line":219,"column":7}},"type":"cond-expr","locations":[{"start":{"line":206,"column":8},"end":{"line":208,"column":15}},{"start":{"line":210,"column":8},"end":{"line":218,"column":10}}],"line":205},"18":{"loc":{"start":{"line":222,"column":9},"end":{"line":265,"column":9}},"type":"cond-expr","locations":[{"start":{"line":223,"column":10},"end":{"line":257,"column":13}},{"start":{"line":259,"column":10},"end":{"line":264,"column":22}}],"line":222},"19":{"loc":{"start":{"line":224,"column":13},"end":{"line":232,"column":13}},"type":"cond-expr","locations":[{"start":{"line":225,"column":14},"end":{"line":225,"column":83}},{"start":{"line":227,"column":14},"end":{"line":231,"column":21}}],"line":224},"20":{"loc":{"start":{"line":229,"column":20},"end":{"line":229,"column":53}},"type":"binary-expr","locations":[{"start":{"line":229,"column":20},"end":{"line":229,"column":36}},{"start":{"line":229,"column":40},"end":{"line":229,"column":53}}],"line":229},"21":{"loc":{"start":{"line":246,"column":16},"end":{"line":246,"column":81}},"type":"binary-expr","locations":[{"start":{"line":246,"column":17},"end":{"line":246,"column":35}},{"start":{"line":246,"column":39},"end":{"line":246,"column":51}},{"start":{"line":246,"column":56},"end":{"line":246,"column":81}}],"line":246},"22":{"loc":{"start":{"line":249,"column":24},"end":{"line":249,"column":58}},"type":"binary-expr","locations":[{"start":{"line":249,"column":24},"end":{"line":249,"column":42}},{"start":{"line":249,"column":46},"end":{"line":249,"column":58}}],"line":249},"23":{"loc":{"start":{"line":251,"column":15},"end":{"line":255,"column":15}},"type":"cond-expr","locations":[{"start":{"line":252,"column":16},"end":{"line":252,"column":63}},{"start":{"line":254,"column":16},"end":{"line":254,"column":54}}],"line":251}},"s":{"0":0,"1":0,"2":0,"3":0,"4":0,"5":0,"6":0,"7":0,"8":0,"9":0,"10":0,"11":0,"12":0,"13":0,"14":0,"15":0,"16":0,"17":0,"18":0,"19":0,"20":0,"21":0,"22":0,"23":0,"24":0,"25":0,"26":0,"27":0,"28":0,"29":0,"30":0,"31":0,"32":0,"33":0,"34":0,"35":0,"36":0,"37":0,"38":0,"39":0,"40":0,"41":0,"42":0,"43":0,"44":0,"45":0,"46":0,"47":0,"48":0,"49":0,"50":0,"51":0,"52":0,"53":0,"54":0,"55":0,"56":0,"57":0,"58":0,"59":0,"60":0,"61":0,"62":0,"63":0,"64":0,"65":0,"66":0,"67":0},"f":{"0":0,"1":0,"2":0,"3":0,"4":0,"5":0,"6":0,"7":0,"8":0,"9":0,"10":0,"11":0,"12":0,"13":0,"14":0,"15":0,"16":0,"17":0},"b":{"0":[0,0],"1":[0,0],"2":[0,0],"3":[0,0],"4":[0,0],"5":[0,0],"6":[0,0],"7":[0,0],"8":[0,0],"9":[0,0],"10":[0,0],"11":[0,0],"12":[0,0],"13":[0,0],"14":[0,0],"15":[0,0],"16":[0,0],"17":[0,0],"18":[0,0],"19":[0,0],"20":[0,0],"21":[0,0,0],"22":[0,0],"23":[0,0]}}
,"/root/color.io/src/components/ExportBottomSheet.tsx": {"path":"/root/color.io/src/components/ExportBottomSheet.tsx","statementMap":{"0":{"start":{"line":29,"column":55},"end":{"line":29,"column":79}},"1":{"start":{"line":59,"column":2},"end":{"line":101,"column":4}},"2":{"start":{"line":73,"column":30},"end":{"line":73,"column":71}},"3":{"start":{"line":74,"column":12},"end":{"line":93,"column":14}},"4":{"start":{"line":110,"column":22},"end":{"line":110,"column":44}},"5":{"start":{"line":111,"column":40},"end":{"line":111,"column":55}},"6":{"start":{"line":112,"column":40},"end":{"line":112,"column":69}},"7":{"start":{"line":114,"column":23},"end":{"line":128,"column":3}},"8":{"start":{"line":116,"column":6},"end":{"line":116,"column":27}},"9":{"start":{"line":117,"column":6},"end":{"line":117,"column":25}},"10":{"start":{"line":118,"column":6},"end":{"line":125,"column":7}},"11":{"start":{"line":119,"column":8},"end":{"line":119,"column":25}},"12":{"start":{"line":121,"column":8},"end":{"line":121,"column":99}},"13":{"start":{"line":123,"column":8},"end":{"line":123,"column":30}},"14":{"start":{"line":124,"column":8},"end":{"line":124,"column":29}},"15":{"start":{"line":131,"column":22},"end":{"line":166,"column":15}},"16":{"start":{"line":132,"column":4},"end":{"line":132,"column":37}},"17":{"start":{"line":132,"column":30},"end":{"line":132,"column":37}},"18":{"start":{"line":134,"column":4},"end":{"line":165,"column":5}},"19":{"start":{"line":135,"column":18},"end":{"line":135,"column":55}},"20":{"start":{"line":136,"column":6},"end":{"line":136,"column":59}},"21":{"start":{"line":136,"column":16},"end":{"line":136,"column":59}},"22":{"start":{"line":138,"column":6},"end":{"line":162,"column":9}},"23":{"start":{"line":142,"column":31},"end":{"line":142,"column":75}},"24":{"start":{"line":143,"column":12},"end":{"line":146,"column":13}},"25":{"start":{"line":144,"column":14},"end":{"line":144,"column":85}},"26":{"start":{"line":145,"column":14},"end":{"line":145,"column":21}},"27":{"start":{"line":147,"column":12},"end":{"line":147,"column":53}},"28":{"start":{"line":148,"column":12},"end":{"line":148,"column":65}},"29":{"start":{"line":149,"column":12},"end":{"line":149,"column":22}},"30":{"start":{"line":155,"column":12},"end":{"line":157,"column":13}},"31":{"start":{"line":156,"column":14},"end":{"line":156,"column":44}},"32":{"start":{"line":158,"column":12},"end":{"line":158,"column":22}},"33":{"start":{"line":164,"column":6},"end":{"line":164,"column":18}},"34":{"start":{"line":169,"column":27},"end":{"line":180,"column":3}},"35":{"start":{"line":170,"column":55},"end":{"line":178,"column":5}},"36":{"start":{"line":171,"column":21},"end":{"line":171,"column":82}},"37":{"start":{"line":172,"column":6},"end":{"line":177,"column":7}},"38":{"start":{"line":173,"column":8},"end":{"line":173,"column":69}},"39":{"start":{"line":174,"column":8},"end":{"line":174,"column":18}},"40":{"start":{"line":176,"column":8},"end":{"line":176,"column":40}},"41":{"start":{"line":183,"column":26},"end":{"line":190,"column":36}},"42":{"start":{"line":184,"column":19},"end":{"line":184,"column":71}},"43":{"start":{"line":185,"column":4},"end":{"line":189,"column":5}},"44":{"start":{"line":186,"column":6},"end":{"line":186,"column":16}},"45":{"start":{"line":188,"column":6},"end":{"line":188,"column":38}},"46":{"start":{"line":193,"column":27},"end":{"line":200,"column":36}},"47":{"start":{"line":194,"column":19},"end":{"line":194,"column":76}},"48":{"start":{"line":195,"column":4},"end":{"line":199,"column":5}},"49":{"start":{"line":196,"column":6},"end":{"line":196,"column":16}},"50":{"start":{"line":198,"column":6},"end":{"line":198,"column":38}},"51":{"start":{"line":202,"column":40},"end":{"line":273,"column":3}},"52":{"start":{"line":275,"column":2},"end":{"line":275,"column":28}},"53":{"start":{"line":275,"column":16},"end":{"line":275,"column":28}},"54":{"start":{"line":277,"column":2},"end":{"line":391,"column":4}},"55":{"start":{"line":324,"column":16},"end":{"line":327,"column":18}},"56":{"start":{"line":344,"column":31},"end":{"line":344,"column":45}},"57":{"start":{"line":346,"column":18},"end":{"line":352,"column":20}},"58":{"start":{"line":351,"column":35},"end":{"line":351,"column":73}},"59":{"start":{"line":359,"column":31},"end":{"line":359,"column":107}},"60":{"start":{"line":361,"column":18},"end":{"line":368,"column":20}},"61":{"start":{"line":366,"column":35},"end":{"line":366,"column":73}},"62":{"start":{"line":375,"column":31},"end":{"line":375,"column":61}},"63":{"start":{"line":377,"column":18},"end":{"line":384,"column":20}},"64":{"start":{"line":382,"column":35},"end":{"line":382,"column":73}},"65":{"start":{"line":409,"column":2},"end":{"line":433,"column":4}},"66":{"start":{"line":411,"column":30},"end":{"line":415,"column":7}},"67":{"start":{"line":436,"column":15},"end":{"line":626,"column":2}}},"fnMap":{"0":{"name":"PaletteImagePreview","decl":{"start":{"line":48,"column":9},"end":{"line":48,"column":28}},"loc":{"start":{"line":58,"column":3},"end":{"line":102,"column":1}},"line":58},"1":{"name":"(anonymous_1)","decl":{"start":{"line":72,"column":22},"end":{"line":72,"column":23}},"loc":{"start":{"line":72,"column":40},"end":{"line":94,"column":11}},"line":72},"2":{"name":"ExportBottomSheet","decl":{"start":{"line":104,"column":16},"end":{"line":104,"column":33}},"loc":{"start":{"line":109,"column":27},"end":{"line":392,"column":1}},"line":109},"3":{"name":"(anonymous_3)","decl":{"start":{"line":115,"column":4},"end":{"line":115,"column":5}},"loc":{"start":{"line":115,"column":57},"end":{"line":126,"column":5}},"line":115},"4":{"name":"(anonymous_4)","decl":{"start":{"line":131,"column":34},"end":{"line":131,"column":35}},"loc":{"start":{"line":131,"column":46},"end":{"line":166,"column":3}},"line":131},"5":{"name":"(anonymous_5)","decl":{"start":{"line":141,"column":19},"end":{"line":141,"column":20}},"loc":{"start":{"line":141,"column":31},"end":{"line":150,"column":11}},"line":141},"6":{"name":"(anonymous_6)","decl":{"start":{"line":154,"column":19},"end":{"line":154,"column":20}},"loc":{"start":{"line":154,"column":31},"end":{"line":159,"column":11}},"line":154},"7":{"name":"(anonymous_7)","decl":{"start":{"line":170,"column":4},"end":{"line":170,"column":5}},"loc":{"start":{"line":170,"column":55},"end":{"line":178,"column":5}},"line":170},"8":{"name":"(anonymous_8)","decl":{"start":{"line":170,"column":55},"end":{"line":170,"column":56}},"loc":{"start":{"line":170,"column":67},"end":{"line":178,"column":5}},"line":170},"9":{"name":"(anonymous_9)","decl":{"start":{"line":183,"column":38},"end":{"line":183,"column":39}},"loc":{"start":{"line":183,"column":50},"end":{"line":190,"column":3}},"line":183},"10":{"name":"(anonymous_10)","decl":{"start":{"line":193,"column":39},"end":{"line":193,"column":40}},"loc":{"start":{"line":193,"column":51},"end":{"line":200,"column":3}},"line":193},"11":{"name":"(anonymous_11)","decl":{"start":{"line":323,"column":38},"end":{"line":323,"column":39}},"loc":{"start":{"line":324,"column":16},"end":{"line":327,"column":18}},"line":324},"12":{"name":"(anonymous_12)","decl":{"start":{"line":344,"column":24},"end":{"line":344,"column":25}},"loc":{"start":{"line":344,"column":31},"end":{"line":344,"column":45}},"line":344},"13":{"name":"(anonymous_13)","decl":{"start":{"line":345,"column":21},"end":{"line":345,"column":22}},"loc":{"start":{"line":346,"column":18},"end":{"line":352,"column":20}},"line":346},"14":{"name":"(anonymous_14)","decl":{"start":{"line":351,"column":29},"end":{"line":351,"column":30}},"loc":{"start":{"line":351,"column":35},"end":{"line":351,"column":73}},"line":351},"15":{"name":"(anonymous_15)","decl":{"start":{"line":359,"column":24},"end":{"line":359,"column":25}},"loc":{"start":{"line":359,"column":31},"end":{"line":359,"column":107}},"line":359},"16":{"name":"(anonymous_16)","decl":{"start":{"line":360,"column":21},"end":{"line":360,"column":22}},"loc":{"start":{"line":361,"column":18},"end":{"line":368,"column":20}},"line":361},"17":{"name":"(anonymous_17)","decl":{"start":{"line":366,"column":29},"end":{"line":366,"column":30}},"loc":{"start":{"line":366,"column":35},"end":{"line":366,"column":73}},"line":366},"18":{"name":"(anonymous_18)","decl":{"start":{"line":375,"column":24},"end":{"line":375,"column":25}},"loc":{"start":{"line":375,"column":31},"end":{"line":375,"column":61}},"line":375},"19":{"name":"(anonymous_19)","decl":{"start":{"line":376,"column":21},"end":{"line":376,"column":22}},"loc":{"start":{"line":377,"column":18},"end":{"line":384,"column":20}},"line":377},"20":{"name":"(anonymous_20)","decl":{"start":{"line":382,"column":29},"end":{"line":382,"column":30}},"loc":{"start":{"line":382,"column":35},"end":{"line":382,"column":73}},"line":382},"21":{"name":"ExportOptionButton","decl":{"start":{"line":402,"column":9},"end":{"line":402,"column":27}},"loc":{"start":{"line":408,"column":28},"end":{"line":434,"column":1}},"line":408},"22":{"name":"(anonymous_22)","decl":{"start":{"line":411,"column":13},"end":{"line":411,"column":14}},"loc":{"start":{"line":411,"column":30},"end":{"line":415,"column":7}},"line":411}},"branchMap":{"0":{"loc":{"start":{"line":51,"column":2},"end":{"line":51,"column":16}},"type":"default-arg","locations":[{"start":{"line":51,"column":12},"end":{"line":51,"column":16}}],"line":51},"1":{"loc":{"start":{"line":66,"column":9},"end":{"line":70,"column":9}},"type":"binary-expr","locations":[{"start":{"line":66,"column":9},"end":{"line":66,"column":20}},{"start":{"line":67,"column":10},"end":{"line":69,"column":17}}],"line":66},"2":{"loc":{"start":{"line":73,"column":30},"end":{"line":73,"column":71}},"type":"cond-expr","locations":[{"start":{"line":73,"column":56},"end":{"line":73,"column":62}},{"start":{"line":73,"column":65},"end":{"line":73,"column":71}}],"line":73},"3":{"loc":{"start":{"line":79,"column":17},"end":{"line":83,"column":17}},"type":"binary-expr","locations":[{"start":{"line":79,"column":17},"end":{"line":79,"column":24}},{"start":{"line":80,"column":18},"end":{"line":82,"column":25}}],"line":79},"4":{"loc":{"start":{"line":84,"column":17},"end":{"line":91,"column":17}},"type":"binary-expr","locations":[{"start":{"line":84,"column":17},"end":{"line":84,"column":32}},{"start":{"line":84,"column":36},"end":{"line":84,"column":46}},{"start":{"line":85,"column":18},"end":{"line":90,"column":25}}],"line":84},"5":{"loc":{"start":{"line":121,"column":37},"end":{"line":121,"column":97}},"type":"cond-expr","locations":[{"start":{"line":121,"column":62},"end":{"line":121,"column":75}},{"start":{"line":121,"column":78},"end":{"line":121,"column":97}}],"line":121},"6":{"loc":{"start":{"line":132,"column":4},"end":{"line":132,"column":37}},"type":"if","locations":[{"start":{"line":132,"column":4},"end":{"line":132,"column":37}},{"start":{},"end":{}}],"line":132},"7":{"loc":{"start":{"line":136,"column":6},"end":{"line":136,"column":59}},"type":"if","locations":[{"start":{"line":136,"column":6},"end":{"line":136,"column":59}},{"start":{},"end":{}}],"line":136},"8":{"loc":{"start":{"line":143,"column":12},"end":{"line":146,"column":13}},"type":"if","locations":[{"start":{"line":143,"column":12},"end":{"line":146,"column":13}},{"start":{},"end":{}}],"line":143},"9":{"loc":{"start":{"line":155,"column":12},"end":{"line":157,"column":13}},"type":"if","locations":[{"start":{"line":155,"column":12},"end":{"line":157,"column":13}},{"start":{},"end":{}}],"line":155},"10":{"loc":{"start":{"line":172,"column":6},"end":{"line":177,"column":7}},"type":"if","locations":[{"start":{"line":172,"column":6},"end":{"line":177,"column":7}},{"start":{"line":175,"column":13},"end":{"line":177,"column":7}}],"line":172},"11":{"loc":{"start":{"line":185,"column":4},"end":{"line":189,"column":5}},"type":"if","locations":[{"start":{"line":185,"column":4},"end":{"line":189,"column":5}},{"start":{"line":187,"column":11},"end":{"line":189,"column":5}}],"line":185},"12":{"loc":{"start":{"line":195,"column":4},"end":{"line":199,"column":5}},"type":"if","locations":[{"start":{"line":195,"column":4},"end":{"line":199,"column":5}},{"start":{"line":197,"column":11},"end":{"line":199,"column":5}}],"line":195},"13":{"loc":{"start":{"line":275,"column":2},"end":{"line":275,"column":28}},"type":"if","locations":[{"start":{"line":275,"column":2},"end":{"line":275,"column":28}},{"start":{},"end":{}}],"line":275},"14":{"loc":{"start":{"line":330,"column":13},"end":{"line":332,"column":13}},"type":"binary-expr","locations":[{"start":{"line":330,"column":13},"end":{"line":330,"column":24}},{"start":{"line":331,"column":14},"end":{"line":331,"column":67}}],"line":330},"15":{"loc":{"start":{"line":349,"column":31},"end":{"line":349,"column":71}},"type":"binary-expr","locations":[{"start":{"line":349,"column":31},"end":{"line":349,"column":42}},{"start":{"line":349,"column":46},"end":{"line":349,"column":71}}],"line":349},"16":{"loc":{"start":{"line":364,"column":31},"end":{"line":364,"column":71}},"type":"binary-expr","locations":[{"start":{"line":364,"column":31},"end":{"line":364,"column":42}},{"start":{"line":364,"column":46},"end":{"line":364,"column":71}}],"line":364},"17":{"loc":{"start":{"line":380,"column":31},"end":{"line":380,"column":71}},"type":"binary-expr","locations":[{"start":{"line":380,"column":31},"end":{"line":380,"column":42}},{"start":{"line":380,"column":46},"end":{"line":380,"column":71}}],"line":380},"18":{"loc":{"start":{"line":407,"column":2},"end":{"line":407,"column":17}},"type":"default-arg","locations":[{"start":{"line":407,"column":12},"end":{"line":407,"column":17}}],"line":407},"19":{"loc":{"start":{"line":412,"column":8},"end":{"line":412,"column":66}},"type":"cond-expr","locations":[{"start":{"line":412,"column":18},"end":{"line":412,"column":44}},{"start":{"line":412,"column":47},"end":{"line":412,"column":66}}],"line":412},"20":{"loc":{"start":{"line":413,"column":8},"end":{"line":413,"column":45}},"type":"binary-expr","locations":[{"start":{"line":413,"column":8},"end":{"line":413,"column":15}},{"start":{"line":413,"column":19},"end":{"line":413,"column":45}}],"line":413},"21":{"loc":{"start":{"line":414,"column":8},"end":{"line":414,"column":61}},"type":"binary-expr","locations":[{"start":{"line":414,"column":8},"end":{"line":414,"column":16}},{"start":{"line":414,"column":20},"end":{"line":414,"column":30}},{"start":{"line":414,"column":34},"end":{"line":414,"column":61}}],"line":414},"22":{"loc":{"start":{"line":419,"column":7},"end":{"line":431,"column":7}},"type":"cond-expr","locations":[{"start":{"line":420,"column":8},"end":{"line":420,"column":55}},{"start":{"line":422,"column":8},"end":{"line":430,"column":11}}],"line":419},"23":{"loc":{"start":{"line":426,"column":13},"end":{"line":428,"column":13}},"type":"binary-expr","locations":[{"start":{"line":426,"column":13},"end":{"line":426,"column":21}},{"start":{"line":427,"column":14},"end":{"line":427,"column":80}}],"line":426}},"s":{"0":0,"1":0,"2":0,"3":0,"4":0,"5":0,"6":0,"7":0,"8":0,"9":0,"10":0,"11":0,"12":0,"13":0,"14":0,"15":0,"16":0,"17":0,"18":0,"19":0,"20":0,"21":0,"22":0,"23":0,"24":0,"25":0,"26":0,"27":0,"28":0,"29":0,"30":0,"31":0,"32":0,"33":0,"34":0,"35":0,"36":0,"37":0,"38":0,"39":0,"40":0,"41":0,"42":0,"43":0,"44":0,"45":0,"46":0,"47":0,"48":0,"49":0,"50":0,"51":0,"52":0,"53":0,"54":0,"55":0,"56":0,"57":0,"58":0,"59":0,"60":0,"61":0,"62":0,"63":0,"64":0,"65":0,"66":0,"67":0},"f":{"0":0,"1":0,"2":0,"3":0,"4":0,"5":0,"6":0,"7":0,"8":0,"9":0,"10":0,"11":0,"12":0,"13":0,"14":0,"15":0,"16":0,"17":0,"18":0,"19":0,"20":0,"21":0,"22":0},"b":{"0":[0],"1":[0,0],"2":[0,0],"3":[0,0],"4":[0,0,0],"5":[0,0],"6":[0,0],"7":[0,0],"8":[0,0],"9":[0,0],"10":[0,0],"11":[0,0],"12":[0,0],"13":[0,0],"14":[0,0],"15":[0,0],"16":[0,0],"17":[0,0],"18":[0],"19":[0,0],"20":[0,0],"21":[0,0,0],"22":[0,0],"23":[0,0]}}
,"/root/color.io/src/components/ImageCropper.tsx": {"path":"/root/color.io/src/components/ImageCropper.tsx","statementMap":{"0":{"start":{"line":41,"column":55},"end":{"line":41,"column":79}},"1":{"start":{"line":42,"column":26},"end":{"line":42,"column":28}},"2":{"start":{"line":43,"column":22},"end":{"line":43,"column":25}},"3":{"start":{"line":53,"column":40},"end":{"line":53,"column":69}},"4":{"start":{"line":54,"column":38},"end":{"line":54,"column":53}},"5":{"start":{"line":57,"column":28},"end":{"line":71,"column":31}},"6":{"start":{"line":58,"column":21},"end":{"line":58,"column":57}},"7":{"start":{"line":59,"column":22},"end":{"line":59,"column":41}},"8":{"start":{"line":61,"column":24},"end":{"line":61,"column":48}},"9":{"start":{"line":62,"column":23},"end":{"line":62,"column":31}},"10":{"start":{"line":63,"column":24},"end":{"line":63,"column":46}},"11":{"start":{"line":65,"column":4},"end":{"line":68,"column":5}},"12":{"start":{"line":66,"column":6},"end":{"line":66,"column":32}},"13":{"start":{"line":67,"column":6},"end":{"line":67,"column":45}},"14":{"start":{"line":70,"column":4},"end":{"line":70,"column":58}},"15":{"start":{"line":74,"column":16},"end":{"line":74,"column":61}},"16":{"start":{"line":75,"column":16},"end":{"line":75,"column":62}},"17":{"start":{"line":76,"column":20},"end":{"line":76,"column":65}},"18":{"start":{"line":77,"column":21},"end":{"line":77,"column":67}},"19":{"start":{"line":80,"column":17},"end":{"line":80,"column":34}},"20":{"start":{"line":81,"column":17},"end":{"line":81,"column":34}},"21":{"start":{"line":82,"column":19},"end":{"line":82,"column":36}},"22":{"start":{"line":83,"column":19},"end":{"line":83,"column":36}},"23":{"start":{"line":85,"column":30},"end":{"line":93,"column":3}},"24":{"start":{"line":86,"column":4},"end":{"line":92,"column":5}},"25":{"start":{"line":87,"column":18},"end":{"line":87,"column":27}},"26":{"start":{"line":88,"column":18},"end":{"line":88,"column":31}},"27":{"start":{"line":89,"column":18},"end":{"line":89,"column":31}},"28":{"start":{"line":90,"column":19},"end":{"line":90,"column":33}},"29":{"start":{"line":91,"column":15},"end":{"line":91,"column":27}},"30":{"start":{"line":95,"column":27},"end":{"line":120,"column":25}},"31":{"start":{"line":97,"column":23},"end":{"line":97,"column":49}},"32":{"start":{"line":98,"column":4},"end":{"line":98,"column":28}},"33":{"start":{"line":98,"column":21},"end":{"line":98,"column":28}},"34":{"start":{"line":100,"column":25},"end":{"line":100,"column":40}},"35":{"start":{"line":101,"column":26},"end":{"line":101,"column":42}},"36":{"start":{"line":102,"column":27},"end":{"line":102,"column":57}},"37":{"start":{"line":103,"column":27},"end":{"line":103,"column":58}},"38":{"start":{"line":105,"column":19},"end":{"line":105,"column":31}},"39":{"start":{"line":106,"column":20},"end":{"line":106,"column":45}},"40":{"start":{"line":108,"column":4},"end":{"line":111,"column":5}},"41":{"start":{"line":109,"column":6},"end":{"line":109,"column":49}},"42":{"start":{"line":110,"column":6},"end":{"line":110,"column":40}},"43":{"start":{"line":113,"column":17},"end":{"line":113,"column":105}},"44":{"start":{"line":114,"column":17},"end":{"line":114,"column":108}},"45":{"start":{"line":116,"column":4},"end":{"line":116,"column":35}},"46":{"start":{"line":117,"column":4},"end":{"line":117,"column":35}},"47":{"start":{"line":118,"column":4},"end":{"line":118,"column":43}},"48":{"start":{"line":119,"column":4},"end":{"line":119,"column":45}},"49":{"start":{"line":122,"column":34},"end":{"line":127,"column":24}},"50":{"start":{"line":123,"column":4},"end":{"line":123,"column":26}},"51":{"start":{"line":124,"column":4},"end":{"line":126,"column":5}},"52":{"start":{"line":125,"column":6},"end":{"line":125,"column":30}},"53":{"start":{"line":130,"column":21},"end":{"line":141,"column":6}},"54":{"start":{"line":132,"column":6},"end":{"line":132,"column":35}},"55":{"start":{"line":133,"column":6},"end":{"line":133,"column":35}},"56":{"start":{"line":136,"column":19},"end":{"line":136,"column":54}},"57":{"start":{"line":137,"column":19},"end":{"line":137,"column":54}},"58":{"start":{"line":139,"column":6},"end":{"line":139,"column":91}},"59":{"start":{"line":140,"column":6},"end":{"line":140,"column":93}},"60":{"start":{"line":144,"column":23},"end":{"line":175,"column":6}},"61":{"start":{"line":146,"column":20},"end":{"line":146,"column":31}},"62":{"start":{"line":147,"column":22},"end":{"line":147,"column":55}},"63":{"start":{"line":148,"column":22},"end":{"line":148,"column":56}},"64":{"start":{"line":150,"column":21},"end":{"line":150,"column":44}},"65":{"start":{"line":151,"column":22},"end":{"line":151,"column":46}},"66":{"start":{"line":154,"column":6},"end":{"line":154,"column":86}},"67":{"start":{"line":155,"column":6},"end":{"line":155,"column":89}},"68":{"start":{"line":158,"column":25},"end":{"line":158,"column":57}},"69":{"start":{"line":159,"column":6},"end":{"line":161,"column":7}},"70":{"start":{"line":160,"column":8},"end":{"line":160,"column":42}},"71":{"start":{"line":164,"column":17},"end":{"line":164,"column":39}},"72":{"start":{"line":165,"column":17},"end":{"line":165,"column":40}},"73":{"start":{"line":168,"column":6},"end":{"line":168,"column":77}},"74":{"start":{"line":169,"column":6},"end":{"line":169,"column":79}},"75":{"start":{"line":171,"column":6},"end":{"line":171,"column":33}},"76":{"start":{"line":172,"column":6},"end":{"line":172,"column":35}},"77":{"start":{"line":173,"column":6},"end":{"line":173,"column":25}},"78":{"start":{"line":174,"column":6},"end":{"line":174,"column":25}},"79":{"start":{"line":177,"column":26},"end":{"line":177,"column":72}},"80":{"start":{"line":179,"column":23},"end":{"line":184,"column":5}},"81":{"start":{"line":179,"column":47},"end":{"line":184,"column":3}},"82":{"start":{"line":186,"column":21},"end":{"line":212,"column":3}},"83":{"start":{"line":187,"column":4},"end":{"line":187,"column":24}},"84":{"start":{"line":188,"column":4},"end":{"line":211,"column":5}},"85":{"start":{"line":190,"column":21},"end":{"line":190,"column":57}},"86":{"start":{"line":191,"column":21},"end":{"line":191,"column":59}},"87":{"start":{"line":193,"column":37},"end":{"line":198,"column":7}},"88":{"start":{"line":200,"column":21},"end":{"line":204,"column":7}},"89":{"start":{"line":206,"column":6},"end":{"line":206,"column":33}},"90":{"start":{"line":208,"column":6},"end":{"line":208,"column":43}},"91":{"start":{"line":210,"column":6},"end":{"line":210,"column":27}},"92":{"start":{"line":214,"column":44},"end":{"line":214,"column":74}},"93":{"start":{"line":216,"column":2},"end":{"line":293,"column":4}},"94":{"start":{"line":268,"column":12},"end":{"line":284,"column":24}},"95":{"start":{"line":274,"column":29},"end":{"line":274,"column":59}},"96":{"start":{"line":296,"column":15},"end":{"line":433,"column":2}}},"fnMap":{"0":{"name":"ImageCropper","decl":{"start":{"line":45,"column":16},"end":{"line":45,"column":28}},"loc":{"start":{"line":52,"column":22},"end":{"line":294,"column":1}},"line":52},"1":{"name":"(anonymous_1)","decl":{"start":{"line":57,"column":36},"end":{"line":57,"column":37}},"loc":{"start":{"line":57,"column":42},"end":{"line":71,"column":3}},"line":57},"2":{"name":"(anonymous_2)","decl":{"start":{"line":85,"column":30},"end":{"line":85,"column":31}},"loc":{"start":{"line":85,"column":69},"end":{"line":93,"column":3}},"line":85},"3":{"name":"(anonymous_3)","decl":{"start":{"line":95,"column":39},"end":{"line":95,"column":40}},"loc":{"start":{"line":95,"column":63},"end":{"line":120,"column":3}},"line":95},"4":{"name":"(anonymous_4)","decl":{"start":{"line":122,"column":46},"end":{"line":122,"column":47}},"loc":{"start":{"line":122,"column":70},"end":{"line":127,"column":3}},"line":122},"5":{"name":"(anonymous_5)","decl":{"start":{"line":131,"column":13},"end":{"line":131,"column":14}},"loc":{"start":{"line":131,"column":19},"end":{"line":134,"column":5}},"line":131},"6":{"name":"(anonymous_6)","decl":{"start":{"line":135,"column":14},"end":{"line":135,"column":15}},"loc":{"start":{"line":135,"column":25},"end":{"line":141,"column":5}},"line":135},"7":{"name":"(anonymous_7)","decl":{"start":{"line":145,"column":14},"end":{"line":145,"column":15}},"loc":{"start":{"line":145,"column":25},"end":{"line":175,"column":5}},"line":145},"8":{"name":"(anonymous_8)","decl":{"start":{"line":179,"column":40},"end":{"line":179,"column":41}},"loc":{"start":{"line":179,"column":47},"end":{"line":184,"column":3}},"line":179},"9":{"name":"(anonymous_9)","decl":{"start":{"line":186,"column":21},"end":{"line":186,"column":22}},"loc":{"start":{"line":186,"column":33},"end":{"line":212,"column":3}},"line":186},"10":{"name":"(anonymous_10)","decl":{"start":{"line":267,"column":34},"end":{"line":267,"column":35}},"loc":{"start":{"line":268,"column":12},"end":{"line":284,"column":24}},"line":268},"11":{"name":"(anonymous_11)","decl":{"start":{"line":274,"column":23},"end":{"line":274,"column":24}},"loc":{"start":{"line":274,"column":29},"end":{"line":274,"column":59}},"line":274}},"branchMap":{"0":{"loc":{"start":{"line":65,"column":4},"end":{"line":68,"column":5}},"type":"if","locations":[{"start":{"line":65,"column":4},"end":{"line":68,"column":5}},{"start":{},"end":{}}],"line":65},"1":{"loc":{"start":{"line":86,"column":4},"end":{"line":92,"column":5}},"type":"switch","locations":[{"start":{"line":87,"column":6},"end":{"line":87,"column":27}},{"start":{"line":88,"column":6},"end":{"line":88,"column":31}},{"start":{"line":89,"column":6},"end":{"line":89,"column":31}},{"start":{"line":90,"column":6},"end":{"line":90,"column":33}},{"start":{"line":91,"column":6},"end":{"line":91,"column":27}}],"line":86},"2":{"loc":{"start":{"line":98,"column":4},"end":{"line":98,"column":28}},"type":"if","locations":[{"start":{"line":98,"column":4},"end":{"line":98,"column":28}},{"start":{},"end":{}}],"line":98},"3":{"loc":{"start":{"line":108,"column":4},"end":{"line":111,"column":5}},"type":"if","locations":[{"start":{"line":108,"column":4},"end":{"line":111,"column":5}},{"start":{},"end":{}}],"line":108},"4":{"loc":{"start":{"line":124,"column":4},"end":{"line":126,"column":5}},"type":"if","locations":[{"start":{"line":124,"column":4},"end":{"line":126,"column":5}},{"start":{},"end":{}}],"line":124},"5":{"loc":{"start":{"line":159,"column":6},"end":{"line":161,"column":7}},"type":"if","locations":[{"start":{"line":159,"column":6},"end":{"line":161,"column":7}},{"start":{},"end":{}}],"line":159},"6":{"loc":{"start":{"line":224,"column":39},"end":{"line":224,"column":80}},"type":"binary-expr","locations":[{"start":{"line":224,"column":39},"end":{"line":224,"column":49}},{"start":{"line":224,"column":53},"end":{"line":224,"column":80}}],"line":224},"7":{"loc":{"start":{"line":229,"column":13},"end":{"line":229,"column":48}},"type":"cond-expr","locations":[{"start":{"line":229,"column":26},"end":{"line":229,"column":39}},{"start":{"line":229,"column":42},"end":{"line":229,"column":48}}],"line":229},"8":{"loc":{"start":{"line":272,"column":16},"end":{"line":272,"column":71}},"type":"binary-expr","locations":[{"start":{"line":272,"column":16},"end":{"line":272,"column":37}},{"start":{"line":272,"column":41},"end":{"line":272,"column":71}}],"line":272},"9":{"loc":{"start":{"line":279,"column":18},"end":{"line":279,"column":71}},"type":"binary-expr","locations":[{"start":{"line":279,"column":18},"end":{"line":279,"column":39}},{"start":{"line":279,"column":43},"end":{"line":279,"column":71}}],"line":279},"10":{"loc":{"start":{"line":282,"column":17},"end":{"line":282,"column":50}},"type":"cond-expr","locations":[{"start":{"line":282,"column":36},"end":{"line":282,"column":42}},{"start":{"line":282,"column":45},"end":{"line":282,"column":50}}],"line":282}},"s":{"0":0,"1":0,"2":0,"3":0,"4":0,"5":0,"6":0,"7":0,"8":0,"9":0,"10":0,"11":0,"12":0,"13":0,"14":0,"15":0,"16":0,"17":0,"18":0,"19":0,"20":0,"21":0,"22":0,"23":0,"24":0,"25":0,"26":0,"27":0,"28":0,"29":0,"30":0,"31":0,"32":0,"33":0,"34":0,"35":0,"36":0,"37":0,"38":0,"39":0,"40":0,"41":0,"42":0,"43":0,"44":0,"45":0,"46":0,"47":0,"48":0,"49":0,"50":0,"51":0,"52":0,"53":0,"54":0,"55":0,"56":0,"57":0,"58":0,"59":0,"60":0,"61":0,"62":0,"63":0,"64":0,"65":0,"66":0,"67":0,"68":0,"69":0,"70":0,"71":0,"72":0,"73":0,"74":0,"75":0,"76":0,"77":0,"78":0,"79":0,"80":0,"81":0,"82":0,"83":0,"84":0,"85":0,"86":0,"87":0,"88":0,"89":0,"90":0,"91":0,"92":0,"93":0,"94":0,"95":0,"96":0},"f":{"0":0,"1":0,"2":0,"3":0,"4":0,"5":0,"6":0,"7":0,"8":0,"9":0,"10":0,"11":0},"b":{"0":[0,0],"1":[0,0,0,0,0],"2":[0,0],"3":[0,0],"4":[0,0],"5":[0,0],"6":[0,0],"7":[0,0],"8":[0,0],"9":[0,0],"10":[0,0]}}
[...]
,"/root/color.io/src/utils/colors.ts": {"path":"/root/color.io/src/utils/colors.ts","statementMap":{"0":{"start":{"line":7,"column":17},"end":{"line":7,"column":70}},"1":{"start":{"line":8,"column":2},"end":{"line":10,"column":3}},"2":{"start":{"line":9,"column":4},"end":{"line":9,"column":49}},"3":{"start":{"line":11,"column":2},"end":{"line":15,"column":4}},"4":{"start":{"line":22,"column":16},"end":{"line":25,"column":3}},"5":{"start":{"line":23,"column":16},"end":{"line":23,"column":70}},"6":{"start":{"line":24,"column":4},"end":{"line":24,"column":46}},"7":{"start":{"line":26,"column":2},"end":{"line":26,"column":60}},"8":{"start":{"line":33,"column":2},"end":{"line":33,"column":11}},"9":{"start":{"line":34,"column":2},"end":{"line":34,"column":11}},"10":{"start":{"line":35,"column":2},"end":{"line":35,"column":11}},"11":{"start":{"line":37,"column":14},"end":{"line":37,"column":31}},"12":{"start":{"line":38,"column":14},"end":{"line":38,"column":31}},"13":{"start":{"line":39,"column":10},"end":{"line":39,"column":11}},"14":{"start":{"line":40,"column":10},"end":{"line":40,"column":11}},"15":{"start":{"line":41,"column":12},"end":{"line":41,"column":27}},"16":{"start":{"line":43,"column":2},"end":{"line":58,"column":3}},"17":{"start":{"line":44,"column":14},"end":{"line":44,"column":23}},"18":{"start":{"line":45,"column":4},"end":{"line":45,"column":56}},"19":{"start":{"line":47,"column":4},"end":{"line":57,"column":5}},"20":{"start":{"line":49,"column":8},"end":{"line":49,"column":48}},"21":{"start":{"line":50,"column":8},"end":{"line":50,"column":14}},"22":{"start":{"line":52,"column":8},"end":{"line":52,"column":34}},"23":{"start":{"line":53,"column":8},"end":{"line":53,"column":14}},"24":{"start":{"line":55,"column":8},"end":{"line":55,"column":34}},"25":{"start":{"line":56,"column":8},"end":{"line":56,"column":14}},"26":{"start":{"line":60,"column":2},"end":{"line":64,"column":4}},"27":{"start":{"line":71,"column":2},"end":{"line":71,"column":11}},"28":{"start":{"line":72,"column":2},"end":{"line":72,"column":11}},"29":{"start":{"line":73,"column":2},"end":{"line":73,"column":11}},"30":{"start":{"line":77,"column":2},"end":{"line":95,"column":3}},"31":{"start":{"line":78,"column":4},"end":{"line":78,"column":18}},"32":{"start":{"line":80,"column":20},"end":{"line":87,"column":5}},"33":{"start":{"line":81,"column":6},"end":{"line":81,"column":24}},"34":{"start":{"line":81,"column":17},"end":{"line":81,"column":24}},"35":{"start":{"line":82,"column":6},"end":{"line":82,"column":24}},"36":{"start":{"line":82,"column":17},"end":{"line":82,"column":24}},"37":{"start":{"line":83,"column":6},"end":{"line":83,"column":48}},"38":{"start":{"line":83,"column":21},"end":{"line":83,"column":48}},"39":{"start":{"line":84,"column":6},"end":{"line":84,"column":30}},"40":{"start":{"line":84,"column":21},"end":{"line":84,"column":30}},"41":{"start":{"line":85,"column":6},"end":{"line":85,"column":58}},"42":{"start":{"line":85,"column":21},"end":{"line":85,"column":58}},"43":{"start":{"line":86,"column":6},"end":{"line":86,"column":15}},"44":{"start":{"line":89,"column":14},"end":{"line":89,"column":51}},"45":{"start":{"line":90,"column":14},"end":{"line":90,"column":23}},"46":{"start":{"line":92,"column":4},"end":{"line":92,"column":33}},"47":{"start":{"line":93,"column":4},"end":{"line":93,"column":25}},"48":{"start":{"line":94,"column":4},"end":{"line":94,"column":33}},"49":{"start":{"line":97,"column":2},"end":{"line":101,"column":4}},"50":{"start":{"line":109,"column":16},"end":{"line":130,"column":3}},"51":{"start":{"line":110,"column":12},"end":{"line":110,"column":23}},"52":{"start":{"line":111,"column":12},"end":{"line":111,"column":23}},"53":{"start":{"line":112,"column":12},"end":{"line":112,"column":23}},"54":{"start":{"line":114,"column":4},"end":{"line":114,"column":69}},"55":{"start":{"line":115,"column":4},"end":{"line":115,"column":69}},"56":{"start":{"line":116,"column":4},"end":{"line":116,"column":69}},"57":{"start":{"line":118,"column":14},"end":{"line":118,"column":62}},"58":{"start":{"line":119,"column":14},"end":{"line":119,"column":58}},"59":{"start":{"line":120,"column":14},"end":{"line":120,"column":62}},"60":{"start":{"line":122,"column":14},"end":{"line":123,"column":62}},"61":{"start":{"line":123,"column":6},"end":{"line":123,"column":62}},"62":{"start":{"line":125,"column":4},"end":{"line":129,"column":6}},"63":{"start":{"line":132,"column":15},"end":{"line":132,"column":28}},"64":{"start":{"line":133,"column":15},"end":{"line":133,"column":28}},"65":{"start":{"line":135,"column":2},"end":{"line":139,"column":4}},"66":{"start":{"line":146,"column":2},"end":{"line":150,"column":4}},"67":{"start":{"line":157,"column":2},"end":{"line":160,"column":4}},"68":{"start":{"line":167,"column":2},"end":{"line":170,"column":4}},"69":{"start":{"line":177,"column":2},"end":{"line":180,"column":4}},"70":{"start":{"line":187,"column":2},"end":{"line":191,"column":4}},"71":{"start":{"line":198,"column":2},"end":{"line":202,"column":4}},"72":{"start":{"line":209,"column":2},"end":{"line":213,"column":4}},"73":{"start":{"line":220,"column":2},"end":{"line":224,"column":4}},"74":{"start":{"line":231,"column":23},"end":{"line":237,"column":3}},"75":{"start":{"line":232,"column":22},"end":{"line":235,"column":6}},"76":{"start":{"line":233,"column":6},"end":{"line":233,"column":15}},"77":{"start":{"line":234,"column":6},"end":{"line":234,"column":75}},"78":{"start":{"line":236,"column":4},"end":{"line":236,"column":48}},"79":{"start":{"line":239,"column":13},"end":{"line":239,"column":33}},"80":{"start":{"line":240,"column":13},"end":{"line":240,"column":33}},"81":{"start":{"line":242,"column":18},"end":{"line":242,"column":34}},"82":{"start":{"line":243,"column":17},"end":{"line":243,"column":33}},"83":{"start":{"line":245,"column":2},"end":{"line":245,"column":44}},"84":{"start":{"line":252,"column":20},"end":{"line":252,"column":73}},"85":{"start":{"line":253,"column":2},"end":{"line":253,"column":25}},"86":{"start":{"line":260,"column":2},"end":{"line":262,"column":33}},"87":{"start":{"line":269,"column":14},"end":{"line":269,"column":27}},"88":{"start":{"line":270,"column":14},"end":{"line":270,"column":27}},"89":{"start":{"line":271,"column":2},"end":{"line":271,"column":52}},"90":{"start":{"line":278,"column":14},"end":{"line":278,"column":27}},"91":{"start":{"line":279,"column":14},"end":{"line":279,"column":27}},"92":{"start":{"line":280,"column":2},"end":{"line":280,"column":33}},"93":{"start":{"line":287,"column":14},"end":{"line":287,"column":27}},"94":{"start":{"line":288,"column":14},"end":{"line":288,"column":27}},"95":{"start":{"line":289,"column":2},"end":{"line":289,"column":33}}},"fnMap":{"0":{"name":"hexToRgb","decl":{"start":{"line":6,"column":16},"end":{"line":6,"column":24}},"loc":{"start":{"line":6,"column":43},"end":{"line":16,"column":1}},"line":6},"1":{"name":"rgbToHex","decl":{"start":{"line":21,"column":16},"end":{"line":21,"column":24}},"loc":{"start":{"line":21,"column":51},"end":{"line":27,"column":1}},"line":21},"2":{"name":"(anonymous_2)","decl":{"start":{"line":22,"column":16},"end":{"line":22,"column":17}},"loc":{"start":{"line":22,"column":31},"end":{"line":25,"column":3}},"line":22},"3":{"name":"rgbToHsl","decl":{"start":{"line":32,"column":16},"end":{"line":32,"column":24}},"loc":{"start":{"line":32,"column":48},"end":{"line":65,"column":1}},"line":32},"4":{"name":"hslToRgb","decl":{"start":{"line":70,"column":16},"end":{"line":70,"column":24}},"loc":{"start":{"line":70,"column":48},"end":{"line":102,"column":1}},"line":70},"5":{"name":"(anonymous_5)","decl":{"start":{"line":80,"column":20},"end":{"line":80,"column":21}},"loc":{"start":{"line":80,"column":57},"end":{"line":87,"column":5}},"line":80},"6":{"name":"deltaE","decl":{"start":{"line":107,"column":16},"end":{"line":107,"column":22}},"loc":{"start":{"line":107,"column":57},"end":{"line":140,"column":1}},"line":107},"7":{"name":"(anonymous_7)","decl":{"start":{"line":109,"column":16},"end":{"line":109,"column":17}},"loc":{"start":{"line":109,"column":30},"end":{"line":130,"column":3}},"line":109},"8":{"name":"(anonymous_8)","decl":{"start":{"line":122,"column":14},"end":{"line":122,"column":15}},"loc":{"start":{"line":123,"column":6},"end":{"line":123,"column":62}},"line":123},"9":{"name":"getComplementary","decl":{"start":{"line":145,"column":16},"end":{"line":145,"column":32}},"loc":{"start":{"line":145,"column":48},"end":{"line":151,"column":1}},"line":145},"10":{"name":"getAnalogous","decl":{"start":{"line":156,"column":16},"end":{"line":156,"column":28}},"loc":{"start":{"line":156,"column":51},"end":{"line":161,"column":1}},"line":156},"11":{"name":"getTriadic","decl":{"start":{"line":166,"column":16},"end":{"line":166,"column":26}},"loc":{"start":{"line":166,"column":49},"end":{"line":171,"column":1}},"line":166},"12":{"name":"getSplitComplementary","decl":{"start":{"line":176,"column":16},"end":{"line":176,"column":37}},"loc":{"start":{"line":176,"column":60},"end":{"line":181,"column":1}},"line":176},"13":{"name":"lighten","decl":{"start":{"line":186,"column":16},"end":{"line":186,"column":23}},"loc":{"start":{"line":186,"column":55},"end":{"line":192,"column":1}},"line":186},"14":{"name":"darken","decl":{"start":{"line":197,"column":16},"end":{"line":197,"column":22}},"loc":{"start":{"line":197,"column":54},"end":{"line":203,"column":1}},"line":197},"15":{"name":"saturate","decl":{"start":{"line":208,"column":16},"end":{"line":208,"column":24}},"loc":{"start":{"line":208,"column":56},"end":{"line":214,"column":1}},"line":208},"16":{"name":"desaturate","decl":{"start":{"line":219,"column":16},"end":{"line":219,"column":26}},"loc":{"start":{"line":219,"column":58},"end":{"line":225,"column":1}},"line":219},"17":{"name":"getContrastRatio","decl":{"start":{"line":230,"column":16},"end":{"line":230,"column":32}},"loc":{"start":{"line":230,"column":67},"end":{"line":246,"column":1}},"line":230},"18":{"name":"(anonymous_18)","decl":{"start":{"line":231,"column":23},"end":{"line":231,"column":24}},"loc":{"start":{"line":231,"column":37},"end":{"line":237,"column":3}},"line":231},"19":{"name":"(anonymous_19)","decl":{"start":{"line":232,"column":48},"end":{"line":232,"column":49}},"loc":{"start":{"line":232,"column":55},"end":{"line":235,"column":5}},"line":232},"20":{"name":"isLightColor","decl":{"start":{"line":251,"column":16},"end":{"line":251,"column":28}},"loc":{"start":{"line":251,"column":48},"end":{"line":254,"column":1}},"line":251},"21":{"name":"getTextColor","decl":{"start":{"line":259,"column":16},"end":{"line":259,"column":28}},"loc":{"start":{"line":259,"column":56},"end":{"line":263,"column":1}},"line":259},"22":{"name":"createColorFromHex","decl":{"start":{"line":268,"column":16},"end":{"line":268,"column":34}},"loc":{"start":{"line":268,"column":70},"end":{"line":272,"column":1}},"line":268},"23":{"name":"createColorFromRgb","decl":{"start":{"line":277,"column":16},"end":{"line":277,"column":34}},"loc":{"start":{"line":277,"column":67},"end":{"line":281,"column":1}},"line":277},"24":{"name":"createColorFromHsl","decl":{"start":{"line":286,"column":16},"end":{"line":286,"column":34}},"loc":{"start":{"line":286,"column":67},"end":{"line":290,"column":1}},"line":286}},"branchMap":{"0":{"loc":{"start":{"line":8,"column":2},"end":{"line":10,"column":3}},"type":"if","locations":[{"start":{"line":8,"column":2},"end":{"line":10,"column":3}},{"start":{},"end":{}}],"line":8},"1":{"loc":{"start":{"line":24,"column":11},"end":{"line":24,"column":45}},"type":"cond-expr","locations":[{"start":{"line":24,"column":30},"end":{"line":24,"column":39}},{"start":{"line":24,"column":42},"end":{"line":24,"column":45}}],"line":24},"2":{"loc":{"start":{"line":43,"column":2},"end":{"line":58,"column":3}},"type":"if","locations":[{"start":{"line":43,"column":2},"end":{"line":58,"column":3}},{"start":{},"end":{}}],"line":43},"3":{"loc":{"start":{"line":45,"column":8},"end":{"line":45,"column":55}},"type":"cond-expr","locations":[{"start":{"line":45,"column":18},"end":{"line":45,"column":37}},{"start":{"line":45,"column":40},"end":{"line":45,"column":55}}],"line":45},"4":{"loc":{"start":{"line":47,"column":4},"end":{"line":57,"column":5}},"type":"switch","locations":[{"start":{"line":48,"column":6},"end":{"line":50,"column":14}},{"start":{"line":51,"column":6},"end":{"line":53,"column":14}},{"start":{"line":54,"column":6},"end":{"line":56,"column":14}}],"line":47},"5":{"loc":{"start":{"line":49,"column":28},"end":{"line":49,"column":41}},"type":"cond-expr","locations":[{"start":{"line":49,"column":36},"end":{"line":49,"column":37}},{"start":{"line":49,"column":40},"end":{"line":49,"column":41}}],"line":49},"6":{"loc":{"start":{"line":77,"column":2},"end":{"line":95,"column":3}},"type":"if","locations":[{"start":{"line":77,"column":2},"end":{"line":95,"column":3}},{"start":{"line":79,"column":9},"end":{"line":95,"column":3}}],"line":77},"7":{"loc":{"start":{"line":81,"column":6},"end":{"line":81,"column":24}},"type":"if","locations":[{"start":{"line":81,"column":6},"end":{"line":81,"column":24}},{"start":{},"end":{}}],"line":81},"8":{"loc":{"start":{"line":82,"column":6},"end":{"line":82,"column":24}},"type":"if","locations":[{"start":{"line":82,"column":6},"end":{"line":82,"column":24}},{"start":{},"end":{}}],"line":82},"9":{"loc":{"start":{"line":83,"column":6},"end":{"line":83,"column":48}},"type":"if","locations":[{"start":{"line":83,"column":6},"end":{"line":83,"column":48}},{"start":{},"end":{}}],"line":83},"10":{"loc":{"start":{"line":84,"column":6},"end":{"line":84,"column":30}},"type":"if","locations":[{"start":{"line":84,"column":6},"end":{"line":84,"column":30}},{"start":{},"end":{}}],"line":84},"11":{"loc":{"start":{"line":85,"column":6},"end":{"line":85,"column":58}},"type":"if","locations":[{"start":{"line":85,"column":6},"end":{"line":85,"column":58}},{"start":{},"end":{}}],"line":85},"12":{"loc":{"start":{"line":89,"column":14},"end":{"line":89,"column":51}},"type":"cond-expr","locations":[{"start":{"line":89,"column":24},"end":{"line":89,"column":35}},{"start":{"line":89,"column":38},"end":{"line":89,"column":51}}],"line":89},"13":{"loc":{"start":{"line":114,"column":8},"end":{"line":114,"column":68}},"type":"cond-expr","locations":[{"start":{"line":114,"column":22},"end":{"line":114,"column":56}},{"start":{"line":114,"column":59},"end":{"line":114,"column":68}}],"line":114},"14":{"loc":{"start":{"line":115,"column":8},"end":{"line":115,"column":68}},"type":"cond-expr","locations":[{"start":{"line":115,"column":22},"end":{"line":115,"column":56}},{"start":{"line":115,"column":59},"end":{"line":115,"column":68}}],"line":115},"15":{"loc":{"start":{"line":116,"column":8},"end":{"line":116,"column":68}},"type":"cond-expr","locations":[{"start":{"line":116,"column":22},"end":{"line":116,"column":56}},{"start":{"line":116,"column":59},"end":{"line":116,"column":68}}],"line":116},"16":{"loc":{"start":{"line":123,"column":6},"end":{"line":123,"column":62}},"type":"cond-expr","locations":[{"start":{"line":123,"column":21},"end":{"line":123,"column":39}},{"start":{"line":123,"column":42},"end":{"line":123,"column":62}}],"line":123},"17":{"loc":{"start":{"line":234,"column":13},"end":{"line":234,"column":74}},"type":"cond-expr","locations":[{"start":{"line":234,"column":28},"end":{"line":234,"column":37}},{"start":{"line":234,"column":40},"end":{"line":234,"column":74}}],"line":234},"18":{"loc":{"start":{"line":260,"column":9},"end":{"line":262,"column":32}},"type":"cond-expr","locations":[{"start":{"line":261,"column":6},"end":{"line":261,"column":26}},{"start":{"line":262,"column":6},"end":{"line":262,"column":32}}],"line":260}},"s":{"0":16,"1":16,"2":3,"3":13,"4":31,"5":93,"6":93,"7":31,"8":31,"9":31,"10":31,"11":31,"12":31,"13":31,"14":31,"15":31,"16":31,"17":24,"18":24,"19":24,"20":15,"21":15,"22":5,"23":5,"24":4,"25":4,"26":31,"27":10,"28":10,"29":10,"30":10,"31":3,"32":7,"33":21,"34":3,"35":21,"36":0,"37":21,"38":5,"39":16,"40":7,"41":9,"42":1,"43":8,"44":7,"45":7,"46":7,"47":7,"48":7,"49":10,"50":9,"51":18,"52":18,"53":18,"54":18,"55":18,"56":18,"57":18,"58":18,"59":18,"60":18,"61":90,"62":18,"63":9,"64":9,"65":9,"66":3,"67":2,"68":1,"69":1,"70":2,"71":2,"72":2,"73":2,"74":4,"75":8,"76":24,"77":24,"78":8,"79":4,"80":4,"81":4,"82":4,"83":4,"84":10,"85":10,"86":4,"87":2,"88":2,"89":2,"90":6,"91":6,"92":6,"93":1,"94":1,"95":1},"f":{"0":16,"1":31,"2":93,"3":31,"4":10,"5":21,"6":9,"7":18,"8":90,"9":3,"10":2,"11":1,"12":1,"13":2,"14":2,"15":2,"16":2,"17":4,"18":8,"19":24,"20":10,"21":4,"22":2,"23":6,"24":1},"b":{"0":[3,13],"1":[28,65],"2":[24,7],"3":[13,11],"4":[15,5,4],"5":[1,14],"6":[3,7],"7":[3,18],"8":[0,21],"9":[5,16],"10":[7,9],"11":[1,8],"12":[0,7],"13":[12,6],"14":[11,7],"15":[10,8],"16":[85,5],"17":[3,21],"18":[2,2]},"_coverageSchema":"1a1c01bbd47fc00a2c39e90264f33305004495a9","hash":"81206ee8f39793958e0461113f213553c0d7fa16"}
,"/root/color.io/src/utils/storage.ts": {"path":"/root/color.io/src/utils/storage.ts","statementMap":{"0":{"start":{"line":4,"column":29},"end":{"line":6,"column":2}},"1":{"start":{"line":9,"column":28},"end":{"line":16,"column":10}},"2":{"start":{"line":19,"column":28},"end":{"line":66,"column":1}},"3":{"start":{"line":24,"column":4},"end":{"line":30,"column":5}},"4":{"start":{"line":25,"column":19},"end":{"line":25,"column":41}},"5":{"start":{"line":26,"column":6},"end":{"line":26,"column":44}},"6":{"start":{"line":28,"column":6},"end":{"line":28,"column":65}},"7":{"start":{"line":29,"column":6},"end":{"line":29,"column":18}},"8":{"start":{"line":37,"column":4},"end":{"line":43,"column":5}},"9":{"start":{"line":38,"column":6},"end":{"line":38,"column":46}},"10":{"start":{"line":39,"column":6},"end":{"line":39,"column":18}},"11":{"start":{"line":41,"column":6},"end":{"line":41,"column":63}},"12":{"start":{"line":42,"column":6},"end":{"line":42,"column":19}},"13":{"start":{"line":50,"column":4},"end":{"line":50,"column":24}},"14":{"start":{"line":57,"column":4},"end":{"line":57,"column":23}},"15":{"start":{"line":64,"column":4},"end":{"line":64,"column":33}}},"fnMap":{"0":{"name":"(anonymous_0)","decl":{"start":{"line":23,"column":2},"end":{"line":23,"column":3}},"loc":{"start":{"line":23,"column":36},"end":{"line":31,"column":3}},"line":23},"1":{"name":"(anonymous_1)","decl":{"start":{"line":36,"column":2},"end":{"line":36,"column":3}},"loc":{"start":{"line":36,"column":45},"end":{"line":44,"column":3}},"line":36},"2":{"name":"(anonymous_2)","decl":{"start":{"line":49,"column":2},"end":{"line":49,"column":3}},"loc":{"start":{"line":49,"column":28},"end":{"line":51,"column":3}},"line":49},"3":{"name":"(anonymous_3)","decl":{"start":{"line":56,"column":2},"end":{"line":56,"column":3}},"loc":{"start":{"line":56,"column":19},"end":{"line":58,"column":3}},"line":56},"4":{"name":"(anonymous_4)","decl":{"start":{"line":63,"column":2},"end":{"line":63,"column":3}},"loc":{"start":{"line":63,"column":28},"end":{"line":65,"column":3}},"line":63}},"branchMap":{"0":{"loc":{"start":{"line":26,"column":13},"end":{"line":26,"column":43}},"type":"cond-expr","locations":[{"start":{"line":26,"column":20},"end":{"line":26,"column":36}},{"start":{"line":26,"column":39},"end":{"line":26,"column":43}}],"line":26}},"s":{"0":1,"1":1,"2":1,"3":7,"4":7,"5":7,"6":1,"7":1,"8":9,"9":9,"10":8,"11":1,"12":1,"13":2,"14":1,"15":3},"f":{"0":7,"1":9,"2":2,"3":1,"4":3},"b":{"0":[6,1]},"_coverageSchema":"1a1c01bbd47fc00a2c39e90264f33305004495a9","hash":"350d4495701838c274349a4bd4573bdc87f9271c"}
}
