TN:
SF:src/components/ColorSuggestions.tsx
FN:36,ColorHarmonySection
FN:40,(anonymous_1)
FN:46,(anonymous_2)
FN:63,(anonymous_3)
FN:69,(anonymous_4)
FN:74,(anonymous_5)
FN:77,(anonymous_6)
FN:105,PaletteCompletionSection
FN:111,(anonymous_8)
FN:121,(anonymous_9)
FN:128,(anonymous_10)
FN:142,(anonymous_11)
FN:151,(anonymous_12)
FN:156,(anonymous_13)
FN:157,(anonymous_14)
FN:194,GradientSuggestionsSection
FN:200,(anonymous_16)
FN:209,(anonymous_17)
FN:227,(anonymous_18)
FN:233,(anonymous_19)
FN:237,(anonymous_20)
FN:238,(anonymous_21)
FN:241,(anonymous_22)
FN:264,SimilarPalettesSection
FN:271,(anonymous_24)
FN:279,(anonymous_25)
FN:297,(anonymous_26)
FN:327,(anonymous_27)
FN:333,(anonymous_28)
FN:337,(anonymous_29)
FN:340,(anonymous_30)
FN:387,ColorSuggestions
FN:399,(anonymous_32)
FNF:33
FNH:0
FNDA:0,ColorHarmonySection
FNDA:0,(anonymous_1)
FNDA:0,(anonymous_2)
FNDA:0,(anonymous_3)
FNDA:0,(anonymous_4)
FNDA:0,(anonymous_5)
FNDA:0,(anonymous_6)
FNDA:0,PaletteCompletionSection
FNDA:0,(anonymous_8)
FNDA:0,(anonymous_9)
FNDA:0,(anonymous_10)
FNDA:0,(anonymous_11)
FNDA:0,(anonymous_12)
FNDA:0,(anonymous_13)
FNDA:0,(anonymous_14)
FNDA:0,GradientSuggestionsSection
FNDA:0,(anonymous_16)
FNDA:0,(anonymous_17)
FNDA:0,(anonymous_18)
FNDA:0,(anonymous_19)
FNDA:0,(anonymous_20)
FNDA:0,(anonymous_21)
FNDA:0,(anonymous_22)
FNDA:0,SimilarPalettesSection
FNDA:0,(anonymous_24)
FNDA:0,(anonymous_25)
FNDA:0,(anonymous_26)
FNDA:0,(anonymous_27)
FNDA:0,(anonymous_28)
FNDA:0,(anonymous_29)
FNDA:0,(anonymous_30)
FNDA:0,ColorSuggestions
FNDA:0,(anonymous_32)
DA:25,0
DA:37,0
DA:38,0
DA:40,0
DA:41,0
DA:42,0
DA:45,0
DA:47,0
DA:48,0
DA:49,0
DA:54,0
DA:64,0
DA:69,0
DA:74,0
DA:78,0
DA:109,0
DA:111,0
DA:112,0
DA:113,0
DA:114,0
DA:116,0
DA:117,0
DA:120,0
DA:122,0
DA:123,0
DA:128,0
DA:129,0
DA:130,0
DA:133,0
DA:134,0
DA:137,0
DA:143,0
DA:144,0
DA:151,0
DA:156,0
DA:157,0
DA:198,0
DA:200,0
DA:201,0
DA:202,0
DA:203,0
DA:205,0
DA:206,0
DA:209,0
DA:210,0
DA:211,0
DA:214,0
DA:215,0
DA:218,0
DA:228,0
DA:233,0
DA:237,0
DA:238,0
DA:241,0
DA:268,0
DA:269,0
DA:271,0
DA:272,0
DA:273,0
DA:274,0
DA:277,0
DA:279,0
DA:280,0
DA:281,0
DA:282,0
DA:283,0
DA:284,0
DA:287,0
DA:289,0
DA:290,0
DA:295,0
DA:297,0
DA:298,0
DA:302,0
DA:303,0
DA:314,0
DA:315,0
DA:318,0
DA:328,0
DA:333,0
DA:337,0
DA:341,0
DA:399,0
DA:406,0
DA:408,0
DA:409,0
DA:412,0
DA:449,0
LF:88
LH:0
BRDA:71,0,0,0
BRDA:71,0,1,0
BRDA:72,1,0,0
BRDA:72,1,1,0
BRDA:112,2,0,0
BRDA:112,2,1,0
BRDA:133,3,0,0
BRDA:133,3,1,0
BRDA:143,4,0,0
BRDA:143,4,1,0
BRDA:154,5,0,0
BRDA:154,5,1,0
BRDA:201,6,0,0
BRDA:201,6,1,0
BRDA:214,7,0,0
BRDA:214,7,1,0
BRDA:235,8,0,0
BRDA:235,8,1,0
BRDA:272,9,0,0
BRDA:272,9,1,0
BRDA:283,10,0,0
BRDA:283,10,1,0
BRDA:289,11,0,0
BRDA:289,11,1,0
BRDA:302,12,0,0
BRDA:302,12,1,0
BRDA:314,13,0,0
BRDA:314,13,1,0
BRDA:335,14,0,0
BRDA:335,14,1,0
BRDA:393,15,0,0
BRDA:394,16,0,0
BRDA:395,17,0,0
BRDA:396,18,0,0
BRDA:403,19,0,0
BRDA:403,19,1,0
BRDA:408,20,0,0
BRDA:408,20,1,0
BRDA:414,21,0,0
BRDA:414,21,1,0
BRDA:414,21,2,0
BRDA:421,22,0,0
BRDA:421,22,1,0
BRDA:428,23,0,0
BRDA:428,23,1,0
BRDA:435,24,0,0
BRDA:435,24,1,0
BRF:47
BRH:0
end_of_record
TN:
SF:src/components/ColorTrends.tsx
FN:41,PeriodSelector
FN:50,(anonymous_1)
FN:57,(anonymous_2)
FN:86,TrendingColorCard
FN:93,(anonymous_4)
FN:101,(anonymous_5)
FN:106,(anonymous_6)
FN:118,(anonymous_7)
FN:123,(anonymous_8)
FN:172,TrendingColorsGrid
FN:181,(anonymous_10)
FN:207,TopTrendingList
FN:217,(anonymous_12)
FN:237,SeasonalInsightsCard
FN:287,(anonymous_14)
FN:310,ColorTrends
FN:317,(anonymous_16)
FN:342,(anonymous_17)
FN:363,(anonymous_18)
FN:430,formatDate
FN:438,getMonthName
FN:443,capitalizeFirst
FNF:22
FNH:0
FNDA:0,PeriodSelector
FNDA:0,(anonymous_1)
FNDA:0,(anonymous_2)
FNDA:0,TrendingColorCard
FNDA:0,(anonymous_4)
FNDA:0,(anonymous_5)
FNDA:0,(anonymous_6)
FNDA:0,(anonymous_7)
FNDA:0,(anonymous_8)
FNDA:0,TrendingColorsGrid
FNDA:0,(anonymous_10)
FNDA:0,TopTrendingList
FNDA:0,(anonymous_12)
FNDA:0,SeasonalInsightsCard
FNDA:0,(anonymous_14)
FNDA:0,ColorTrends
FNDA:0,(anonymous_16)
FNDA:0,(anonymous_17)
FNDA:0,(anonymous_18)
FNDA:0,formatDate
FNDA:0,getMonthName
FNDA:0,capitalizeFirst
DA:30,0
DA:42,0
DA:48,0
DA:51,0
DA:58,0
DA:59,0
DA:91,0
DA:93,0
DA:94,0
DA:95,0
DA:98,0
DA:99,0
DA:101,0
DA:106,0
DA:116,0
DA:118,0
DA:123,0
DA:177,0
DA:179,0
DA:182,0
DA:211,0
DA:218,0
DA:238,0
DA:245,0
DA:252,0
DA:288,0
DA:311,0
DA:312,0
DA:313,0
DA:314,0
DA:315,0
DA:317,0
DA:318,0
DA:319,0
DA:321,0
DA:324,0
DA:325,0
DA:330,0
DA:331,0
DA:332,0
DA:335,0
DA:337,0
DA:338,0
DA:342,0
DA:343,0
DA:346,0
DA:347,0
DA:355,0
DA:363,0
DA:431,0
DA:432,0
DA:439,0
DA:440,0
DA:444,0
DA:451,0
LF:55
LH:0
BRDA:55,0,0,0
BRDA:55,0,1,0
BRDA:65,1,0,0
BRDA:65,1,1,0
BRDA:89,2,0,0
BRDA:91,3,0,0
BRDA:91,3,1,0
BRDA:98,4,0,0
BRDA:98,4,1,0
BRDA:104,5,0,0
BRDA:104,5,1,0
BRDA:121,6,0,0
BRDA:121,6,1,0
BRDA:135,7,0,0
BRDA:135,7,1,0
BRDA:144,8,0,0
BRDA:144,8,1,0
BRDA:144,8,2,0
BRDA:148,9,0,0
BRDA:148,9,1,0
BRDA:149,10,0,0
BRDA:149,10,1,0
BRDA:150,11,0,0
BRDA:150,11,1,0
BRDA:154,12,0,0
BRDA:154,12,1,0
BRDA:154,13,0,0
BRDA:154,13,1,0
BRDA:175,14,0,0
BRDA:177,15,0,0
BRDA:177,15,1,0
BRDA:317,16,0,0
BRDA:318,17,0,0
BRDA:318,17,1,0
BRDA:327,18,0,0
BRDA:327,18,1,0
BRDA:331,19,0,0
BRDA:331,19,1,0
BRDA:346,20,0,0
BRDA:346,20,1,0
BRDA:346,21,0,0
BRDA:346,21,1,0
BRDA:372,22,0,0
BRDA:372,22,1,0
BRDA:375,23,0,0
BRDA:375,23,1,0
BRDA:376,24,0,0
BRDA:376,24,1,0
BRDA:377,25,0,0
BRDA:377,25,1,0
BRDA:377,26,0,0
BRDA:377,26,1,0
BRDA:383,27,0,0
BRDA:383,27,1,0
BRDA:383,27,2,0
BRDA:390,28,0,0
BRDA:390,28,1,0
BRDA:390,29,0,0
BRDA:390,29,1,0
BRF:59
BRH:0
end_of_record
TN:
SF:src/components/Comments.tsx
FN:25,Comments
FN:42,(anonymous_1)
FN:46,(anonymous_2)
FN:61,(anonymous_3)
FN:65,(anonymous_4)
FN:85,(anonymous_5)
FN:91,(anonymous_6)
FN:105,(anonymous_7)
FN:111,(anonymous_8)
FN:118,(anonymous_9)
FN:129,(anonymous_10)
FN:135,(anonymous_11)
FN:140,(anonymous_12)
FN:154,(anonymous_13)
FN:165,(anonymous_14)
FN:176,(anonymous_15)
FN:213,(anonymous_16)
FN:261,(anonymous_17)
FNF:18
FNH:0
FNDA:0,Comments
FNDA:0,(anonymous_1)
FNDA:0,(anonymous_2)
FNDA:0,(anonymous_3)
FNDA:0,(anonymous_4)
FNDA:0,(anonymous_5)
FNDA:0,(anonymous_6)
FNDA:0,(anonymous_7)
FNDA:0,(anonymous_8)
FNDA:0,(anonymous_9)
FNDA:0,(anonymous_10)
FNDA:0,(anonymous_11)
FNDA:0,(anonymous_12)
FNDA:0,(anonymous_13)
FNDA:0,(anonymous_14)
FNDA:0,(anonymous_15)
FNDA:0,(anonymous_16)
FNDA:0,(anonymous_17)
DA:26,0
DA:27,0
DA:34,0
DA:36,0
DA:37,0
DA:39,0
DA:40,0
DA:42,0
DA:43,0
DA:46,0
DA:47,0
DA:48,0
DA:49,0
DA:50,0
DA:51,0
DA:52,0
DA:54,0
DA:55,0
DA:56,0
DA:57,0
DA:58,0
DA:61,0
DA:62,0
DA:63,0
DA:65,0
DA:67,0
DA:70,0
DA:71,0
DA:73,0
DA:74,0
DA:75,0
DA:76,0
DA:78,0
DA:80,0
DA:84,0
DA:86,0
DA:92,0
DA:93,0
DA:95,0
DA:104,0
DA:106,0
DA:108,0
DA:111,0
DA:115,0
DA:116,0
DA:118,0
DA:122,0
DA:124,0
DA:129,0
DA:130,0
DA:132,0
DA:135,0
DA:140,0
DA:154,0
DA:165,0
DA:176,0
DA:177,0
DA:179,0
DA:188,0
DA:213,0
DA:261,0
DA:271,0
LF:62
LH:0
BRDA:39,0,0,0
BRDA:39,0,1,0
BRDA:40,1,0,0
BRDA:40,1,1,0
BRDA:54,2,0,0
BRDA:54,2,1,0
BRDA:55,3,0,0
BRDA:55,3,1,0
BRDA:56,4,0,0
BRDA:56,4,1,0
BRDA:57,5,0,0
BRDA:57,5,1,0
BRDA:62,6,0,0
BRDA:62,6,1,0
BRDA:71,7,0,0
BRDA:71,7,1,0
BRDA:115,8,0,0
BRDA:115,8,1,0
BRDA:142,9,0,0
BRDA:142,9,1,0
BRDA:147,10,0,0
BRDA:147,10,1,0
BRDA:156,11,0,0
BRDA:156,11,1,0
BRDA:162,12,0,0
BRDA:162,12,1,0
BRDA:177,13,0,0
BRDA:177,13,1,0
BRDA:191,14,0,0
BRDA:191,14,1,0
BRDA:196,15,0,0
BRDA:196,15,1,0
BRDA:198,16,0,0
BRDA:198,16,1,0
BRDA:205,17,0,0
BRDA:205,17,1,0
BRDA:222,18,0,0
BRDA:222,18,1,0
BRDA:224,19,0,0
BRDA:224,19,1,0
BRDA:229,20,0,0
BRDA:229,20,1,0
BRDA:246,21,0,0
BRDA:246,21,1,0
BRDA:246,21,2,0
BRDA:249,22,0,0
BRDA:249,22,1,0
BRDA:251,23,0,0
BRDA:251,23,1,0
BRF:49
BRH:0
end_of_record
TN:
SF:src/components/ExportBottomSheet.tsx
FN:48,PaletteImagePreview
FN:72,(anonymous_1)
FN:104,ExportBottomSheet
FN:115,(anonymous_3)
FN:131,(anonymous_4)
FN:141,(anonymous_5)
FN:154,(anonymous_6)
FN:170,(anonymous_7)
FN:170,(anonymous_8)
FN:183,(anonymous_9)
FN:193,(anonymous_10)
FN:323,(anonymous_11)
FN:344,(anonymous_12)
FN:345,(anonymous_13)
FN:351,(anonymous_14)
FN:359,(anonymous_15)
FN:360,(anonymous_16)
FN:366,(anonymous_17)
FN:375,(anonymous_18)
FN:376,(anonymous_19)
FN:382,(anonymous_20)
FN:402,ExportOptionButton
FN:411,(anonymous_22)
FNF:23
FNH:0
FNDA:0,PaletteImagePreview
FNDA:0,(anonymous_1)
FNDA:0,ExportBottomSheet
FNDA:0,(anonymous_3)
FNDA:0,(anonymous_4)
FNDA:0,(anonymous_5)
FNDA:0,(anonymous_6)
FNDA:0,(anonymous_7)
FNDA:0,(anonymous_8)
FNDA:0,(anonymous_9)
FNDA:0,(anonymous_10)
FNDA:0,(anonymous_11)
FNDA:0,(anonymous_12)
FNDA:0,(anonymous_13)
FNDA:0,(anonymous_14)
FNDA:0,(anonymous_15)
FNDA:0,(anonymous_16)
FNDA:0,(anonymous_17)
FNDA:0,(anonymous_18)
FNDA:0,(anonymous_19)
FNDA:0,(anonymous_20)
FNDA:0,ExportOptionButton
FNDA:0,(anonymous_22)
DA:29,0
DA:59,0
DA:73,0
DA:74,0
DA:110,0
DA:111,0
DA:112,0
DA:114,0
DA:116,0
DA:117,0
DA:118,0
DA:119,0
DA:121,0
DA:123,0
DA:124,0
DA:131,0
DA:132,0
DA:134,0
DA:135,0
DA:136,0
DA:138,0
DA:142,0
DA:143,0
DA:144,0
DA:145,0
DA:147,0
DA:148,0
DA:149,0
DA:155,0
DA:156,0
DA:158,0
DA:164,0
DA:169,0
DA:170,0
DA:171,0
DA:172,0
DA:173,0
DA:174,0
DA:176,0
DA:183,0
DA:184,0
DA:185,0
DA:186,0
DA:188,0
DA:193,0
DA:194,0
DA:195,0
DA:196,0
DA:198,0
DA:202,0
DA:275,0
DA:277,0
DA:324,0
DA:344,0
DA:346,0
DA:351,0
DA:359,0
DA:361,0
DA:366,0
DA:375,0
DA:377,0
DA:382,0
DA:409,0
DA:411,0
DA:436,0
LF:65
LH:0
BRDA:51,0,0,0
BRDA:66,1,0,0
BRDA:66,1,1,0
BRDA:73,2,0,0
BRDA:73,2,1,0
BRDA:79,3,0,0
BRDA:79,3,1,0
BRDA:84,4,0,0
BRDA:84,4,1,0
BRDA:84,4,2,0
BRDA:121,5,0,0
BRDA:121,5,1,0
BRDA:132,6,0,0
BRDA:132,6,1,0
BRDA:136,7,0,0
BRDA:136,7,1,0
BRDA:143,8,0,0
BRDA:143,8,1,0
BRDA:155,9,0,0
BRDA:155,9,1,0
BRDA:172,10,0,0
BRDA:172,10,1,0
BRDA:185,11,0,0
BRDA:185,11,1,0
BRDA:195,12,0,0
BRDA:195,12,1,0
BRDA:275,13,0,0
BRDA:275,13,1,0
BRDA:330,14,0,0
BRDA:330,14,1,0
BRDA:349,15,0,0
BRDA:349,15,1,0
BRDA:364,16,0,0
BRDA:364,16,1,0
BRDA:380,17,0,0
BRDA:380,17,1,0
BRDA:407,18,0,0
BRDA:412,19,0,0
BRDA:412,19,1,0
BRDA:413,20,0,0
BRDA:413,20,1,0
BRDA:414,21,0,0
BRDA:414,21,1,0
BRDA:414,21,2,0
BRDA:419,22,0,0
BRDA:419,22,1,0
BRDA:426,23,0,0
BRDA:426,23,1,0
BRF:48
BRH:0
end_of_record
TN:
SF:src/components/ImageCropper.tsx
FN:45,ImageCropper
FN:57,(anonymous_1)
FN:85,(anonymous_2)
FN:95,(anonymous_3)
FN:122,(anonymous_4)
FN:131,(anonymous_5)
FN:135,(anonymous_6)
FN:145,(anonymous_7)
FN:179,(anonymous_8)
FN:186,(anonymous_9)
FN:267,(anonymous_10)
FN:274,(anonymous_11)
FNF:12
FNH:0
FNDA:0,ImageCropper
FNDA:0,(anonymous_1)
FNDA:0,(anonymous_2)
FNDA:0,(anonymous_3)
FNDA:0,(anonymous_4)
FNDA:0,(anonymous_5)
FNDA:0,(anonymous_6)
FNDA:0,(anonymous_7)
FNDA:0,(anonymous_8)
FNDA:0,(anonymous_9)
FNDA:0,(anonymous_10)
FNDA:0,(anonymous_11)
DA:41,0
DA:42,0
DA:43,0
DA:53,0
DA:54,0
DA:57,0
DA:58,0
DA:59,0
DA:61,0
DA:62,0
DA:63,0
DA:65,0
DA:66,0
DA:67,0
DA:70,0
DA:74,0
DA:75,0
DA:76,0
DA:77,0
DA:80,0
DA:81,0
DA:82,0
DA:83,0
DA:85,0
DA:86,0
DA:87,0
DA:88,0
DA:89,0
DA:90,0
DA:91,0
DA:95,0
DA:97,0
DA:98,0
DA:100,0
DA:101,0
DA:102,0
DA:103,0
DA:105,0
DA:106,0
DA:108,0
DA:109,0
DA:110,0
DA:113,0
DA:114,0
DA:116,0
DA:117,0
DA:118,0
DA:119,0
DA:122,0
DA:123,0
DA:124,0
DA:125,0
DA:130,0
DA:132,0
DA:133,0
DA:136,0
DA:137,0
DA:139,0
DA:140,0
DA:144,0
DA:146,0
DA:147,0
DA:148,0
DA:150,0
DA:151,0
DA:154,0
DA:155,0
DA:158,0
DA:159,0
DA:160,0
DA:164,0
DA:165,0
DA:168,0
DA:169,0
DA:171,0
DA:172,0
DA:173,0
DA:174,0
DA:177,0
DA:179,0
DA:186,0
DA:187,0
DA:188,0
DA:190,0
DA:191,0
DA:193,0
DA:200,0
DA:206,0
DA:208,0
DA:210,0
DA:214,0
DA:216,0
DA:268,0
DA:274,0
DA:296,0
LF:95
LH:0
BRDA:65,0,0,0
BRDA:65,0,1,0
BRDA:86,1,0,0
BRDA:86,1,1,0
BRDA:86,1,2,0
BRDA:86,1,3,0
BRDA:86,1,4,0
BRDA:98,2,0,0
BRDA:98,2,1,0
BRDA:108,3,0,0
BRDA:108,3,1,0
BRDA:124,4,0,0
BRDA:124,4,1,0
BRDA:159,5,0,0
BRDA:159,5,1,0
BRDA:224,6,0,0
BRDA:224,6,1,0
BRDA:229,7,0,0
BRDA:229,7,1,0
BRDA:272,8,0,0
BRDA:272,8,1,0
BRDA:279,9,0,0
BRDA:279,9,1,0
BRDA:282,10,0,0
BRDA:282,10,1,0
BRF:25
BRH:0
end_of_record
TN:
SF:src/components/PaletteHistory.tsx
FN:39,RecentHistorySection
FN:44,(anonymous_1)
FN:47,(anonymous_2)
FN:48,(anonymous_3)
FN:50,(anonymous_4)
FN:55,(anonymous_5)
FN:64,(anonymous_6)
FN:90,(anonymous_7)
FN:99,(anonymous_8)
FN:100,(anonymous_9)
FN:101,(anonymous_10)
FN:121,HistoryCard
FN:126,(anonymous_12)
FN:134,(anonymous_13)
FN:154,(anonymous_14)
FN:175,DeletedPalettesSection
FN:176,(anonymous_16)
FN:179,(anonymous_17)
FN:180,(anonymous_18)
FN:181,(anonymous_19)
FN:183,(anonymous_20)
FN:188,(anonymous_21)
FN:201,(anonymous_22)
FN:210,(anonymous_23)
FN:232,(anonymous_24)
FN:241,(anonymous_25)
FN:242,(anonymous_26)
FN:261,DeletedPaletteCard
FN:271,(anonymous_28)
FN:278,(anonymous_29)
FN:305,(anonymous_30)
FN:314,(anonymous_31)
FN:334,ClearHistoryButton
FN:335,(anonymous_33)
FN:336,(anonymous_34)
FN:338,(anonymous_35)
FN:347,(anonymous_36)
FN:370,HistoryEmptyState
FN:387,getTimeAgo
FNF:39
FNH:0
FNDA:0,RecentHistorySection
FNDA:0,(anonymous_1)
FNDA:0,(anonymous_2)
FNDA:0,(anonymous_3)
FNDA:0,(anonymous_4)
FNDA:0,(anonymous_5)
FNDA:0,(anonymous_6)
FNDA:0,(anonymous_7)
FNDA:0,(anonymous_8)
FNDA:0,(anonymous_9)
FNDA:0,(anonymous_10)
FNDA:0,HistoryCard
FNDA:0,(anonymous_12)
FNDA:0,(anonymous_13)
FNDA:0,(anonymous_14)
FNDA:0,DeletedPalettesSection
FNDA:0,(anonymous_16)
FNDA:0,(anonymous_17)
FNDA:0,(anonymous_18)
FNDA:0,(anonymous_19)
FNDA:0,(anonymous_20)
FNDA:0,(anonymous_21)
FNDA:0,(anonymous_22)
FNDA:0,(anonymous_23)
FNDA:0,(anonymous_24)
FNDA:0,(anonymous_25)
FNDA:0,(anonymous_26)
FNDA:0,DeletedPaletteCard
FNDA:0,(anonymous_28)
FNDA:0,(anonymous_29)
FNDA:0,(anonymous_30)
FNDA:0,(anonymous_31)
FNDA:0,ClearHistoryButton
FNDA:0,(anonymous_33)
FNDA:0,(anonymous_34)
FNDA:0,(anonymous_35)
FNDA:0,(anonymous_36)
FNDA:0,HistoryEmptyState
FNDA:0,getTimeAgo
DA:27,0
DA:44,0
DA:45,0
DA:47,0
DA:48,0
DA:50,0
DA:51,0
DA:54,0
DA:56,0
DA:65,0
DA:66,0
DA:75,0
DA:76,0
DA:79,0
DA:91,0
DA:99,0
DA:100,0
DA:101,0
DA:122,0
DA:124,0
DA:126,0
DA:135,0
DA:155,0
DA:156,0
DA:157,0
DA:176,0
DA:177,0
DA:179,0
DA:180,0
DA:181,0
DA:183,0
DA:184,0
DA:187,0
DA:189,0
DA:190,0
DA:191,0
DA:193,0
DA:194,0
DA:200,0
DA:202,0
DA:211,0
DA:212,0
DA:221,0
DA:222,0
DA:225,0
DA:233,0
DA:241,0
DA:242,0
DA:266,0
DA:267,0
DA:269,0
DA:271,0
DA:279,0
DA:306,0
DA:307,0
DA:315,0
DA:316,0
DA:335,0
DA:336,0
DA:338,0
DA:339,0
DA:348,0
DA:349,0
DA:350,0
DA:357,0
DA:359,0
DA:371,0
DA:388,0
DA:389,0
DA:390,0
DA:391,0
DA:392,0
DA:393,0
DA:395,0
DA:396,0
DA:397,0
DA:398,0
DA:399,0
DA:400,0
DA:407,0
LF:80
LH:0
BRDA:42,0,0,0
BRDA:75,1,0,0
BRDA:75,1,1,0
BRDA:100,2,0,0
BRDA:100,2,1,0
BRDA:128,3,0,0
BRDA:128,3,1,0
BRDA:143,4,0,0
BRDA:143,4,1,0
BRDA:147,5,0,0
BRDA:147,5,1,0
BRDA:151,6,0,0
BRDA:151,6,1,0
BRDA:190,7,0,0
BRDA:190,7,1,0
BRDA:221,8,0,0
BRDA:221,8,1,0
BRDA:273,9,0,0
BRDA:273,9,1,0
BRDA:292,10,0,0
BRDA:292,10,1,0
BRDA:295,11,0,0
BRDA:295,11,1,0
BRDA:297,12,0,0
BRDA:297,12,1,0
BRDA:357,13,0,0
BRDA:357,13,1,0
BRDA:395,14,0,0
BRDA:395,14,1,0
BRDA:396,15,0,0
BRDA:396,15,1,0
BRDA:397,16,0,0
BRDA:397,16,1,0
BRDA:398,17,0,0
BRDA:398,17,1,0
BRDA:399,18,0,0
BRDA:399,18,1,0
BRF:37
BRH:0
end_of_record
TN:
SF:src/components/ShareBottomSheet.tsx
FN:37,ShareableImage
FN:55,(anonymous_1)
FN:84,ShareBottomSheet
FN:100,(anonymous_3)
FN:118,(anonymous_4)
FN:136,(anonymous_5)
FN:137,(anonymous_6)
FN:154,(anonymous_7)
FN:171,(anonymous_8)
FN:172,(anonymous_9)
FN:180,(anonymous_10)
FN:203,(anonymous_11)
FN:229,(anonymous_12)
FN:284,(anonymous_13)
FN:329,(anonymous_14)
FN:338,(anonymous_15)
FN:348,(anonymous_16)
FN:358,(anonymous_17)
FN:367,(anonymous_18)
FN:385,ShareOption
FN:395,(anonymous_20)
FNF:21
FNH:0
FNDA:0,ShareableImage
FNDA:0,(anonymous_1)
FNDA:0,ShareBottomSheet
FNDA:0,(anonymous_3)
FNDA:0,(anonymous_4)
FNDA:0,(anonymous_5)
FNDA:0,(anonymous_6)
FNDA:0,(anonymous_7)
FNDA:0,(anonymous_8)
FNDA:0,(anonymous_9)
FNDA:0,(anonymous_10)
FNDA:0,(anonymous_11)
FNDA:0,(anonymous_12)
FNDA:0,(anonymous_13)
FNDA:0,(anonymous_14)
FNDA:0,(anonymous_15)
FNDA:0,(anonymous_16)
FNDA:0,(anonymous_17)
FNDA:0,(anonymous_18)
FNDA:0,ShareOption
FNDA:0,(anonymous_20)
DA:46,0
DA:56,0
DA:57,0
DA:93,0
DA:94,0
DA:95,0
DA:96,0
DA:97,0
DA:99,0
DA:101,0
DA:102,0
DA:103,0
DA:104,0
DA:106,0
DA:107,0
DA:110,0
DA:111,0
DA:118,0
DA:119,0
DA:121,0
DA:122,0
DA:124,0
DA:125,0
DA:131,0
DA:136,0
DA:137,0
DA:138,0
DA:142,0
DA:144,0
DA:145,0
DA:146,0
DA:154,0
DA:155,0
DA:157,0
DA:158,0
DA:159,0
DA:160,0
DA:162,0
DA:171,0
DA:172,0
DA:173,0
DA:174,0
DA:175,0
DA:179,0
DA:181,0
DA:182,0
DA:183,0
DA:186,0
DA:187,0
DA:188,0
DA:189,0
DA:191,0
DA:196,0
DA:203,0
DA:204,0
DA:206,0
DA:207,0
DA:210,0
DA:211,0
DA:213,0
DA:216,0
DA:217,0
DA:223,0
DA:229,0
DA:237,0
DA:239,0
DA:285,0
DA:329,0
DA:338,0
DA:348,0
DA:358,0
DA:367,0
DA:393,0
DA:395,0
DA:421,0
LF:75
LH:0
BRDA:56,0,0,0
BRDA:56,0,1,0
BRDA:72,1,0,0
BRDA:72,1,1,0
BRDA:90,2,0,0
BRDA:106,3,0,0
BRDA:106,3,1,0
BRDA:106,4,0,0
BRDA:106,4,1,0
BRDA:119,5,0,0
BRDA:119,5,1,0
BRDA:122,6,0,0
BRDA:122,6,1,0
BRDA:124,7,0,0
BRDA:124,7,1,0
BRDA:138,8,0,0
BRDA:138,8,1,0
BRDA:142,9,0,0
BRDA:142,9,1,0
BRDA:155,10,0,0
BRDA:155,10,1,0
BRDA:155,11,0,0
BRDA:155,11,1,0
BRDA:181,12,0,0
BRDA:181,12,1,0
BRDA:193,13,0,0
BRDA:193,13,1,0
BRDA:204,14,0,0
BRDA:204,14,1,0
BRDA:207,15,0,0
BRDA:207,15,1,0
BRDA:213,16,0,0
BRDA:213,16,1,0
BRDA:216,17,0,0
BRDA:216,17,1,0
BRDA:237,18,0,0
BRDA:237,18,1,0
BRDA:294,19,0,0
BRDA:294,19,1,0
BRDA:306,20,0,0
BRDA:306,20,1,0
BRDA:313,21,0,0
BRDA:313,21,1,0
BRDA:327,22,0,0
BRDA:327,22,1,0
BRDA:336,23,0,0
BRDA:336,23,1,0
BRDA:341,24,0,0
BRDA:341,24,1,0
BRDA:345,25,0,0
BRDA:345,25,1,0
BRDA:346,26,0,0
BRDA:346,26,1,0
BRDA:347,27,0,0
BRDA:347,27,1,0
BRDA:356,28,0,0
BRDA:356,28,1,0
BRDA:365,29,0,0
BRDA:365,29,1,0
BRDA:397,30,0,0
BRDA:397,30,1,0
BRDA:398,31,0,0
BRDA:398,31,1,0
BRDA:398,31,2,0
BRDA:403,32,0,0
BRDA:403,32,1,0
BRF:66
BRH:0
end_of_record
TN:
SF:src/components/TagSelector.tsx
FN:37,TagSelector
FN:55,(anonymous_1)
FN:60,(anonymous_2)
FN:69,(anonymous_3)
FN:81,(anonymous_4)
FN:93,(anonymous_5)
FN:94,(anonymous_6)
FN:98,(anonymous_7)
FN:105,(anonymous_8)
FN:110,(anonymous_9)
FN:121,(anonymous_10)
FN:121,(anonymous_11)
FN:124,(anonymous_12)
FN:136,(anonymous_13)
FN:175,(anonymous_14)
FN:200,(anonymous_15)
FN:214,(anonymous_16)
FN:233,(anonymous_17)
FN:240,(anonymous_18)
FN:272,(anonymous_19)
FN:277,(anonymous_20)
FN:291,(anonymous_21)
FNF:22
FNH:0
FNDA:0,TagSelector
FNDA:0,(anonymous_1)
FNDA:0,(anonymous_2)
FNDA:0,(anonymous_3)
FNDA:0,(anonymous_4)
FNDA:0,(anonymous_5)
FNDA:0,(anonymous_6)
FNDA:0,(anonymous_7)
FNDA:0,(anonymous_8)
FNDA:0,(anonymous_9)
FNDA:0,(anonymous_10)
FNDA:0,(anonymous_11)
FNDA:0,(anonymous_12)
FNDA:0,(anonymous_13)
FNDA:0,(anonymous_14)
FNDA:0,(anonymous_15)
FNDA:0,(anonymous_16)
FNDA:0,(anonymous_17)
FNDA:0,(anonymous_18)
FNDA:0,(anonymous_19)
FNDA:0,(anonymous_20)
FNDA:0,(anonymous_21)
DA:15,0
DA:17,0
DA:24,0
DA:42,0
DA:43,0
DA:44,0
DA:50,0
DA:51,0
DA:52,0
DA:55,0
DA:56,0
DA:60,0
DA:61,0
DA:62,0
DA:64,0
DA:65,0
DA:69,0
DA:70,0
DA:71,0
DA:72,0
DA:73,0
DA:75,0
DA:77,0
DA:81,0
DA:82,0
DA:83,0
DA:84,0
DA:85,0
DA:87,0
DA:89,0
DA:93,0
DA:94,0
DA:96,0
DA:98,0
DA:99,0
DA:101,0
DA:105,0
DA:106,0
DA:107,0
DA:110,0
DA:112,0
DA:113,0
DA:114,0
DA:115,0
DA:117,0
DA:121,0
DA:122,0
DA:124,0
DA:125,0
DA:126,0
DA:128,0
DA:136,0
DA:157,0
DA:158,0
DA:166,0
DA:176,0
DA:200,0
DA:214,0
DA:234,0
DA:240,0
DA:272,0
DA:278,0
DA:291,0
DA:303,0
LF:64
LH:0
BRDA:40,0,0,0
BRDA:61,1,0,0
BRDA:61,1,1,0
BRDA:96,2,0,0
BRDA:96,2,1,0
BRDA:99,3,0,0
BRDA:99,3,1,0
BRDA:107,4,0,0
BRDA:107,4,1,0
BRDA:107,5,0,0
BRDA:107,5,1,0
BRDA:110,6,0,0
BRDA:110,6,1,0
BRDA:124,7,0,0
BRDA:126,8,0,0
BRDA:126,8,1,0
BRDA:133,9,0,0
BRDA:133,9,1,0
BRDA:134,10,0,0
BRDA:134,10,1,0
BRDA:134,10,2,0
BRDA:137,11,0,0
BRDA:137,11,1,0
BRDA:139,12,0,0
BRDA:139,12,1,0
BRDA:139,12,2,0
BRDA:145,13,0,0
BRDA:145,13,1,0
BRDA:150,14,0,0
BRDA:150,14,1,0
BRDA:157,15,0,0
BRDA:157,15,1,0
BRDA:169,16,0,0
BRDA:169,16,1,0
BRDA:200,17,0,0
BRDA:200,17,1,0
BRDA:200,17,2,0
BRDA:200,17,3,0
BRDA:208,18,0,0
BRDA:208,18,1,0
BRDA:210,19,0,0
BRDA:210,19,1,0
BRDA:212,20,0,0
BRDA:212,20,1,0
BRDA:225,21,0,0
BRDA:225,21,1,0
BRDA:238,22,0,0
BRDA:238,22,1,0
BRDA:241,23,0,0
BRDA:241,23,1,0
BRDA:253,24,0,0
BRDA:253,24,1,0
BRDA:268,25,0,0
BRDA:268,25,1,0
BRF:54
BRH:0
end_of_record
TN:
SF:src/components/index.ts
FNF:0
FNH:0
LF:0
LH:0
BRF:0
BRH:0
end_of_record
TN:
SF:src/constants/index.ts
FNF:0
FNH:0
DA:2,0
DA:9,0
DA:18,0
DA:25,0
DA:33,0
DA:117,0
DA:125,0
DA:132,0
DA:139,0
DA:148,0
LF:10
LH:0
BRF:0
BRH:0
end_of_record
TN:
SF:src/hooks/index.ts
FNF:0
FNH:0
LF:0
LH:0
BRF:0
BRH:0
end_of_record
TN:
SF:src/hooks/useColorExtraction.ts
FN:31,getCacheKey
FN:45,getCachedResult
FN:66,cacheResult
FN:92,clearColorExtractionCache
FN:99,useColorExtraction
FN:109,(anonymous_5)
FN:169,(anonymous_6)
FN:191,getImagePixelData
FN:202,(anonymous_8)
FN:205,(anonymous_9)
FN:216,(anonymous_10)
FN:224,decodeImageWithCanvasFromUrl
FN:229,(anonymous_12)
FN:233,(anonymous_13)
FN:263,(anonymous_14)
FN:271,blobToBase64
FN:272,(anonymous_16)
FN:274,(anonymous_17)
FN:286,decodeImageToPixels
FN:304,decodeImageWithCanvas
FN:309,(anonymous_20)
FN:313,(anonymous_21)
FN:347,(anonymous_22)
FN:358,decodeImageFallback
FNF:24
FNH:0
FNDA:0,getCacheKey
FNDA:0,getCachedResult
FNDA:0,cacheResult
FNDA:0,clearColorExtractionCache
FNDA:0,useColorExtraction
FNDA:0,(anonymous_5)
FNDA:0,(anonymous_6)
FNDA:0,getImagePixelData
FNDA:0,(anonymous_8)
FNDA:0,(anonymous_9)
FNDA:0,(anonymous_10)
FNDA:0,decodeImageWithCanvasFromUrl
FNDA:0,(anonymous_12)
FNDA:0,(anonymous_13)
FNDA:0,(anonymous_14)
FNDA:0,blobToBase64
FNDA:0,(anonymous_16)
FNDA:0,(anonymous_17)
FNDA:0,decodeImageToPixels
FNDA:0,decodeImageWithCanvas
FNDA:0,(anonymous_20)
FNDA:0,(anonymous_21)
FNDA:0,(anonymous_22)
FNDA:0,decodeImageFallback
DA:23,0
DA:26,0
DA:33,0
DA:34,0
DA:35,0
DA:36,0
DA:37,0
DA:39,0
DA:46,0
DA:47,0
DA:48,0
DA:49,0
DA:51,0
DA:52,0
DA:53,0
DA:54,0
DA:57,0
DA:59,0
DA:67,0
DA:68,0
DA:69,0
DA:75,0
DA:78,0
DA:79,0
DA:80,0
DA:81,0
DA:93,0
DA:100,0
DA:101,0
DA:102,0
DA:103,0
DA:104,0
DA:106,0
DA:108,0
DA:111,0
DA:112,0
DA:115,0
DA:116,0
DA:119,0
DA:120,0
DA:121,0
DA:122,0
DA:123,0
DA:124,0
DA:131,0
DA:133,0
DA:135,0
DA:137,0
DA:138,0
DA:142,0
DA:144,0
DA:145,0
DA:149,0
DA:150,0
DA:151,0
DA:154,0
DA:156,0
DA:158,0
DA:159,0
DA:160,0
DA:161,0
DA:163,0
DA:169,0
DA:170,0
DA:171,0
DA:172,0
DA:173,0
DA:176,0
DA:197,0
DA:198,0
DA:202,0
DA:203,0
DA:206,0
DA:207,0
DA:208,0
DA:209,0
DA:210,0
DA:211,0
DA:213,0
DA:216,0
DA:229,0
DA:230,0
DA:231,0
DA:233,0
DA:234,0
DA:235,0
DA:236,0
DA:237,0
DA:238,0
DA:240,0
DA:241,0
DA:242,0
DA:244,0
DA:245,0
DA:246,0
DA:247,0
DA:250,0
DA:251,0
DA:253,0
DA:259,0
DA:263,0
DA:264,0
DA:272,0
DA:273,0
DA:274,0
DA:275,0
DA:276,0
DA:278,0
DA:279,0
DA:292,0
DA:293,0
DA:298,0
DA:309,0
DA:310,0
DA:311,0
DA:313,0
DA:314,0
DA:316,0
DA:317,0
DA:318,0
DA:319,0
DA:322,0
DA:323,0
DA:324,0
DA:326,0
DA:327,0
DA:328,0
DA:329,0
DA:332,0
DA:335,0
DA:337,0
DA:343,0
DA:347,0
DA:350,0
DA:363,0
DA:364,0
DA:365,0
DA:366,0
DA:369,0
DA:370,0
DA:371,0
DA:373,0
DA:374,0
DA:375,0
DA:377,0
DA:378,0
DA:380,0
DA:381,0
DA:382,0
DA:384,0
DA:385,0
DA:386,0
DA:387,0
DA:390,0
LF:154
LH:0
BRDA:49,0,0,0
BRDA:49,0,1,0
BRDA:52,1,0,0
BRDA:52,1,1,0
BRDA:78,2,0,0
BRDA:78,2,1,0
BRDA:80,3,0,0
BRDA:80,3,1,0
BRDA:109,4,0,0
BRDA:111,5,0,0
BRDA:111,5,1,0
BRDA:120,6,0,0
BRDA:120,6,1,0
BRDA:137,7,0,0
BRDA:137,7,1,0
BRDA:144,8,0,0
BRDA:144,8,1,0
BRDA:158,9,0,0
BRDA:158,9,1,0
BRDA:197,10,0,0
BRDA:197,10,1,0
BRDA:197,11,0,0
BRDA:197,11,1,0
BRDA:245,12,0,0
BRDA:245,12,1,0
BRDA:276,13,0,0
BRDA:276,13,1,0
BRDA:292,14,0,0
BRDA:292,14,1,0
BRDA:292,15,0,0
BRDA:292,15,1,0
BRDA:327,16,0,0
BRDA:327,16,1,0
BRDA:350,17,0,0
BRDA:350,17,1,0
BRF:35
BRH:0
end_of_record
TN:
SF:src/hooks/useImagePicker.ts
FN:25,useImagePicker
FN:38,(anonymous_1)
FN:72,(anonymous_2)
FN:81,(anonymous_3)
FN:90,(anonymous_4)
FN:124,(anonymous_5)
FN:157,(anonymous_6)
FNF:7
FNH:7
FNDA:40,useImagePicker
FNDA:8,(anonymous_1)
FNDA:14,(anonymous_2)
FNDA:5,(anonymous_3)
FNDA:14,(anonymous_4)
FNDA:5,(anonymous_5)
FNDA:1,(anonymous_6)
DA:22,1
DA:23,1
DA:31,40
DA:33,40
DA:34,40
DA:35,40
DA:37,40
DA:40,8
DA:41,8
DA:43,8
DA:44,4
DA:45,4
DA:46,2
DA:47,2
DA:49,2
DA:50,2
DA:54,8
DA:63,8
DA:72,40
DA:73,14
DA:74,14
DA:75,1
DA:76,1
DA:78,13
DA:81,40
DA:82,5
DA:83,5
DA:84,1
DA:85,1
DA:87,4
DA:90,40
DA:91,14
DA:92,14
DA:94,14
DA:95,14
DA:96,14
DA:97,1
DA:100,13
DA:107,11
DA:108,4
DA:111,7
DA:112,7
DA:113,7
DA:114,7
DA:116,2
DA:117,2
DA:118,2
DA:120,14
DA:124,40
DA:125,5
DA:126,5
DA:128,5
DA:129,5
DA:130,5
DA:131,1
DA:134,4
DA:140,2
DA:141,1
DA:144,1
DA:145,1
DA:146,1
DA:147,1
DA:149,2
DA:150,2
DA:151,2
DA:153,5
DA:157,40
DA:158,1
DA:159,1
DA:162,40
LF:70
LH:70
BRDA:25,0,0,28
BRDA:27,1,0,32
BRDA:28,2,0,32
BRDA:29,3,0,38
BRDA:30,4,0,38
BRDA:43,5,0,4
BRDA:43,5,1,4
BRDA:43,6,0,8
BRDA:43,6,1,4
BRDA:45,7,0,2
BRDA:45,7,1,2
BRDA:74,8,0,1
BRDA:74,8,1,13
BRDA:83,9,0,1
BRDA:83,9,1,4
BRDA:96,10,0,1
BRDA:96,10,1,13
BRDA:107,11,0,4
BRDA:107,11,1,7
BRDA:107,12,0,11
BRDA:107,12,1,8
BRDA:116,13,0,1
BRDA:116,13,1,1
BRDA:130,14,0,1
BRDA:130,14,1,4
BRDA:140,15,0,1
BRDA:140,15,1,1
BRDA:140,16,0,2
BRDA:140,16,1,1
BRDA:149,17,0,1
BRDA:149,17,1,1
BRF:31
BRH:31
end_of_record
TN:
SF:src/services/auth.ts
FN:8,(anonymous_0)
FN:44,(anonymous_1)
FN:65,(anonymous_2)
FN:75,(anonymous_3)
FN:88,(anonymous_4)
FN:101,(anonymous_5)
FN:115,(anonymous_6)
FN:139,(anonymous_7)
FN:171,(anonymous_8)
FN:197,(anonymous_9)
FN:198,(anonymous_10)
FN:215,(anonymous_11)
FNF:12
FNH:11
FNDA:4,(anonymous_0)
FNDA:4,(anonymous_1)
FNDA:2,(anonymous_2)
FNDA:2,(anonymous_3)
FNDA:2,(anonymous_4)
FNDA:3,(anonymous_5)
FNDA:7,(anonymous_6)
FNDA:3,(anonymous_7)
FNDA:2,(anonymous_8)
FNDA:1,(anonymous_9)
FNDA:0,(anonymous_10)
FNDA:4,(anonymous_11)
DA:4,1
DA:10,4
DA:15,4
DA:16,1
DA:19,3
DA:20,1
DA:24,2
DA:34,2
DA:35,1
DA:38,1
DA:45,4
DA:50,4
DA:51,1
DA:54,3
DA:55,1
DA:58,2
DA:59,2
DA:66,2
DA:67,2
DA:68,1
DA:76,2
DA:80,2
DA:81,1
DA:89,2
DA:93,2
DA:94,1
DA:102,3
DA:104,3
DA:105,1
DA:108,2
DA:109,2
DA:116,7
DA:122,7
DA:123,3
DA:126,4
DA:143,3
DA:154,3
DA:155,2
DA:158,1
DA:172,2
DA:187,2
DA:198,1
DA:199,0
DA:200,0
DA:201,0
DA:202,0
DA:204,0
DA:207,0
DA:216,4
LF:49
LH:43
BRDA:15,0,0,1
BRDA:15,0,1,3
BRDA:19,1,0,1
BRDA:19,1,1,2
BRDA:34,2,0,1
BRDA:34,2,1,1
BRDA:50,3,0,1
BRDA:50,3,1,3
BRDA:54,4,0,1
BRDA:54,4,1,2
BRDA:59,5,0,1
BRDA:59,5,1,1
BRDA:67,6,0,1
BRDA:67,6,1,1
BRDA:80,7,0,1
BRDA:80,7,1,1
BRDA:93,8,0,1
BRDA:93,8,1,1
BRDA:104,9,0,1
BRDA:104,9,1,2
BRDA:109,10,0,1
BRDA:109,10,1,1
BRDA:109,11,0,1
BRDA:109,11,1,0
BRDA:122,12,0,3
BRDA:122,12,1,4
BRDA:122,13,0,7
BRDA:122,13,1,5
BRDA:129,14,0,4
BRDA:129,14,1,1
BRDA:130,15,0,4
BRDA:130,15,1,2
BRDA:131,16,0,4
BRDA:131,16,1,2
BRDA:154,17,0,2
BRDA:154,17,1,1
BRDA:154,18,0,3
BRDA:154,18,1,2
BRDA:155,19,0,2
BRDA:155,19,1,1
BRDA:161,20,0,1
BRDA:161,20,1,0
BRDA:162,21,0,1
BRDA:162,21,1,0
BRDA:163,22,0,1
BRDA:163,22,1,0
BRDA:188,23,0,2
BRDA:188,23,1,1
BRDA:189,24,0,2
BRDA:189,24,1,1
BRDA:190,25,0,2
BRDA:190,25,1,1
BRDA:199,26,0,0
BRDA:199,26,1,0
BRDA:201,27,0,0
BRDA:201,27,1,0
BRDA:202,28,0,0
BRDA:202,28,1,0
BRF:58
BRH:48
end_of_record
TN:
SF:src/services/community.ts
FN:67,mapDbToFeedPalette
FN:69,(anonymous_1)
FN:70,(anonymous_2)
FN:102,mapDbToComment
FN:117,mapDbToProfile
FN:132,(anonymous_5)
FN:163,(anonymous_6)
FN:187,(anonymous_7)
FN:188,(anonymous_8)
FN:192,(anonymous_9)
FN:198,(anonymous_10)
FN:203,(anonymous_11)
FN:217,(anonymous_12)
FN:247,(anonymous_13)
FN:265,(anonymous_14)
FN:266,(anonymous_15)
FN:269,(anonymous_16)
FN:278,(anonymous_17)
FN:284,(anonymous_18)
FN:323,(anonymous_19)
FN:325,(anonymous_20)
FN:347,(anonymous_21)
FN:348,(anonymous_22)
FN:352,(anonymous_23)
FN:357,(anonymous_24)
FN:367,(anonymous_25)
FN:386,(anonymous_26)
FN:405,(anonymous_27)
FN:423,(anonymous_28)
FN:452,(anonymous_29)
FN:478,(anonymous_30)
FN:498,(anonymous_31)
FN:514,(anonymous_32)
FN:531,(anonymous_33)
FN:585,(anonymous_34)
FN:608,(anonymous_35)
FN:609,(anonymous_36)
FN:612,(anonymous_37)
FN:620,(anonymous_38)
FN:631,(anonymous_39)
FN:635,(anonymous_40)
FN:641,(anonymous_41)
FN:652,(anonymous_42)
FN:656,(anonymous_43)
FNF:44
FNH:0
FNDA:0,mapDbToFeedPalette
FNDA:0,(anonymous_1)
FNDA:0,(anonymous_2)
FNDA:0,mapDbToComment
FNDA:0,mapDbToProfile
FNDA:0,(anonymous_5)
FNDA:0,(anonymous_6)
FNDA:0,(anonymous_7)
FNDA:0,(anonymous_8)
FNDA:0,(anonymous_9)
FNDA:0,(anonymous_10)
FNDA:0,(anonymous_11)
FNDA:0,(anonymous_12)
FNDA:0,(anonymous_13)
FNDA:0,(anonymous_14)
FNDA:0,(anonymous_15)
FNDA:0,(anonymous_16)
FNDA:0,(anonymous_17)
FNDA:0,(anonymous_18)
FNDA:0,(anonymous_19)
FNDA:0,(anonymous_20)
FNDA:0,(anonymous_21)
FNDA:0,(anonymous_22)
FNDA:0,(anonymous_23)
FNDA:0,(anonymous_24)
FNDA:0,(anonymous_25)
FNDA:0,(anonymous_26)
FNDA:0,(anonymous_27)
FNDA:0,(anonymous_28)
FNDA:0,(anonymous_29)
FNDA:0,(anonymous_30)
FNDA:0,(anonymous_31)
FNDA:0,(anonymous_32)
FNDA:0,(anonymous_33)
FNDA:0,(anonymous_34)
FNDA:0,(anonymous_35)
FNDA:0,(anonymous_36)
FNDA:0,(anonymous_37)
FNDA:0,(anonymous_38)
FNDA:0,(anonymous_39)
FNDA:0,(anonymous_40)
FNDA:0,(anonymous_41)
FNDA:0,(anonymous_42)
FNDA:0,(anonymous_43)
DA:68,0
DA:69,0
DA:70,0
DA:79,0
DA:103,0
DA:118,0
DA:128,0
DA:133,0
DA:135,0
DA:149,0
DA:150,0
DA:154,0
DA:155,0
DA:156,0
DA:158,0
DA:163,0
DA:164,0
DA:165,0
DA:167,0
DA:168,0
DA:170,0
DA:173,0
DA:175,0
DA:177,0
DA:178,0
DA:181,0
DA:182,0
DA:183,0
DA:187,0
DA:188,0
DA:192,0
DA:193,0
DA:198,0
DA:199,0
DA:200,0
DA:203,0
DA:204,0
DA:207,0
DA:218,0
DA:221,0
DA:222,0
DA:223,0
DA:226,0
DA:236,0
DA:238,0
DA:241,0
DA:242,0
DA:247,0
DA:248,0
DA:249,0
DA:252,0
DA:254,0
DA:256,0
DA:259,0
DA:260,0
DA:261,0
DA:265,0
DA:266,0
DA:269,0
DA:270,0
DA:279,0
DA:282,0
DA:283,0
DA:284,0
DA:286,0
DA:289,0
DA:290,0
DA:291,0
DA:294,0
DA:298,0
DA:301,0
DA:303,0
DA:304,0
DA:311,0
DA:312,0
DA:313,0
DA:317,0
DA:318,0
DA:322,0
DA:323,0
DA:325,0
DA:328,0
DA:338,0
DA:341,0
DA:342,0
DA:343,0
DA:347,0
DA:348,0
DA:352,0
DA:353,0
DA:357,0
DA:358,0
DA:359,0
DA:360,0
DA:368,0
DA:369,0
DA:371,0
DA:375,0
DA:376,0
DA:380,0
DA:387,0
DA:388,0
DA:390,0
DA:396,0
DA:399,0
DA:406,0
DA:415,0
DA:417,0
DA:424,0
DA:425,0
DA:427,0
DA:428,0
DA:431,0
DA:444,0
DA:446,0
DA:453,0
DA:454,0
DA:457,0
DA:463,0
DA:464,0
DA:467,0
DA:472,0
DA:479,0
DA:480,0
DA:482,0
DA:483,0
DA:486,0
DA:490,0
DA:491,0
DA:499,0
DA:500,0
DA:502,0
DA:508,0
DA:515,0
DA:516,0
DA:518,0
DA:525,0
DA:532,0
DA:534,0
DA:540,0
DA:543,0
DA:560,0
DA:561,0
DA:562,0
DA:568,0
DA:571,0
DA:586,0
DA:588,0
DA:599,0
DA:602,0
DA:603,0
DA:604,0
DA:608,0
DA:609,0
DA:612,0
DA:613,0
DA:621,0
DA:628,0
DA:630,0
DA:632,0
DA:633,0
DA:635,0
DA:642,0
DA:649,0
DA:651,0
DA:653,0
DA:654,0
DA:656,0
LF:168
LH:0
BRDA:68,0,0,0
BRDA:68,0,1,0
BRDA:76,1,0,0
BRDA:76,1,1,0
BRDA:83,2,0,0
BRDA:83,2,1,0
BRDA:85,3,0,0
BRDA:85,3,1,0
BRDA:86,4,0,0
BRDA:86,4,1,0
BRDA:94,5,0,0
BRDA:94,5,1,0
BRDA:95,6,0,0
BRDA:95,6,1,0
BRDA:111,7,0,0
BRDA:111,7,1,0
BRDA:112,8,0,0
BRDA:112,8,1,0
BRDA:121,9,0,0
BRDA:121,9,1,0
BRDA:122,10,0,0
BRDA:122,10,1,0
BRDA:123,11,0,0
BRDA:123,11,1,0
BRDA:132,12,0,0
BRDA:149,13,0,0
BRDA:149,13,1,0
BRDA:154,14,0,0
BRDA:154,14,1,0
BRDA:156,15,0,0
BRDA:156,15,1,0
BRDA:156,16,0,0
BRDA:156,16,1,0
BRDA:163,17,0,0
BRDA:163,17,1,0
BRDA:164,18,0,0
BRDA:164,18,1,0
BRDA:175,19,0,0
BRDA:175,19,1,0
BRDA:177,20,0,0
BRDA:177,20,1,0
BRDA:178,21,0,0
BRDA:178,21,1,0
BRDA:178,22,0,0
BRDA:178,22,1,0
BRDA:182,23,0,0
BRDA:182,23,1,0
BRDA:182,24,0,0
BRDA:182,24,1,0
BRDA:188,25,0,0
BRDA:188,25,1,0
BRDA:198,26,0,0
BRDA:198,26,1,0
BRDA:199,27,0,0
BRDA:199,27,1,0
BRDA:204,28,0,0
BRDA:204,28,1,0
BRDA:209,29,0,0
BRDA:209,29,1,0
BRDA:217,30,0,0
BRDA:222,31,0,0
BRDA:222,31,1,0
BRDA:236,32,0,0
BRDA:236,32,1,0
BRDA:241,33,0,0
BRDA:241,33,1,0
BRDA:247,34,0,0
BRDA:247,34,1,0
BRDA:248,35,0,0
BRDA:248,35,1,0
BRDA:256,36,0,0
BRDA:256,36,1,0
BRDA:260,37,0,0
BRDA:260,37,1,0
BRDA:260,38,0,0
BRDA:260,38,1,0
BRDA:260,38,2,0
BRDA:266,39,0,0
BRDA:266,39,1,0
BRDA:269,40,0,0
BRDA:269,40,1,0
BRDA:278,41,0,0
BRDA:283,42,0,0
BRDA:283,42,1,0
BRDA:298,43,0,0
BRDA:298,43,1,0
BRDA:303,44,0,0
BRDA:303,44,1,0
BRDA:311,45,0,0
BRDA:311,45,1,0
BRDA:312,46,0,0
BRDA:312,46,1,0
BRDA:317,47,0,0
BRDA:317,47,1,0
BRDA:338,48,0,0
BRDA:338,48,1,0
BRDA:342,49,0,0
BRDA:342,49,1,0
BRDA:342,50,0,0
BRDA:342,50,1,0
BRDA:342,50,2,0
BRDA:348,51,0,0
BRDA:348,51,1,0
BRDA:352,52,0,0
BRDA:352,52,1,0
BRDA:358,53,0,0
BRDA:358,53,1,0
BRDA:359,54,0,0
BRDA:359,54,1,0
BRDA:369,55,0,0
BRDA:369,55,1,0
BRDA:375,56,0,0
BRDA:375,56,1,0
BRDA:375,57,0,0
BRDA:375,57,1,0
BRDA:388,58,0,0
BRDA:388,58,1,0
BRDA:396,59,0,0
BRDA:396,59,1,0
BRDA:415,60,0,0
BRDA:415,60,1,0
BRDA:417,61,0,0
BRDA:417,61,1,0
BRDA:425,62,0,0
BRDA:425,62,1,0
BRDA:427,63,0,0
BRDA:427,63,1,0
BRDA:427,64,0,0
BRDA:427,64,1,0
BRDA:444,65,0,0
BRDA:444,65,1,0
BRDA:454,66,0,0
BRDA:454,66,1,0
BRDA:463,67,0,0
BRDA:463,67,1,0
BRDA:463,68,0,0
BRDA:463,68,1,0
BRDA:472,69,0,0
BRDA:472,69,1,0
BRDA:480,70,0,0
BRDA:480,70,1,0
BRDA:482,71,0,0
BRDA:482,71,1,0
BRDA:490,72,0,0
BRDA:490,72,1,0
BRDA:490,73,0,0
BRDA:490,73,1,0
BRDA:500,74,0,0
BRDA:500,74,1,0
BRDA:508,75,0,0
BRDA:508,75,1,0
BRDA:516,76,0,0
BRDA:516,76,1,0
BRDA:540,77,0,0
BRDA:540,77,1,0
BRDA:561,78,0,0
BRDA:561,78,1,0
BRDA:561,79,0,0
BRDA:561,79,1,0
BRDA:574,80,0,0
BRDA:574,80,1,0
BRDA:575,81,0,0
BRDA:575,81,1,0
BRDA:576,82,0,0
BRDA:576,82,1,0
BRDA:599,83,0,0
BRDA:599,83,1,0
BRDA:603,84,0,0
BRDA:603,84,1,0
BRDA:603,85,0,0
BRDA:603,85,1,0
BRDA:603,85,2,0
BRDA:609,86,0,0
BRDA:609,86,1,0
BRDA:612,87,0,0
BRDA:612,87,1,0
BRDA:628,88,0,0
BRDA:628,88,1,0
BRDA:630,89,0,0
BRDA:630,89,1,0
BRDA:632,90,0,0
BRDA:632,90,1,0
BRDA:633,91,0,0
BRDA:633,91,1,0
BRDA:649,92,0,0
BRDA:649,92,1,0
BRDA:651,93,0,0
BRDA:651,93,1,0
BRDA:653,94,0,0
BRDA:653,94,1,0
BRDA:654,95,0,0
BRDA:654,95,1,0
BRF:192
BRH:0
end_of_record
TN:
SF:src/services/exportService.ts
FN:27,generateHexList
FN:28,(anonymous_1)
FN:34,generateRgbList
FN:36,(anonymous_3)
FN:43,generateHslList
FN:45,(anonymous_5)
FN:52,generateCssVariables
FN:57,(anonymous_7)
FN:65,generateScssVariables
FN:70,(anonymous_9)
FN:77,generateTailwindConfig
FN:83,(anonymous_11)
FN:103,generateJsonExport
FN:109,(anonymous_13)
FN:125,generateSwiftCode
FN:131,(anonymous_15)
FN:151,generateAndroidXml
FN:156,(anonymous_17)
FN:173,generateAseData
FN:180,(anonymous_19)
FN:184,(anonymous_20)
FN:188,(anonymous_21)
FN:307,generateSvgPalette
FN:341,(anonymous_23)
FN:366,escapeXml
FN:382,copyToClipboard
FN:397,saveFile
FN:432,saveToMediaLibrary
FN:458,shareContent
FN:503,exportAsText
FN:548,exportAsSvg
FN:570,exportAsAse
FN:589,exportAsJsonFile
FNF:33
FNH:0
FNDA:0,generateHexList
FNDA:0,(anonymous_1)
FNDA:0,generateRgbList
FNDA:0,(anonymous_3)
FNDA:0,generateHslList
FNDA:0,(anonymous_5)
FNDA:0,generateCssVariables
FNDA:0,(anonymous_7)
FNDA:0,generateScssVariables
FNDA:0,(anonymous_9)
FNDA:0,generateTailwindConfig
FNDA:0,(anonymous_11)
FNDA:0,generateJsonExport
FNDA:0,(anonymous_13)
FNDA:0,generateSwiftCode
FNDA:0,(anonymous_15)
FNDA:0,generateAndroidXml
FNDA:0,(anonymous_17)
FNDA:0,generateAseData
FNDA:0,(anonymous_19)
FNDA:0,(anonymous_20)
FNDA:0,(anonymous_21)
FNDA:0,generateSvgPalette
FNDA:0,(anonymous_23)
FNDA:0,escapeXml
FNDA:0,copyToClipboard
FNDA:0,saveFile
FNDA:0,saveToMediaLibrary
FNDA:0,shareContent
FNDA:0,exportAsText
FNDA:0,exportAsSvg
FNDA:0,exportAsAse
FNDA:0,exportAsJsonFile
DA:28,0
DA:35,0
DA:36,0
DA:44,0
DA:45,0
DA:56,0
DA:57,0
DA:59,0
DA:69,0
DA:70,0
DA:81,0
DA:82,0
DA:83,0
DA:86,0
DA:107,0
DA:109,0
DA:119,0
DA:129,0
DA:130,0
DA:132,0
DA:133,0
DA:134,0
DA:135,0
DA:139,0
DA:155,0
DA:156,0
DA:159,0
DA:177,0
DA:180,0
DA:181,0
DA:184,0
DA:185,0
DA:188,0
DA:189,0
DA:198,0
DA:199,0
DA:200,0
DA:202,0
DA:203,0
DA:204,0
DA:207,0
DA:209,0
DA:210,0
DA:211,0
DA:215,0
DA:216,0
DA:217,0
DA:218,0
DA:221,0
DA:222,0
DA:223,0
DA:224,0
DA:227,0
DA:228,0
DA:231,0
DA:232,0
DA:234,0
DA:235,0
DA:236,0
DA:238,0
DA:239,0
DA:242,0
DA:243,0
DA:244,0
DA:246,0
DA:247,0
DA:250,0
DA:251,0
DA:252,0
DA:254,0
DA:255,0
DA:257,0
DA:258,0
DA:259,0
DA:261,0
DA:262,0
DA:265,0
DA:266,0
DA:267,0
DA:269,0
DA:270,0
DA:273,0
DA:274,0
DA:275,0
DA:276,0
DA:279,0
DA:280,0
DA:281,0
DA:282,0
DA:283,0
DA:284,0
DA:287,0
DA:288,0
DA:292,0
DA:293,0
DA:294,0
DA:295,0
DA:297,0
DA:323,0
DA:325,0
DA:326,0
DA:327,0
DA:328,0
DA:330,0
DA:333,0
DA:336,0
DA:337,0
DA:341,0
DA:342,0
DA:343,0
DA:346,0
DA:349,0
DA:350,0
DA:352,0
DA:353,0
DA:356,0
DA:357,0
DA:358,0
DA:362,0
DA:363,0
DA:367,0
DA:383,0
DA:384,0
DA:385,0
DA:387,0
DA:402,0
DA:403,0
DA:405,0
DA:406,0
DA:409,0
DA:410,0
DA:411,0
DA:412,0
DA:414,0
DA:415,0
DA:420,0
DA:422,0
DA:435,0
DA:436,0
DA:437,0
DA:438,0
DA:441,0
DA:442,0
DA:448,0
DA:463,0
DA:464,0
DA:465,0
DA:468,0
DA:469,0
DA:475,0
DA:478,0
DA:510,0
DA:512,0
DA:513,0
DA:515,0
DA:516,0
DA:518,0
DA:519,0
DA:521,0
DA:522,0
DA:524,0
DA:525,0
DA:527,0
DA:528,0
DA:530,0
DA:531,0
DA:533,0
DA:534,0
DA:536,0
DA:537,0
DA:539,0
DA:542,0
DA:557,0
DA:563,0
DA:564,0
DA:574,0
DA:575,0
DA:577,0
DA:578,0
DA:580,0
DA:593,0
DA:594,0
DA:596,0
DA:597,0
DA:599,0
DA:609,0
LF:186
LH:0
BRDA:54,0,0,0
BRDA:67,1,0,0
BRDA:81,2,0,0
BRDA:81,2,1,0
BRDA:108,3,0,0
BRDA:108,3,1,0
BRDA:114,4,0,0
BRDA:114,4,1,0
BRDA:114,4,2,0
BRDA:129,5,0,0
BRDA:129,5,1,0
BRDA:153,6,0,0
BRDA:177,7,0,0
BRDA:177,7,1,0
BRDA:203,8,0,0
BRDA:203,8,1,0
BRDA:203,8,2,0
BRDA:251,9,0,0
BRDA:251,9,1,0
BRDA:251,9,2,0
BRDA:309,10,0,0
BRDA:318,11,0,0
BRDA:319,12,0,0
BRDA:320,13,0,0
BRDA:321,14,0,0
BRDA:327,15,0,0
BRDA:327,15,1,0
BRDA:336,16,0,0
BRDA:336,16,1,0
BRDA:349,17,0,0
BRDA:349,17,1,0
BRDA:352,18,0,0
BRDA:352,18,1,0
BRDA:356,19,0,0
BRDA:356,19,1,0
BRDA:356,20,0,0
BRDA:356,20,1,0
BRDA:356,20,2,0
BRDA:357,21,0,0
BRDA:357,21,1,0
BRDA:389,22,0,0
BRDA:389,22,1,0
BRDA:405,23,0,0
BRDA:405,23,1,0
BRDA:424,24,0,0
BRDA:424,24,1,0
BRDA:437,25,0,0
BRDA:437,25,1,0
BRDA:450,26,0,0
BRDA:450,26,1,0
BRDA:464,27,0,0
BRDA:464,27,1,0
BRDA:468,28,0,0
BRDA:468,28,1,0
BRDA:471,29,0,0
BRDA:471,29,1,0
BRDA:480,30,0,0
BRDA:480,30,1,0
BRDA:510,31,0,0
BRDA:510,31,1,0
BRDA:510,31,2,0
BRDA:510,31,3,0
BRDA:510,31,4,0
BRDA:510,31,5,0
BRDA:510,31,6,0
BRDA:510,31,7,0
BRDA:510,31,8,0
BRDA:510,31,9,0
BRDA:550,32,0,0
BRDA:559,33,0,0
BRDA:559,33,1,0
BRDA:563,34,0,0
BRDA:563,34,1,0
BRDA:575,35,0,0
BRDA:575,35,1,0
BRDA:578,36,0,0
BRDA:578,36,1,0
BRDA:594,37,0,0
BRDA:594,37,1,0
BRDA:597,38,0,0
BRDA:597,38,1,0
BRF:81
BRH:0
end_of_record
TN:
SF:src/services/index.ts
FNF:0
FNH:0
LF:0
LH:0
BRF:0
BRH:0
end_of_record
TN:
SF:src/services/palettes.ts
FN:46,mapDbPaletteToPalette
FN:48,(anonymous_1)
FN:49,(anonymous_2)
FN:58,(anonymous_3)
FN:85,(anonymous_4)
FN:108,(anonymous_5)
FN:133,(anonymous_6)
FN:153,(anonymous_7)
FN:186,(anonymous_8)
FN:222,(anonymous_9)
FN:252,(anonymous_10)
FN:278,(anonymous_11)
FN:294,(anonymous_12)
FN:308,(anonymous_13)
FN:325,(anonymous_14)
FN:334,(anonymous_15)
FNF:16
FNH:0
FNDA:0,mapDbPaletteToPalette
FNDA:0,(anonymous_1)
FNDA:0,(anonymous_2)
FNDA:0,(anonymous_3)
FNDA:0,(anonymous_4)
FNDA:0,(anonymous_5)
FNDA:0,(anonymous_6)
FNDA:0,(anonymous_7)
FNDA:0,(anonymous_8)
FNDA:0,(anonymous_9)
FNDA:0,(anonymous_10)
FNDA:0,(anonymous_11)
FNDA:0,(anonymous_12)
FNDA:0,(anonymous_13)
FNDA:0,(anonymous_14)
FNDA:0,(anonymous_15)
DA:47,0
DA:48,0
DA:49,0
DA:58,0
DA:65,0
DA:81,0
DA:86,0
DA:87,0
DA:89,0
DA:101,0
DA:102,0
DA:109,0
DA:122,0
DA:123,0
DA:124,0
DA:127,0
DA:134,0
DA:135,0
DA:138,0
DA:150,0
DA:153,0
DA:166,0
DA:170,0
DA:173,0
DA:174,0
DA:178,0
DA:179,0
DA:180,0
DA:187,0
DA:188,0
DA:191,0
DA:197,0
DA:198,0
DA:202,0
DA:203,0
DA:204,0
DA:205,0
DA:207,0
DA:208,0
DA:213,0
DA:217,0
DA:219,0
DA:222,0
DA:235,0
DA:236,0
DA:240,0
DA:241,0
DA:244,0
DA:245,0
DA:246,0
DA:253,0
DA:254,0
DA:257,0
DA:263,0
DA:264,0
DA:267,0
DA:272,0
DA:279,0
DA:280,0
DA:282,0
DA:286,0
DA:287,0
DA:295,0
DA:296,0
DA:298,0
DA:309,0
DA:310,0
DA:312,0
DA:319,0
DA:326,0
DA:332,0
DA:334,0
LF:72
LH:0
BRDA:47,0,0,0
BRDA:47,0,1,0
BRDA:55,1,0,0
BRDA:55,1,1,0
BRDA:69,2,0,0
BRDA:69,2,1,0
BRDA:72,3,0,0
BRDA:72,3,1,0
BRDA:73,4,0,0
BRDA:73,4,1,0
BRDA:87,5,0,0
BRDA:87,5,1,0
BRDA:101,6,0,0
BRDA:101,6,1,0
BRDA:102,7,0,0
BRDA:102,7,1,0
BRDA:122,8,0,0
BRDA:122,8,1,0
BRDA:123,9,0,0
BRDA:123,9,1,0
BRDA:135,10,0,0
BRDA:135,10,1,0
BRDA:143,11,0,0
BRDA:143,11,1,0
BRDA:144,12,0,0
BRDA:144,12,1,0
BRDA:145,13,0,0
BRDA:145,13,1,0
BRDA:150,14,0,0
BRDA:150,14,1,0
BRDA:162,15,0,0
BRDA:162,15,1,0
BRDA:163,16,0,0
BRDA:163,16,1,0
BRDA:170,17,0,0
BRDA:170,17,1,0
BRDA:173,18,0,0
BRDA:173,18,1,0
BRDA:173,19,0,0
BRDA:173,19,1,0
BRDA:179,20,0,0
BRDA:179,20,1,0
BRDA:188,21,0,0
BRDA:188,21,1,0
BRDA:197,22,0,0
BRDA:197,22,1,0
BRDA:197,23,0,0
BRDA:197,23,1,0
BRDA:203,24,0,0
BRDA:203,24,1,0
BRDA:204,25,0,0
BRDA:204,25,1,0
BRDA:205,26,0,0
BRDA:205,26,1,0
BRDA:207,27,0,0
BRDA:207,27,1,0
BRDA:213,28,0,0
BRDA:213,28,1,0
BRDA:217,29,0,0
BRDA:217,29,1,0
BRDA:231,30,0,0
BRDA:231,30,1,0
BRDA:232,31,0,0
BRDA:232,31,1,0
BRDA:236,32,0,0
BRDA:236,32,1,0
BRDA:240,33,0,0
BRDA:240,33,1,0
BRDA:245,34,0,0
BRDA:245,34,1,0
BRDA:254,35,0,0
BRDA:254,35,1,0
BRDA:263,36,0,0
BRDA:263,36,1,0
BRDA:263,37,0,0
BRDA:263,37,1,0
BRDA:272,38,0,0
BRDA:272,38,1,0
BRDA:280,39,0,0
BRDA:280,39,1,0
BRDA:286,40,0,0
BRDA:286,40,1,0
BRDA:286,41,0,0
BRDA:286,41,1,0
BRDA:296,42,0,0
BRDA:296,42,1,0
BRDA:310,43,0,0
BRDA:310,43,1,0
BRDA:332,44,0,0
BRDA:332,44,1,0
BRDA:334,45,0,0
BRDA:334,45,1,0
BRF:92
BRH:0
end_of_record
TN:
SF:src/services/suggestions.ts
FN:70,getHarmonySuggestions
FN:133,(anonymous_1)
FN:147,(anonymous_2)
FN:160,getPaletteCompletionSuggestions
FN:169,(anonymous_4)
FN:170,(anonymous_5)
FN:171,(anonymous_6)
FN:173,(anonymous_7)
FN:174,(anonymous_8)
FN:224,(anonymous_9)
FN:235,(anonymous_10)
FN:259,(anonymous_11)
FN:285,getGradientSuggestions
FN:291,(anonymous_13)
FN:299,(anonymous_14)
FN:307,(anonymous_15)
FN:343,(anonymous_16)
FN:352,(anonymous_17)
FN:362,generateSmoothGradient
FN:395,findSimilarPalettes
FN:420,(anonymous_20)
FN:421,(anonymous_21)
FN:438,(anonymous_22)
FN:464,(anonymous_23)
FN:471,calculatePaletteSimilarity
FNF:25
FNH:0
FNDA:0,getHarmonySuggestions
FNDA:0,(anonymous_1)
FNDA:0,(anonymous_2)
FNDA:0,getPaletteCompletionSuggestions
FNDA:0,(anonymous_4)
FNDA:0,(anonymous_5)
FNDA:0,(anonymous_6)
FNDA:0,(anonymous_7)
FNDA:0,(anonymous_8)
FNDA:0,(anonymous_9)
FNDA:0,(anonymous_10)
FNDA:0,(anonymous_11)
FNDA:0,getGradientSuggestions
FNDA:0,(anonymous_13)
FNDA:0,(anonymous_14)
FNDA:0,(anonymous_15)
FNDA:0,(anonymous_16)
FNDA:0,(anonymous_17)
FNDA:0,generateSmoothGradient
FNDA:0,findSimilarPalettes
FNDA:0,(anonymous_20)
FNDA:0,(anonymous_21)
FNDA:0,(anonymous_22)
FNDA:0,(anonymous_23)
FNDA:0,calculatePaletteSimilarity
DA:71,0
DA:72,0
DA:75,0
DA:76,0
DA:84,0
DA:85,0
DA:97,0
DA:98,0
DA:110,0
DA:111,0
DA:123,0
DA:129,0
DA:133,0
DA:137,0
DA:143,0
DA:147,0
DA:150,0
DA:164,0
DA:166,0
DA:169,0
DA:170,0
DA:171,0
DA:173,0
DA:174,0
DA:175,0
DA:176,0
DA:179,0
DA:181,0
DA:182,0
DA:183,0
DA:191,0
DA:192,0
DA:193,0
DA:202,0
DA:203,0
DA:204,0
DA:212,0
DA:213,0
DA:214,0
DA:224,0
DA:225,0
DA:227,0
DA:228,0
DA:229,0
DA:230,0
DA:231,0
DA:235,0
DA:237,0
DA:238,0
DA:240,0
DA:241,0
DA:247,0
DA:257,0
DA:258,0
DA:259,0
DA:262,0
DA:263,0
DA:275,0
DA:286,0
DA:288,0
DA:291,0
DA:296,0
DA:299,0
DA:303,0
DA:304,0
DA:307,0
DA:311,0
DA:313,0
DA:314,0
DA:316,0
DA:317,0
DA:318,0
DA:319,0
DA:320,0
DA:321,0
DA:326,0
DA:331,0
DA:339,0
DA:340,0
DA:343,0
DA:348,0
DA:349,0
DA:352,0
DA:356,0
DA:367,0
DA:369,0
DA:370,0
DA:371,0
DA:372,0
DA:373,0
DA:375,0
DA:376,0
DA:377,0
DA:379,0
DA:385,0
DA:399,0
DA:402,0
DA:412,0
DA:413,0
DA:416,0
DA:418,0
DA:419,0
DA:420,0
DA:421,0
DA:427,0
DA:429,0
DA:431,0
DA:433,0
DA:438,0
DA:459,0
DA:464,0
DA:465,0
DA:472,0
DA:475,0
DA:477,0
DA:478,0
DA:479,0
DA:480,0
DA:483,0
DA:484,0
DA:486,0
DA:490,0
DA:497,0
LF:123
LH:0
BRDA:162,0,0,0
BRDA:164,1,0,0
BRDA:164,1,1,0
BRDA:181,2,0,0
BRDA:181,2,1,0
BRDA:191,3,0,0
BRDA:191,3,1,0
BRDA:202,4,0,0
BRDA:202,4,1,0
BRDA:212,5,0,0
BRDA:212,5,1,0
BRDA:230,6,0,0
BRDA:230,6,1,0
BRDA:238,7,0,0
BRDA:238,7,1,0
BRDA:259,8,0,0
BRDA:259,8,1,0
BRDA:262,9,0,0
BRDA:262,9,1,0
BRDA:286,10,0,0
BRDA:286,10,1,0
BRDA:311,11,0,0
BRDA:311,11,1,0
BRDA:319,12,0,0
BRDA:319,12,1,0
BRDA:339,13,0,0
BRDA:339,13,1,0
BRDA:348,14,0,0
BRDA:348,14,1,0
BRDA:397,15,0,0
BRDA:412,16,0,0
BRDA:412,16,1,0
BRDA:413,17,0,0
BRDA:413,17,1,0
BRDA:413,18,0,0
BRDA:413,18,1,0
BRDA:419,19,0,0
BRDA:419,19,1,0
BRDA:427,20,0,0
BRDA:427,20,1,0
BRDA:431,21,0,0
BRDA:431,21,1,0
BRDA:437,22,0,0
BRDA:437,22,1,0
BRDA:439,23,0,0
BRDA:439,23,1,0
BRDA:443,24,0,0
BRDA:443,24,1,0
BRDA:444,25,0,0
BRDA:444,25,1,0
BRDA:452,26,0,0
BRDA:452,26,1,0
BRDA:453,27,0,0
BRDA:453,27,1,0
BRDA:472,28,0,0
BRDA:472,28,1,0
BRDA:472,29,0,0
BRDA:472,29,1,0
BRF:58
BRH:0
end_of_record
TN:
SF:src/services/supabase.ts
FN:11,(anonymous_0)
FN:22,(anonymous_1)
FN:33,(anonymous_2)
FNF:3
FNH:0
FNDA:0,(anonymous_0)
FNDA:0,(anonymous_1)
FNDA:0,(anonymous_2)
DA:6,0
DA:7,0
DA:10,0
DA:12,0
DA:13,0
DA:14,0
DA:16,0
DA:18,0
DA:19,0
DA:23,0
DA:24,0
DA:25,0
DA:26,0
DA:28,0
DA:30,0
DA:34,0
DA:35,0
DA:36,0
DA:37,0
DA:39,0
DA:41,0
DA:47,0
LF:22
LH:0
BRDA:6,0,0,0
BRDA:6,0,1,0
BRDA:7,1,0,0
BRDA:7,1,1,0
BRDA:13,2,0,0
BRDA:13,2,1,0
BRDA:24,3,0,0
BRDA:24,3,1,0
BRDA:35,4,0,0
BRDA:35,4,1,0
BRF:10
BRH:0
end_of_record
TN:
SF:src/services/tags.ts
FN:43,mapDbToTag
FN:52,mapDbToFeedPalette
FN:54,(anonymous_2)
FN:55,(anonymous_3)
FN:91,(anonymous_4)
FN:111,(anonymous_5)
FN:125,(anonymous_6)
FN:140,(anonymous_7)
FN:153,(anonymous_8)
FN:170,(anonymous_9)
FN:198,(anonymous_10)
FN:201,(anonymous_11)
FN:216,(anonymous_12)
FN:228,(anonymous_13)
FN:236,(anonymous_14)
FN:245,(anonymous_15)
FN:249,(anonymous_16)
FN:255,(anonymous_17)
FN:279,(anonymous_18)
FN:315,(anonymous_19)
FN:316,(anonymous_20)
FN:319,(anonymous_21)
FNF:22
FNH:0
FNDA:0,mapDbToTag
FNDA:0,mapDbToFeedPalette
FNDA:0,(anonymous_2)
FNDA:0,(anonymous_3)
FNDA:0,(anonymous_4)
FNDA:0,(anonymous_5)
FNDA:0,(anonymous_6)
FNDA:0,(anonymous_7)
FNDA:0,(anonymous_8)
FNDA:0,(anonymous_9)
FNDA:0,(anonymous_10)
FNDA:0,(anonymous_11)
FNDA:0,(anonymous_12)
FNDA:0,(anonymous_13)
FNDA:0,(anonymous_14)
FNDA:0,(anonymous_15)
FNDA:0,(anonymous_16)
FNDA:0,(anonymous_17)
FNDA:0,(anonymous_18)
FNDA:0,(anonymous_19)
FNDA:0,(anonymous_20)
FNDA:0,(anonymous_21)
DA:44,0
DA:53,0
DA:54,0
DA:55,0
DA:64,0
DA:87,0
DA:92,0
DA:98,0
DA:99,0
DA:102,0
DA:103,0
DA:105,0
DA:112,0
DA:118,0
DA:119,0
DA:126,0
DA:131,0
DA:133,0
DA:140,0
DA:141,0
DA:142,0
DA:143,0
DA:147,0
DA:154,0
DA:156,0
DA:163,0
DA:164,0
DA:171,0
DA:174,0
DA:180,0
DA:181,0
DA:185,0
DA:191,0
DA:192,0
DA:199,0
DA:201,0
DA:206,0
DA:208,0
DA:209,0
DA:217,0
DA:222,0
DA:229,0
DA:230,0
DA:237,0
DA:242,0
DA:244,0
DA:246,0
DA:247,0
DA:249,0
DA:260,0
DA:263,0
DA:269,0
DA:270,0
DA:274,0
DA:279,0
DA:281,0
DA:282,0
DA:286,0
DA:298,0
DA:299,0
DA:302,0
DA:303,0
DA:305,0
DA:306,0
DA:309,0
DA:310,0
DA:311,0
DA:315,0
DA:316,0
DA:319,0
DA:320,0
DA:323,0
LF:72
LH:0
BRDA:53,0,0,0
BRDA:53,0,1,0
BRDA:61,1,0,0
BRDA:61,1,1,0
BRDA:68,2,0,0
BRDA:68,2,1,0
BRDA:70,3,0,0
BRDA:70,3,1,0
BRDA:71,4,0,0
BRDA:71,4,1,0
BRDA:79,5,0,0
BRDA:79,5,1,0
BRDA:80,6,0,0
BRDA:80,6,1,0
BRDA:91,7,0,0
BRDA:98,8,0,0
BRDA:98,8,1,0
BRDA:103,9,0,0
BRDA:103,9,1,0
BRDA:105,10,0,0
BRDA:105,10,1,0
BRDA:111,11,0,0
BRDA:118,12,0,0
BRDA:118,12,1,0
BRDA:119,13,0,0
BRDA:119,13,1,0
BRDA:131,14,0,0
BRDA:131,14,1,0
BRDA:140,15,0,0
BRDA:140,15,1,0
BRDA:142,16,0,0
BRDA:142,16,1,0
BRDA:142,17,0,0
BRDA:142,17,1,0
BRDA:153,18,0,0
BRDA:154,19,0,0
BRDA:154,19,1,0
BRDA:163,20,0,0
BRDA:163,20,1,0
BRDA:164,21,0,0
BRDA:164,21,1,0
BRDA:180,22,0,0
BRDA:180,22,1,0
BRDA:187,23,0,0
BRDA:187,23,1,0
BRDA:191,24,0,0
BRDA:191,24,1,0
BRDA:199,25,0,0
BRDA:199,25,1,0
BRDA:208,26,0,0
BRDA:208,26,1,0
BRDA:208,27,0,0
BRDA:208,27,1,0
BRDA:222,28,0,0
BRDA:222,28,1,0
BRDA:242,29,0,0
BRDA:242,29,1,0
BRDA:244,30,0,0
BRDA:244,30,1,0
BRDA:246,31,0,0
BRDA:246,31,1,0
BRDA:247,32,0,0
BRDA:247,32,1,0
BRDA:258,33,0,0
BRDA:269,34,0,0
BRDA:269,34,1,0
BRDA:279,35,0,0
BRDA:279,35,1,0
BRDA:281,36,0,0
BRDA:281,36,1,0
BRDA:298,37,0,0
BRDA:298,37,1,0
BRDA:303,38,0,0
BRDA:303,38,1,0
BRDA:305,39,0,0
BRDA:305,39,1,0
BRDA:306,40,0,0
BRDA:306,40,1,0
BRDA:306,41,0,0
BRDA:306,41,1,0
BRDA:310,42,0,0
BRDA:310,42,1,0
BRDA:310,43,0,0
BRDA:310,43,1,0
BRDA:316,44,0,0
BRDA:316,44,1,0
BRDA:325,45,0,0
BRDA:325,45,1,0
BRF:88
BRH:0
end_of_record
TN:
SF:src/services/trends.ts
FN:78,(anonymous_0)
FN:92,(anonymous_1)
FN:111,(anonymous_2)
FN:180,(anonymous_3)
FN:183,(anonymous_4)
FN:193,(anonymous_5)
FN:209,(anonymous_6)
FN:210,(anonymous_7)
FN:218,(anonymous_8)
FN:266,(anonymous_9)
FN:271,(anonymous_10)
FN:272,(anonymous_11)
FN:273,(anonymous_12)
FN:277,(anonymous_13)
FN:283,(anonymous_14)
FN:293,(anonymous_15)
FN:296,(anonymous_16)
FN:306,(anonymous_17)
FN:323,getCurrentSeason
FN:331,groupSimilarColors
FN:338,(anonymous_20)
FNF:21
FNH:0
FNDA:0,(anonymous_0)
FNDA:0,(anonymous_1)
FNDA:0,(anonymous_2)
FNDA:0,(anonymous_3)
FNDA:0,(anonymous_4)
FNDA:0,(anonymous_5)
FNDA:0,(anonymous_6)
FNDA:0,(anonymous_7)
FNDA:0,(anonymous_8)
FNDA:0,(anonymous_9)
FNDA:0,(anonymous_10)
FNDA:0,(anonymous_11)
FNDA:0,(anonymous_12)
FNDA:0,(anonymous_13)
FNDA:0,(anonymous_14)
FNDA:0,(anonymous_15)
FNDA:0,(anonymous_16)
FNDA:0,(anonymous_17)
FNDA:0,getCurrentSeason
FNDA:0,groupSimilarColors
FNDA:0,(anonymous_20)
DA:74,0
DA:83,0
DA:91,0
DA:92,0
DA:105,0
DA:115,0
DA:122,0
DA:123,0
DA:124,0
DA:127,0
DA:148,0
DA:151,0
DA:156,0
DA:157,0
DA:158,0
DA:160,0
DA:161,0
DA:163,0
DA:176,0
DA:179,0
DA:180,0
DA:183,0
DA:197,0
DA:204,0
DA:205,0
DA:206,0
DA:209,0
DA:210,0
DA:219,0
DA:224,0
DA:228,0
DA:230,0
DA:231,0
DA:232,0
DA:234,0
DA:235,0
DA:236,0
DA:237,0
DA:238,0
DA:240,0
DA:241,0
DA:242,0
DA:244,0
DA:245,0
DA:246,0
DA:247,0
DA:248,0
DA:251,0
DA:253,0
DA:267,0
DA:268,0
DA:271,0
DA:272,0
DA:273,0
DA:276,0
DA:277,0
DA:278,0
DA:279,0
DA:282,0
DA:283,0
DA:284,0
DA:285,0
DA:289,0
DA:293,0
DA:296,0
DA:307,0
DA:312,0
DA:324,0
DA:325,0
DA:326,0
DA:327,0
DA:328,0
DA:334,0
DA:336,0
DA:338,0
DA:339,0
DA:342,0
DA:344,0
DA:347,0
DA:351,0
LF:80
LH:0
BRDA:79,0,0,0
BRDA:80,1,0,0
BRDA:91,2,0,0
BRDA:91,2,1,0
BRDA:91,3,0,0
BRDA:91,3,1,0
BRDA:91,3,2,0
BRDA:97,4,0,0
BRDA:97,4,1,0
BRDA:122,5,0,0
BRDA:122,5,1,0
BRDA:148,6,0,0
BRDA:148,6,1,0
BRDA:156,7,0,0
BRDA:156,7,1,0
BRDA:160,8,0,0
BRDA:160,8,1,0
BRDA:168,9,0,0
BRDA:168,9,1,0
BRDA:194,10,0,0
BRDA:195,11,0,0
BRDA:204,12,0,0
BRDA:204,12,1,0
BRDA:209,13,0,0
BRDA:209,13,1,0
BRDA:218,14,0,0
BRDA:228,15,0,0
BRDA:228,15,1,0
BRDA:228,15,2,0
BRDA:228,15,3,0
BRDA:284,16,0,0
BRDA:284,16,1,0
BRDA:292,17,0,0
BRDA:292,17,1,0
BRDA:295,18,0,0
BRDA:295,18,1,0
BRDA:313,19,0,0
BRDA:313,19,1,0
BRDA:314,20,0,0
BRDA:314,20,1,0
BRDA:325,21,0,0
BRDA:325,21,1,0
BRDA:325,22,0,0
BRDA:325,22,1,0
BRDA:326,23,0,0
BRDA:326,23,1,0
BRDA:326,24,0,0
BRDA:326,24,1,0
BRDA:327,25,0,0
BRDA:327,25,1,0
BRDA:327,26,0,0
BRDA:327,26,1,0
BRDA:342,27,0,0
BRDA:342,27,1,0
BRF:54
BRH:0
end_of_record
TN:
SF:src/store/authStore.ts
FN:21,(anonymous_0)
FN:27,(anonymous_1)
FN:46,(anonymous_2)
FN:66,(anonymous_3)
FN:80,(anonymous_4)
FN:94,(anonymous_5)
FN:107,(anonymous_6)
FN:132,(anonymous_7)
FNF:8
FNH:8
FNDA:1,(anonymous_0)
FNDA:4,(anonymous_1)
FNDA:4,(anonymous_2)
FNDA:3,(anonymous_3)
FNDA:2,(anonymous_4)
FNDA:2,(anonymous_5)
FNDA:4,(anonymous_6)
FNDA:1,(anonymous_7)
DA:21,1
DA:28,4
DA:29,4
DA:30,4
DA:32,3
DA:33,1
DA:34,1
DA:37,3
DA:39,1
DA:40,1
DA:42,4
DA:47,4
DA:48,4
DA:49,4
DA:51,3
DA:52,3
DA:53,3
DA:56,3
DA:58,1
DA:59,1
DA:60,1
DA:62,4
DA:67,3
DA:68,3
DA:69,3
DA:70,1
DA:72,2
DA:73,2
DA:74,2
DA:76,3
DA:81,2
DA:82,2
DA:83,2
DA:84,1
DA:86,1
DA:87,1
DA:88,1
DA:90,2
DA:95,2
DA:96,2
DA:97,2
DA:99,1
DA:100,1
DA:101,1
DA:103,2
DA:108,4
DA:109,4
DA:111,3
DA:112,3
DA:113,3
DA:115,2
DA:116,1
DA:124,1
DA:125,1
DA:126,1
DA:128,3
DA:132,1
LF:57
LH:57
BRDA:32,0,0,1
BRDA:32,0,1,2
BRDA:51,1,0,3
BRDA:51,1,1,0
BRDA:58,2,0,1
BRDA:58,2,1,0
BRDA:72,3,0,1
BRDA:72,3,1,1
BRDA:86,4,0,1
BRDA:86,4,1,0
BRDA:99,5,0,1
BRDA:99,5,1,0
BRDA:109,6,0,1
BRDA:109,6,1,3
BRDA:115,7,0,1
BRDA:115,7,1,1
BRDA:124,8,0,1
BRDA:124,8,1,0
BRF:18
BRH:13
end_of_record
TN:
SF:src/store/communityStore.ts
FN:59,(anonymous_0)
FN:80,(anonymous_1)
FN:85,(anonymous_2)
FN:106,(anonymous_3)
FN:127,(anonymous_4)
FN:133,(anonymous_5)
FN:135,(anonymous_6)
FN:147,(anonymous_7)
FN:150,(anonymous_8)
FN:153,(anonymous_9)
FN:154,(anonymous_10)
FN:157,(anonymous_11)
FN:160,(anonymous_12)
FN:168,(anonymous_13)
FN:169,(anonymous_14)
FN:172,(anonymous_15)
FN:175,(anonymous_16)
FN:183,(anonymous_17)
FN:186,(anonymous_18)
FN:187,(anonymous_19)
FN:190,(anonymous_20)
FN:193,(anonymous_21)
FN:201,(anonymous_22)
FN:202,(anonymous_23)
FN:205,(anonymous_24)
FN:208,(anonymous_25)
FN:216,(anonymous_26)
FN:219,(anonymous_27)
FN:220,(anonymous_28)
FN:221,(anonymous_29)
FN:233,(anonymous_30)
FN:235,(anonymous_31)
FN:241,(anonymous_32)
FN:246,(anonymous_33)
FN:253,(anonymous_34)
FN:256,(anonymous_35)
FN:261,(anonymous_36)
FN:269,(anonymous_37)
FN:272,(anonymous_38)
FN:275,(anonymous_39)
FN:277,(anonymous_40)
FN:284,(anonymous_41)
FN:303,(anonymous_42)
FN:306,(anonymous_43)
FN:322,(anonymous_44)
FN:338,(anonymous_45)
FN:341,(anonymous_46)
FN:357,(anonymous_47)
FN:373,(anonymous_48)
FN:376,(anonymous_49)
FNF:50
FNH:41
FNDA:1,(anonymous_0)
FNDA:2,(anonymous_1)
FNDA:8,(anonymous_2)
FNDA:4,(anonymous_3)
FNDA:1,(anonymous_4)
FNDA:1,(anonymous_5)
FNDA:3,(anonymous_6)
FNDA:1,(anonymous_7)
FNDA:4,(anonymous_8)
FNDA:4,(anonymous_9)
FNDA:4,(anonymous_10)
FNDA:1,(anonymous_11)
FNDA:0,(anonymous_12)
FNDA:1,(anonymous_13)
FNDA:1,(anonymous_14)
FNDA:0,(anonymous_15)
FNDA:0,(anonymous_16)
FNDA:4,(anonymous_17)
FNDA:4,(anonymous_18)
FNDA:4,(anonymous_19)
FNDA:0,(anonymous_20)
FNDA:0,(anonymous_21)
FNDA:1,(anonymous_22)
FNDA:1,(anonymous_23)
FNDA:0,(anonymous_24)
FNDA:0,(anonymous_25)
FNDA:3,(anonymous_26)
FNDA:3,(anonymous_27)
FNDA:0,(anonymous_28)
FNDA:0,(anonymous_29)
FNDA:2,(anonymous_30)
FNDA:2,(anonymous_31)
FNDA:1,(anonymous_32)
FNDA:1,(anonymous_33)
FNDA:1,(anonymous_34)
FNDA:1,(anonymous_35)
FNDA:1,(anonymous_36)
FNDA:2,(anonymous_37)
FNDA:2,(anonymous_38)
FNDA:2,(anonymous_39)
FNDA:2,(anonymous_40)
FNDA:3,(anonymous_41)
FNDA:2,(anonymous_42)
FNDA:2,(anonymous_43)
FNDA:1,(anonymous_44)
FNDA:3,(anonymous_45)
FNDA:3,(anonymous_46)
FNDA:1,(anonymous_47)
FNDA:1,(anonymous_48)
FNDA:43,(anonymous_49)
DA:59,1
DA:81,2
DA:82,2
DA:86,8
DA:87,8
DA:89,6
DA:90,6
DA:92,6
DA:94,5
DA:100,1
DA:102,6
DA:107,4
DA:108,4
DA:110,1
DA:111,1
DA:113,1
DA:115,1
DA:121,0
DA:123,1
DA:128,1
DA:129,1
DA:133,1
DA:136,3
DA:137,3
DA:138,3
DA:139,2
DA:141,1
DA:143,3
DA:147,1
DA:151,4
DA:153,4
DA:155,4
DA:158,1
DA:161,0
DA:165,4
DA:168,1
DA:170,1
DA:173,0
DA:176,0
DA:179,1
DA:184,4
DA:186,4
DA:188,4
DA:191,0
DA:194,0
DA:198,4
DA:201,1
DA:203,1
DA:206,0
DA:209,0
DA:212,1
DA:217,3
DA:219,3
DA:220,0
DA:221,0
DA:223,3
DA:225,2
DA:226,1
DA:228,1
DA:234,2
DA:235,2
DA:239,2
DA:241,1
DA:246,1
DA:249,1
DA:254,1
DA:256,1
DA:262,1
DA:266,1
DA:270,2
DA:272,2
DA:275,2
DA:278,2
DA:285,3
DA:286,3
DA:288,3
DA:289,2
DA:291,2
DA:296,1
DA:297,1
DA:299,3
DA:304,2
DA:306,2
DA:319,2
DA:322,1
DA:334,1
DA:339,3
DA:341,3
DA:354,3
DA:357,1
DA:369,1
DA:373,1
DA:377,43
LF:93
LH:83
BRDA:85,0,0,6
BRDA:87,1,0,2
BRDA:87,1,1,6
BRDA:87,2,0,8
BRDA:87,2,1,7
BRDA:90,3,0,2
BRDA:90,3,1,4
BRDA:108,4,0,3
BRDA:108,4,1,1
BRDA:108,5,0,4
BRDA:108,5,1,3
BRDA:108,5,2,2
BRDA:155,6,0,4
BRDA:155,6,1,0
BRDA:158,7,0,1
BRDA:158,7,1,0
BRDA:161,8,0,0
BRDA:161,8,1,0
BRDA:170,9,0,1
BRDA:170,9,1,0
BRDA:173,10,0,0
BRDA:173,10,1,0
BRDA:176,11,0,0
BRDA:176,11,1,0
BRDA:188,12,0,4
BRDA:188,12,1,0
BRDA:191,13,0,0
BRDA:191,13,1,0
BRDA:194,14,0,0
BRDA:194,14,1,0
BRDA:203,15,0,1
BRDA:203,15,1,0
BRDA:206,16,0,0
BRDA:206,16,1,0
BRDA:209,17,0,0
BRDA:209,17,1,0
BRDA:219,18,0,3
BRDA:219,18,1,1
BRDA:219,18,2,1
BRDA:223,19,0,1
BRDA:223,19,1,2
BRDA:225,20,0,1
BRDA:225,20,1,1
BRDA:259,21,0,1
BRDA:259,21,1,0
BRDA:262,22,0,1
BRDA:262,22,1,0
BRDA:275,23,0,2
BRDA:275,23,1,0
BRDA:278,24,0,2
BRDA:278,24,1,0
BRDA:307,25,0,2
BRDA:307,25,1,0
BRDA:323,26,0,1
BRDA:323,26,1,0
BRDA:342,27,0,3
BRDA:342,27,1,0
BRDA:358,28,0,1
BRDA:358,28,1,0
BRF:59
BRH:32
end_of_record
TN:
SF:src/store/historyStore.ts
FN:53,(anonymous_0)
FN:55,(anonymous_1)
FN:65,(anonymous_2)
FN:73,(anonymous_3)
FN:89,(anonymous_4)
FN:91,(anonymous_5)
FN:96,(anonymous_6)
FN:101,(anonymous_7)
FN:103,(anonymous_8)
FN:111,(anonymous_9)
FN:125,(anonymous_10)
FN:127,(anonymous_11)
FN:138,(anonymous_12)
FN:147,(anonymous_13)
FN:149,(anonymous_14)
FN:154,(anonymous_15)
FN:158,(anonymous_16)
FN:168,(anonymous_17)
FN:189,(anonymous_18)
FN:204,(anonymous_19)
FN:210,(anonymous_20)
FN:211,(anonymous_21)
FN:216,(anonymous_22)
FN:217,(anonymous_23)
FN:222,(anonymous_24)
FN:224,(anonymous_25)
FN:230,(anonymous_26)
FN:240,(anonymous_27)
FN:245,(anonymous_28)
FNF:29
FNH:29
FNDA:9,(anonymous_0)
FNDA:4,(anonymous_1)
FNDA:1,(anonymous_2)
FNDA:9,(anonymous_3)
FNDA:2,(anonymous_4)
FNDA:4,(anonymous_5)
FNDA:2,(anonymous_6)
FNDA:2,(anonymous_7)
FNDA:3,(anonymous_8)
FNDA:4,(anonymous_9)
FNDA:3,(anonymous_10)
FNDA:2,(anonymous_11)
FNDA:1,(anonymous_12)
FNDA:3,(anonymous_13)
FNDA:3,(anonymous_14)
FNDA:6,(anonymous_15)
FNDA:6,(anonymous_16)
FNDA:5,(anonymous_17)
FNDA:26,(anonymous_18)
FNDA:2,(anonymous_19)
FNDA:2,(anonymous_20)
FNDA:3,(anonymous_21)
FNDA:1,(anonymous_22)
FNDA:4,(anonymous_23)
FNDA:4,(anonymous_24)
FNDA:5,(anonymous_25)
FNDA:2,(anonymous_26)
FNDA:2,(anonymous_27)
FNDA:3,(anonymous_28)
DA:53,9
DA:55,1
DA:56,4
DA:57,4
DA:58,4
DA:65,1
DA:74,9
DA:76,9
DA:83,9
DA:85,9
DA:86,9
DA:90,2
DA:91,4
DA:92,2
DA:93,2
DA:97,2
DA:98,2
DA:102,2
DA:103,2
DA:104,3
DA:106,2
DA:107,2
DA:112,4
DA:114,4
DA:115,4
DA:121,4
DA:122,4
DA:126,3
DA:127,3
DA:129,3
DA:132,2
DA:133,1
DA:134,1
DA:138,1
DA:139,1
DA:140,1
DA:143,1
DA:144,1
DA:148,3
DA:149,3
DA:150,3
DA:151,3
DA:155,6
DA:156,6
DA:157,6
DA:158,6
DA:161,6
DA:162,2
DA:163,2
DA:169,5
DA:170,5
DA:173,4
DA:177,4
DA:183,4
DA:185,1
DA:190,26
DA:191,26
DA:192,26
DA:200,1
DA:205,2
DA:211,3
DA:217,4
DA:223,4
DA:224,5
DA:231,2
DA:232,2
DA:233,2
DA:234,2
DA:240,2
DA:246,3
LF:70
LH:70
BRDA:104,0,0,2
BRDA:104,0,1,1
BRDA:129,1,0,1
BRDA:129,1,1,2
BRDA:132,2,0,1
BRDA:132,2,1,1
BRDA:161,3,0,2
BRDA:161,3,1,4
BRDA:178,4,0,4
BRDA:178,4,1,1
BRDA:179,5,0,4
BRDA:179,5,1,1
BRDA:204,6,0,1
BRF:13
BRH:13
end_of_record
TN:
SF:src/store/paletteStore.ts
FN:48,(anonymous_0)
FN:50,(anonymous_1)
FN:62,(anonymous_2)
FN:64,(anonymous_3)
FN:66,(anonymous_4)
FN:69,(anonymous_5)
FN:78,(anonymous_6)
FN:94,(anonymous_7)
FN:101,(anonymous_8)
FN:114,(anonymous_9)
FN:119,(anonymous_10)
FN:120,(anonymous_11)
FN:125,(anonymous_12)
FN:132,(anonymous_13)
FN:140,(anonymous_14)
FN:150,(anonymous_15)
FN:152,(anonymous_16)
FN:157,(anonymous_17)
FN:159,(anonymous_18)
FN:172,(anonymous_19)
FN:175,(anonymous_20)
FN:180,(anonymous_21)
FN:183,(anonymous_22)
FN:186,(anonymous_23)
FNF:24
FNH:24
FNDA:37,(anonymous_0)
FNDA:1,(anonymous_1)
FNDA:5,(anonymous_2)
FNDA:15,(anonymous_3)
FNDA:3,(anonymous_4)
FNDA:15,(anonymous_5)
FNDA:35,(anonymous_6)
FNDA:2,(anonymous_7)
FNDA:3,(anonymous_8)
FNDA:3,(anonymous_9)
FNDA:8,(anonymous_10)
FNDA:6,(anonymous_11)
FNDA:2,(anonymous_12)
FNDA:6,(anonymous_13)
FNDA:1,(anonymous_14)
FNDA:40,(anonymous_15)
FNDA:1,(anonymous_16)
FNDA:3,(anonymous_17)
FNDA:4,(anonymous_18)
FNDA:3,(anonymous_19)
FNDA:4,(anonymous_20)
FNDA:2,(anonymous_21)
FNDA:8,(anonymous_22)
FNDA:32,(anonymous_23)
DA:48,37
DA:50,1
DA:62,5
DA:64,15
DA:66,3
DA:70,15
DA:71,3
DA:77,12
DA:78,35
DA:87,12
DA:95,2
DA:96,2
DA:97,2
DA:98,2
DA:102,3
DA:103,3
DA:105,2
DA:111,2
DA:115,3
DA:116,3
DA:118,2
DA:119,8
DA:120,6
DA:122,2
DA:126,2
DA:127,2
DA:128,2
DA:129,2
DA:132,6
DA:137,2
DA:141,1
DA:150,40
DA:153,1
DA:154,1
DA:158,3
DA:159,3
DA:160,4
DA:163,3
DA:173,3
DA:174,3
DA:175,4
DA:180,2
DA:183,8
DA:187,32
LF:44
LH:44
BRDA:70,0,0,3
BRDA:70,0,1,12
BRDA:103,1,0,1
BRDA:103,1,1,2
BRDA:116,2,0,1
BRDA:116,2,1,2
BRDA:160,3,0,3
BRDA:160,3,1,1
BRDA:166,4,0,1
BRDA:166,4,1,2
BRDA:176,5,0,1
BRDA:176,5,1,2
BRF:12
BRH:12
end_of_record
TN:
SF:src/utils/colorExtraction.ts
FN:30,extractColorsFromPixels
FN:51,(anonymous_1)
FN:58,(anonymous_2)
FN:62,(anonymous_3)
FN:63,(anonymous_4)
FN:71,(anonymous_5)
FN:97,samplePixels
FN:129,medianCut
FN:145,(anonymous_8)
FN:150,(anonymous_9)
FN:167,createBucket
FN:186,calculateCentroid
FN:192,(anonymous_12)
FN:210,kMeans
FN:215,(anonymous_14)
FN:233,(anonymous_15)
FN:239,(anonymous_16)
FN:261,(anonymous_17)
FN:267,colorDistance
FN:278,filterSimilarColors
FN:309,parseImageData
FN:321,adjustPaletteToReference
FN:327,(anonymous_22)
FN:345,generatePaletteFromColor
FN:410,hslToRgbHelper
FN:420,(anonymous_25)
FNF:26
FNH:24
FNDA:6,extractColorsFromPixels
FNDA:470,(anonymous_1)
FNDA:7,(anonymous_2)
FNDA:7,(anonymous_3)
FNDA:3,(anonymous_4)
FNDA:6,(anonymous_5)
FNDA:6,samplePixels
FNDA:936,medianCut
FNDA:1398,(anonymous_8)
FNDA:3901,(anonymous_9)
FNDA:936,createBucket
FNDA:526,calculateCentroid
FNDA:4950,(anonymous_12)
FNDA:4,kMeans
FNDA:3760,(anonymous_14)
FNDA:3760,(anonymous_15)
FNDA:470,(anonymous_16)
FNDA:470,(anonymous_17)
FNDA:1474200,colorDistance
FNDA:4,filterSimilarColors
FNDA:1,parseImageData
FNDA:0,adjustPaletteToReference
FNDA:0,(anonymous_22)
FNDA:5,generatePaletteFromColor
FNDA:18,hslToRgbHelper
FNDA:30,(anonymous_25)
DA:23,1
DA:24,1
DA:25,1
DA:34,6
DA:38,6
DA:41,6
DA:43,6
DA:44,2
DA:48,4
DA:51,470
DA:54,4
DA:57,4
DA:58,7
DA:62,7
DA:63,3
DA:66,4
DA:69,4
DA:72,6
DA:73,6
DA:74,6
DA:75,6
DA:76,6
DA:85,4
DA:87,4
DA:98,6
DA:99,6
DA:102,6
DA:103,6
DA:104,6
DA:106,6
DA:107,55
DA:108,575
DA:109,575
DA:110,575
DA:111,575
DA:112,575
DA:115,575
DA:116,25
DA:119,550
DA:123,6
DA:130,936
DA:131,936
DA:132,470
DA:135,466
DA:138,466
DA:144,466
DA:145,1398
DA:150,3901
DA:153,466
DA:154,466
DA:155,466
DA:158,466
DA:168,936
DA:169,936
DA:171,936
DA:172,4674
DA:173,4674
DA:174,4674
DA:175,4674
DA:176,4674
DA:177,4674
DA:180,936
DA:187,526
DA:188,0
DA:191,526
DA:192,4950
DA:200,526
DA:211,4
DA:213,4
DA:215,3760
DA:217,32
DA:218,4400
DA:219,4400
DA:221,4400
DA:222,1310400
DA:223,1310400
DA:224,5600
DA:225,5600
DA:229,4400
DA:233,32
DA:234,3760
DA:239,470
DA:246,4
DA:247,550
DA:248,550
DA:250,550
DA:251,163800
DA:252,163800
DA:253,700
DA:254,700
DA:258,550
DA:261,470
DA:268,1474200
DA:282,4
DA:284,4
DA:285,7
DA:287,7
DA:288,4
DA:289,4
DA:291,0
DA:292,0
DA:293,0
DA:297,7
DA:298,7
DA:302,4
DA:314,1
DA:325,0
DA:327,0
DA:329,0
DA:330,0
DA:332,0
DA:338,0
DA:346,5
DA:347,5
DA:349,5
DA:352,4
DA:353,4
DA:358,4
DA:366,4
DA:367,3
DA:372,3
DA:379,4
DA:380,1
DA:385,1
DA:393,4
DA:394,1
DA:399,1
DA:406,4
DA:411,18
DA:412,18
DA:413,18
DA:417,18
DA:418,8
DA:420,10
DA:421,30
DA:422,30
DA:423,30
DA:424,26
DA:425,16
DA:426,10
DA:429,10
DA:430,10
DA:432,10
DA:433,10
DA:434,10
DA:437,18
LF:146
LH:136
BRDA:32,0,0,3
BRDA:36,1,0,4
BRDA:37,2,0,5
BRDA:43,3,0,2
BRDA:43,3,1,4
BRDA:115,4,0,25
BRDA:115,4,1,550
BRDA:115,5,0,575
BRDA:115,5,1,525
BRDA:130,6,0,0
BRDA:130,6,1,936
BRDA:131,7,0,470
BRDA:131,7,1,466
BRDA:131,8,0,936
BRDA:131,8,1,916
BRDA:145,9,0,3
BRDA:145,9,1,1395
BRDA:187,10,0,0
BRDA:187,10,1,526
BRDA:223,11,0,5600
BRDA:223,11,1,1304800
BRDA:234,12,0,56
BRDA:234,12,1,3704
BRDA:252,13,0,700
BRDA:252,13,1,163100
BRDA:289,14,0,0
BRDA:289,14,1,4
BRDA:297,15,0,7
BRDA:297,15,1,0
BRDA:345,16,0,0
BRDA:349,17,0,1
BRDA:349,17,1,4
BRDA:352,18,0,4
BRDA:352,18,1,0
BRDA:366,19,0,3
BRDA:366,19,1,1
BRDA:379,20,0,1
BRDA:379,20,1,3
BRDA:393,21,0,1
BRDA:393,21,1,3
BRDA:417,22,0,8
BRDA:417,22,1,10
BRDA:421,23,0,2
BRDA:421,23,1,28
BRDA:422,24,0,2
BRDA:422,24,1,28
BRDA:423,25,0,4
BRDA:423,25,1,26
BRDA:424,26,0,10
BRDA:424,26,1,16
BRDA:425,27,0,6
BRDA:425,27,1,10
BRDA:429,28,0,0
BRDA:429,28,1,10
BRF:54
BRH:47
end_of_record
TN:
SF:src/utils/colorNames.ts
FN:168,colorDistance
FN:191,getColorName
FN:219,getColorsByCategory
FN:242,searchColorsByName
FN:244,(anonymous_4)
FN:252,getRandomColor
FN:260,getAllNamedColors
FNF:7
FNH:2
FNDA:786,colorDistance
FNDA:6,getColorName
FNDA:0,getColorsByCategory
FNDA:0,searchColorsByName
FNDA:0,(anonymous_4)
FNDA:0,getRandomColor
FNDA:0,getAllNamedColors
DA:12,1
DA:171,786
DA:172,786
DA:173,786
DA:174,786
DA:177,786
DA:178,786
DA:179,786
DA:181,786
DA:192,6
DA:193,6
DA:195,6
DA:196,786
DA:197,786
DA:198,41
DA:199,41
DA:204,6
DA:205,6
DA:207,6
DA:208,0
DA:209,6
DA:210,0
DA:213,6
DA:220,0
DA:233,0
DA:234,0
DA:236,0
DA:243,0
DA:244,0
DA:245,0
DA:253,0
DA:254,0
DA:261,0
LF:33
LH:21
BRDA:197,0,0,41
BRDA:197,0,1,745
BRDA:207,1,0,0
BRDA:207,1,1,6
BRDA:209,2,0,0
BRDA:209,2,1,6
BRDA:234,3,0,0
BRDA:234,3,1,0
BRF:8
BRH:4
end_of_record
TN:
SF:src/utils/colors.ts
FN:6,hexToRgb
FN:21,rgbToHex
FN:22,(anonymous_2)
FN:32,rgbToHsl
FN:70,hslToRgb
FN:80,(anonymous_5)
FN:107,deltaE
FN:109,(anonymous_7)
FN:122,(anonymous_8)
FN:145,getComplementary
FN:156,getAnalogous
FN:166,getTriadic
FN:176,getSplitComplementary
FN:186,lighten
FN:197,darken
FN:208,saturate
FN:219,desaturate
FN:230,getContrastRatio
FN:231,(anonymous_18)
FN:232,(anonymous_19)
FN:251,isLightColor
FN:259,getTextColor
FN:268,createColorFromHex
FN:277,createColorFromRgb
FN:286,createColorFromHsl
FNF:25
FNH:25
FNDA:16,hexToRgb
FNDA:31,rgbToHex
FNDA:93,(anonymous_2)
FNDA:31,rgbToHsl
FNDA:10,hslToRgb
FNDA:21,(anonymous_5)
FNDA:9,deltaE
FNDA:18,(anonymous_7)
FNDA:90,(anonymous_8)
FNDA:3,getComplementary
FNDA:2,getAnalogous
FNDA:1,getTriadic
FNDA:1,getSplitComplementary
FNDA:2,lighten
FNDA:2,darken
FNDA:2,saturate
FNDA:2,desaturate
FNDA:4,getContrastRatio
FNDA:8,(anonymous_18)
FNDA:24,(anonymous_19)
FNDA:10,isLightColor
FNDA:4,getTextColor
FNDA:2,createColorFromHex
FNDA:6,createColorFromRgb
FNDA:1,createColorFromHsl
DA:7,16
DA:8,16
DA:9,3
DA:11,13
DA:22,31
DA:23,93
DA:24,93
DA:26,31
DA:33,31
DA:34,31
DA:35,31
DA:37,31
DA:38,31
DA:39,31
DA:40,31
DA:41,31
DA:43,31
DA:44,24
DA:45,24
DA:47,24
DA:49,15
DA:50,15
DA:52,5
DA:53,5
DA:55,4
DA:56,4
DA:60,31
DA:71,10
DA:72,10
DA:73,10
DA:77,10
DA:78,3
DA:80,7
DA:81,21
DA:82,21
DA:83,21
DA:84,16
DA:85,9
DA:86,8
DA:89,7
DA:90,7
DA:92,7
DA:93,7
DA:94,7
DA:97,10
DA:109,9
DA:110,18
DA:111,18
DA:112,18
DA:114,18
DA:115,18
DA:116,18
DA:118,18
DA:119,18
DA:120,18
DA:122,18
DA:123,90
DA:125,18
DA:132,9
DA:133,9
DA:135,9
DA:146,3
DA:157,2
DA:167,1
DA:177,1
DA:187,2
DA:198,2
DA:209,2
DA:220,2
DA:231,4
DA:232,8
DA:233,24
DA:234,24
DA:236,8
DA:239,4
DA:240,4
DA:242,4
DA:243,4
DA:245,4
DA:252,10
DA:253,10
DA:260,4
DA:269,2
DA:270,2
DA:271,2
DA:278,6
DA:279,6
DA:280,6
DA:287,1
DA:288,1
DA:289,1
LF:91
LH:91
BRDA:8,0,0,3
BRDA:8,0,1,13
BRDA:24,1,0,28
BRDA:24,1,1,65
BRDA:43,2,0,24
BRDA:43,2,1,7
BRDA:45,3,0,13
BRDA:45,3,1,11
BRDA:47,4,0,15
BRDA:47,4,1,5
BRDA:47,4,2,4
BRDA:49,5,0,1
BRDA:49,5,1,14
BRDA:77,6,0,3
BRDA:77,6,1,7
BRDA:81,7,0,3
BRDA:81,7,1,18
BRDA:82,8,0,0
BRDA:82,8,1,21
BRDA:83,9,0,5
BRDA:83,9,1,16
BRDA:84,10,0,7
BRDA:84,10,1,9
BRDA:85,11,0,1
BRDA:85,11,1,8
BRDA:89,12,0,0
BRDA:89,12,1,7
BRDA:114,13,0,12
BRDA:114,13,1,6
BRDA:115,14,0,11
BRDA:115,14,1,7
BRDA:116,15,0,10
BRDA:116,15,1,8
BRDA:123,16,0,85
BRDA:123,16,1,5
BRDA:234,17,0,3
BRDA:234,17,1,21
BRDA:260,18,0,2
BRDA:260,18,1,2
BRF:39
BRH:37
end_of_record
TN:
SF:src/utils/storage.ts
FN:23,(anonymous_0)
FN:36,(anonymous_1)
FN:49,(anonymous_2)
FN:56,(anonymous_3)
FN:63,(anonymous_4)
FNF:5
FNH:5
FNDA:7,(anonymous_0)
FNDA:9,(anonymous_1)
FNDA:2,(anonymous_2)
FNDA:1,(anonymous_3)
FNDA:3,(anonymous_4)
DA:4,1
DA:9,1
DA:19,1
DA:24,7
DA:25,7
DA:26,7
DA:28,1
DA:29,1
DA:37,9
DA:38,9
DA:39,8
DA:41,1
DA:42,1
DA:50,2
DA:57,1
DA:64,3
LF:16
LH:16
BRDA:26,0,0,6
BRDA:26,0,1,1
BRF:2
BRH:2
end_of_record
